{"uid":"970b332da3e34a0","name":"User is able to add a book into his collection from Book Store","fullName":"sample.automation.tests.ui.AddBookIntoCollectionTest.demo_003","historyId":"c2fdfc28e4f0c42baf66ae81f0f0b31","time":{"start":1734934867958,"stop":1734934875430,"duration":7472},"status":"failed","statusMessage":"\nExpected: element is displayed on page\n     but: element <addToCollectionButton> is not displayed on page","statusTrace":"java.lang.AssertionError: \nExpected: element is displayed on page\n     but: element <addToCollectionButton> is not displayed on page\n\tat io.qameta.atlas.webdriver.extension.ShouldMethodExtension.invoke(ShouldMethodExtension.java:39)\n\tat io.qameta.atlas.core.internal.AtlasMethodHandler.invokeWithRetry(AtlasMethodHandler.java:64)\n\tat io.qameta.atlas.core.internal.AtlasMethodHandler.invoke(AtlasMethodHandler.java:40)\n\tat jdk.proxy2/jdk.proxy2.$Proxy55.should(Unknown Source)\n\tat sample.automation.atlas.AtlasWebElement.clickIfDisplayed(AtlasWebElement.java:181)\n\tat java.base/java.lang.invoke.MethodHandle.invokeWithArguments(MethodHandle.java:732)\n\tat io.qameta.atlas.core.internal.DefaultMethodExtension.invoke(DefaultMethodExtension.java:51)\n\tat io.qameta.atlas.core.internal.AtlasMethodHandler.invokeWithRetry(AtlasMethodHandler.java:64)\n\tat io.qameta.atlas.core.internal.AtlasMethodHandler.invoke(AtlasMethodHandler.java:40)\n\tat jdk.proxy2/jdk.proxy2.$Proxy55.clickIfDisplayed(Unknown Source)\n\tat sample.automation.steps.ui.pages.BookStoreSteps.clickOnAddToCollectionButton(BookStoreSteps.java:59)\n\tat sample.automation.tests.ui.AddBookIntoCollectionTest.demo_003(AddBookIntoCollectionTest.java:57)\n\tat java.base/jdk.internal.reflect.NativeMethodAccessorImpl.invoke0(Native Method)\n\tat java.base/jdk.internal.reflect.NativeMethodAccessorImpl.invoke(NativeMethodAccessorImpl.java:77)\n\tat java.base/jdk.internal.reflect.DelegatingMethodAccessorImpl.invoke(DelegatingMethodAccessorImpl.java:43)\n\tat java.base/java.lang.reflect.Method.invoke(Method.java:569)\n\tat org.testng.internal.invokers.MethodInvocationHelper.invokeMethod(MethodInvocationHelper.java:139)\n\tat org.testng.internal.invokers.TestInvoker.invokeMethod(TestInvoker.java:664)\n\tat org.testng.internal.invokers.TestInvoker.retryFailed(TestInvoker.java:248)\n\tat org.testng.internal.invokers.MethodRunner.runInSequence(MethodRunner.java:62)\n\tat org.testng.internal.invokers.TestInvoker$MethodInvocationAgent.invoke(TestInvoker.java:957)\n\tat org.testng.internal.invokers.TestInvoker.invokeTestMethods(TestInvoker.java:200)\n\tat org.testng.internal.invokers.TestMethodWorker.invokeTestMethods(TestMethodWorker.java:148)\n\tat org.testng.internal.invokers.TestMethodWorker.run(TestMethodWorker.java:128)\n\tat java.base/java.util.concurrent.ThreadPoolExecutor.runWorker(ThreadPoolExecutor.java:1136)\n\tat java.base/java.util.concurrent.ThreadPoolExecutor$Worker.run(ThreadPoolExecutor.java:635)\n\tat java.base/java.lang.Thread.run(Thread.java:840)\n","flaky":false,"newFailed":false,"newBroken":false,"newPassed":false,"retriesCount":1,"retriesStatusChange":true,"beforeStages":[{"name":"logBeforeTestsSet","time":{"start":1734934846926,"stop":1734934846946,"duration":20},"description":"","status":"passed","steps":[],"attachments":[],"parameters":[],"shouldDisplayMessage":false,"stepsCount":0,"attachmentsCount":0,"hasContent":false,"attachmentStep":false},{"name":"logBeforeClass","time":{"start":1734934846964,"stop":1734934846965,"duration":1},"description":"","status":"passed","steps":[],"attachments":[],"parameters":[],"shouldDisplayMessage":false,"stepsCount":0,"attachmentsCount":0,"hasContent":false,"attachmentStep":false},{"name":"initBaseSteps","time":{"start":1734934846967,"stop":1734934850351,"duration":3384},"description":"","status":"passed","steps":[],"attachments":[],"parameters":[],"shouldDisplayMessage":false,"stepsCount":0,"attachmentsCount":0,"hasContent":false,"attachmentStep":false},{"name":"loginAndGetDataForTests","time":{"start":1734934850351,"stop":1734934856234,"duration":5883},"description":"","status":"passed","steps":[{"name":"Login as 'User[username=user1,role=<null>] user","time":{"start":1734934850352,"stop":1734934856234,"duration":5882},"status":"passed","steps":[{"name":"navigateToPage","time":{"start":1734934850364,"stop":1734934854117,"duration":3753},"status":"passed","steps":[],"attachments":[],"parameters":[{"name":"targetStepsClass","value":"class sample.automation.steps.ui.pages.LoginSteps"}],"shouldDisplayMessage":false,"stepsCount":0,"attachmentsCount":0,"hasContent":true,"attachmentStep":false},{"name":"loginPageShouldBeOpened","time":{"start":1734934854117,"stop":1734934854412,"duration":295},"status":"passed","steps":[{"name":"signInFormShouldBeDisplayed","time":{"start":1734934854155,"stop":1734934854412,"duration":257},"status":"passed","steps":[],"attachments":[],"parameters":[],"shouldDisplayMessage":false,"stepsCount":0,"attachmentsCount":0,"hasContent":false,"attachmentStep":false}],"attachments":[],"parameters":[],"shouldDisplayMessage":false,"stepsCount":1,"attachmentsCount":0,"hasContent":true,"attachmentStep":false},{"name":"Do login with credentials","time":{"start":1734934854413,"stop":1734934855153,"duration":740},"status":"passed","steps":[{"name":"enterUsername","time":{"start":1734934854413,"stop":1734934854754,"duration":341},"status":"passed","steps":[],"attachments":[],"parameters":[{"name":"username","value":"user1"}],"shouldDisplayMessage":false,"stepsCount":0,"attachmentsCount":0,"hasContent":true,"attachmentStep":false},{"name":"enterPassword","time":{"start":1734934854754,"stop":1734934854922,"duration":168},"status":"passed","steps":[],"attachments":[],"parameters":[{"name":"password","value":"Test@123"}],"shouldDisplayMessage":false,"stepsCount":0,"attachmentsCount":0,"hasContent":true,"attachmentStep":false},{"name":"clickOnLoginButton","time":{"start":1734934854922,"stop":1734934855143,"duration":221},"status":"passed","steps":[],"attachments":[],"parameters":[],"shouldDisplayMessage":false,"stepsCount":0,"attachmentsCount":0,"hasContent":false,"attachmentStep":false}],"attachments":[],"parameters":[{"name":"userName","value":"user1"},{"name":"password","value":"Test@123"}],"shouldDisplayMessage":false,"stepsCount":3,"attachmentsCount":0,"hasContent":true,"attachmentStep":false},{"name":"profilePageShouldBeOpened","time":{"start":1734934855154,"stop":1734934856212,"duration":1058},"status":"passed","steps":[],"attachments":[],"parameters":[],"shouldDisplayMessage":false,"stepsCount":0,"attachmentsCount":0,"hasContent":false,"attachmentStep":false},{"name":"setAuthToken","time":{"start":1734934856234,"stop":1734934856234,"duration":0},"status":"passed","steps":[],"attachments":[],"parameters":[{"name":"idToken","value":"eyJhbGciOiJIUzI1NiIsInR5cCI6IkpXVCJ9.eyJ1c2VyTmFtZSI6InVzZXIxIiwicGFzc3dvcmQiOiJUZXN0QDEyMyIsImlhdCI6MTczNDkzNDg1NX0.BG661DrpohFZnIlabPfnG5FQH6gERsIIudzHgCIzCNw"}],"shouldDisplayMessage":false,"stepsCount":0,"attachmentsCount":0,"hasContent":true,"attachmentStep":false}],"attachments":[],"parameters":[{"name":"user","value":"User[username=user1,role=<null>]"}],"shouldDisplayMessage":false,"stepsCount":9,"attachmentsCount":0,"hasContent":true,"attachmentStep":false}],"attachments":[],"parameters":[],"shouldDisplayMessage":false,"stepsCount":10,"attachmentsCount":0,"hasContent":true,"attachmentStep":false},{"name":"deleteTestBookFromCollectionAndReopenBookStore","time":{"start":1734934866456,"stop":1734934867956,"duration":1500},"description":"","status":"passed","steps":[{"name":"Get books collection for 'cc8d82b7-1b82-4528-a3ef-165d93e9cc73' user ID","time":{"start":1734934866456,"stop":1734934866805,"duration":349},"status":"passed","steps":[{"name":"GET /User/..","time":{"start":1734934866457,"stop":1734934866788,"duration":331},"status":"passed","steps":[],"attachments":[],"parameters":[{"name":"userId","value":"cc8d82b7-1b82-4528-a3ef-165d93e9cc73"}],"shouldDisplayMessage":false,"stepsCount":0,"attachmentsCount":0,"hasContent":true,"attachmentStep":false}],"attachments":[],"parameters":[{"name":"userId","value":"cc8d82b7-1b82-4528-a3ef-165d93e9cc73"}],"shouldDisplayMessage":false,"stepsCount":1,"attachmentsCount":0,"hasContent":true,"attachmentStep":false},{"name":"navigateToPage","time":{"start":1734934866805,"stop":1734934867948,"duration":1143},"status":"passed","steps":[],"attachments":[],"parameters":[{"name":"targetStepsClass","value":"class sample.automation.steps.ui.pages.BookStoreSteps"}],"shouldDisplayMessage":false,"stepsCount":0,"attachmentsCount":0,"hasContent":true,"attachmentStep":false},{"name":"Book Store page is opened","time":{"start":1734934867948,"stop":1734934867956,"duration":8},"status":"passed","steps":[],"attachments":[],"parameters":[],"shouldDisplayMessage":false,"stepsCount":0,"attachmentsCount":0,"hasContent":false,"attachmentStep":false}],"attachments":[],"parameters":[],"shouldDisplayMessage":false,"stepsCount":4,"attachmentsCount":0,"hasContent":true,"attachmentStep":false},{"name":"logBeforeMethod","time":{"start":1734934866456,"stop":1734934866456,"duration":0},"description":"","status":"passed","steps":[],"attachments":[],"parameters":[],"shouldDisplayMessage":false,"stepsCount":0,"attachmentsCount":0,"hasContent":false,"attachmentStep":false}],"testStage":{"status":"failed","statusMessage":"\nExpected: element is displayed on page\n     but: element <addToCollectionButton> is not displayed on page","statusTrace":"java.lang.AssertionError: \nExpected: element is displayed on page\n     but: element <addToCollectionButton> is not displayed on page\n\tat io.qameta.atlas.webdriver.extension.ShouldMethodExtension.invoke(ShouldMethodExtension.java:39)\n\tat io.qameta.atlas.core.internal.AtlasMethodHandler.invokeWithRetry(AtlasMethodHandler.java:64)\n\tat io.qameta.atlas.core.internal.AtlasMethodHandler.invoke(AtlasMethodHandler.java:40)\n\tat jdk.proxy2/jdk.proxy2.$Proxy55.should(Unknown Source)\n\tat sample.automation.atlas.AtlasWebElement.clickIfDisplayed(AtlasWebElement.java:181)\n\tat java.base/java.lang.invoke.MethodHandle.invokeWithArguments(MethodHandle.java:732)\n\tat io.qameta.atlas.core.internal.DefaultMethodExtension.invoke(DefaultMethodExtension.java:51)\n\tat io.qameta.atlas.core.internal.AtlasMethodHandler.invokeWithRetry(AtlasMethodHandler.java:64)\n\tat io.qameta.atlas.core.internal.AtlasMethodHandler.invoke(AtlasMethodHandler.java:40)\n\tat jdk.proxy2/jdk.proxy2.$Proxy55.clickIfDisplayed(Unknown Source)\n\tat sample.automation.steps.ui.pages.BookStoreSteps.clickOnAddToCollectionButton(BookStoreSteps.java:59)\n\tat sample.automation.tests.ui.AddBookIntoCollectionTest.demo_003(AddBookIntoCollectionTest.java:57)\n\tat java.base/jdk.internal.reflect.NativeMethodAccessorImpl.invoke0(Native Method)\n\tat java.base/jdk.internal.reflect.NativeMethodAccessorImpl.invoke(NativeMethodAccessorImpl.java:77)\n\tat java.base/jdk.internal.reflect.DelegatingMethodAccessorImpl.invoke(DelegatingMethodAccessorImpl.java:43)\n\tat java.base/java.lang.reflect.Method.invoke(Method.java:569)\n\tat org.testng.internal.invokers.MethodInvocationHelper.invokeMethod(MethodInvocationHelper.java:139)\n\tat org.testng.internal.invokers.TestInvoker.invokeMethod(TestInvoker.java:664)\n\tat org.testng.internal.invokers.TestInvoker.retryFailed(TestInvoker.java:248)\n\tat org.testng.internal.invokers.MethodRunner.runInSequence(MethodRunner.java:62)\n\tat org.testng.internal.invokers.TestInvoker$MethodInvocationAgent.invoke(TestInvoker.java:957)\n\tat org.testng.internal.invokers.TestInvoker.invokeTestMethods(TestInvoker.java:200)\n\tat org.testng.internal.invokers.TestMethodWorker.invokeTestMethods(TestMethodWorker.java:148)\n\tat org.testng.internal.invokers.TestMethodWorker.run(TestMethodWorker.java:128)\n\tat java.base/java.util.concurrent.ThreadPoolExecutor.runWorker(ThreadPoolExecutor.java:1136)\n\tat java.base/java.util.concurrent.ThreadPoolExecutor$Worker.run(ThreadPoolExecutor.java:635)\n\tat java.base/java.lang.Thread.run(Thread.java:840)\n","steps":[{"name":"Click on '9781593275846' book title-link in the books table","time":{"start":1734934867958,"stop":1734934868586,"duration":628},"status":"passed","steps":[],"attachments":[],"parameters":[{"name":"isbn","value":"9781593275846"}],"shouldDisplayMessage":false,"stepsCount":0,"attachmentsCount":0,"hasContent":true,"attachmentStep":false},{"name":"Book Store page is opened","time":{"start":1734934868586,"stop":1734934868596,"duration":10},"status":"passed","steps":[],"attachments":[],"parameters":[{"name":"isbn","value":"9781593275846"}],"shouldDisplayMessage":false,"stepsCount":0,"attachmentsCount":0,"hasContent":true,"attachmentStep":false},{"name":"Click on Add To Your Collection button on book details","time":{"start":1734934868596,"stop":1734934875247,"duration":6651},"status":"failed","statusMessage":"\nExpected: element is displayed on page\n     but: element <addToCollectionButton> is not displayed on page","statusTrace":"java.lang.AssertionError: \nExpected: element is displayed on page\n     but: element <addToCollectionButton> is not displayed on page\n\tat io.qameta.atlas.webdriver.extension.ShouldMethodExtension.invoke(ShouldMethodExtension.java:39)\n\tat io.qameta.atlas.core.internal.AtlasMethodHandler.invokeWithRetry(AtlasMethodHandler.java:64)\n\tat io.qameta.atlas.core.internal.AtlasMethodHandler.invoke(AtlasMethodHandler.java:40)\n\tat jdk.proxy2/jdk.proxy2.$Proxy55.should(Unknown Source)\n\tat sample.automation.atlas.AtlasWebElement.clickIfDisplayed(AtlasWebElement.java:181)\n\tat java.base/java.lang.invoke.MethodHandle.invokeWithArguments(MethodHandle.java:732)\n\tat io.qameta.atlas.core.internal.DefaultMethodExtension.invoke(DefaultMethodExtension.java:51)\n\tat io.qameta.atlas.core.internal.AtlasMethodHandler.invokeWithRetry(AtlasMethodHandler.java:64)\n\tat io.qameta.atlas.core.internal.AtlasMethodHandler.invoke(AtlasMethodHandler.java:40)\n\tat jdk.proxy2/jdk.proxy2.$Proxy55.clickIfDisplayed(Unknown Source)\n\tat sample.automation.steps.ui.pages.BookStoreSteps.clickOnAddToCollectionButton(BookStoreSteps.java:59)\n\tat sample.automation.tests.ui.AddBookIntoCollectionTest.demo_003(AddBookIntoCollectionTest.java:57)\n\tat java.base/jdk.internal.reflect.NativeMethodAccessorImpl.invoke0(Native Method)\n\tat java.base/jdk.internal.reflect.NativeMethodAccessorImpl.invoke(NativeMethodAccessorImpl.java:77)\n\tat java.base/jdk.internal.reflect.DelegatingMethodAccessorImpl.invoke(DelegatingMethodAccessorImpl.java:43)\n\tat java.base/java.lang.reflect.Method.invoke(Method.java:569)\n\tat org.testng.internal.invokers.MethodInvocationHelper.invokeMethod(MethodInvocationHelper.java:139)\n\tat org.testng.internal.invokers.TestInvoker.invokeMethod(TestInvoker.java:664)\n\tat org.testng.internal.invokers.TestInvoker.retryFailed(TestInvoker.java:248)\n\tat org.testng.internal.invokers.MethodRunner.runInSequence(MethodRunner.java:62)\n\tat org.testng.internal.invokers.TestInvoker$MethodInvocationAgent.invoke(TestInvoker.java:957)\n\tat org.testng.internal.invokers.TestInvoker.invokeTestMethods(TestInvoker.java:200)\n\tat org.testng.internal.invokers.TestMethodWorker.invokeTestMethods(TestMethodWorker.java:148)\n\tat org.testng.internal.invokers.TestMethodWorker.run(TestMethodWorker.java:128)\n\tat java.base/java.util.concurrent.ThreadPoolExecutor.runWorker(ThreadPoolExecutor.java:1136)\n\tat java.base/java.util.concurrent.ThreadPoolExecutor$Worker.run(ThreadPoolExecutor.java:635)\n\tat java.base/java.lang.Thread.run(Thread.java:840)\n","steps":[],"attachments":[],"parameters":[],"shouldDisplayMessage":true,"stepsCount":0,"attachmentsCount":0,"hasContent":true,"attachmentStep":false}],"attachments":[{"uid":"2016a64e999cf8a0","name":"Page screenshot sample.automation.tests.ui.AddBookIntoCollectionTest_demo_003_2024-12-23_06-21-15","source":"2016a64e999cf8a0.png","type":"image/png","size":54715}],"parameters":[],"shouldDisplayMessage":false,"stepsCount":3,"attachmentsCount":1,"hasContent":true,"attachmentStep":false},"afterStages":[{"name":"logAfterMethod","time":{"start":1734934875433,"stop":1734934875434,"duration":1},"description":"","status":"passed","steps":[],"attachments":[],"parameters":[],"shouldDisplayMessage":false,"stepsCount":0,"attachmentsCount":0,"hasContent":false,"attachmentStep":false},{"name":"checkConsoleErrors","time":{"start":1734934875435,"stop":1734934875443,"duration":8},"description":"","status":"broken","statusMessage":"There are unexpected errors in the browser console!\nSEVERE https://cdn-ima.33across.com/ob.js 0:17306 \"33Across Lexicon ID Mappings Provider: PID not found\"\nWARNING https://securepubads.g.doubleclick.net/pagead/managed/js/gpt/m202412090101/pubads_impl.js 32:362605 \"[GPT] Interstitial /21849154601,22343295815/Ad.Plus-300x250 not requested: Format already created on the page.\\nhttps://goo.gle/gpt-message#134\"\nWARNING https://securepubads.g.doubleclick.net/pagead/managed/js/gpt/m202412090101/pubads_impl.js 32:362605 \"[GPT] Interstitial /21849154601,22343295815/Ad.Plus-300x250 not requested: Format already created on the page.\\nhttps://goo.gle/gpt-message#134\"\nWARNING https://securepubads.g.doubleclick.net/pagead/managed/js/gpt/m202412090101/pubads_impl.js 32:362605 \"[GPT] Interstitial /21849154601,22343295815/Ad.Plus-300x250 not requested: Format already created on the page.\\nhttps://goo.gle/gpt-message#134\"\nWARNING https://securepubads.g.doubleclick.net/pagead/managed/js/gpt/m202412090101/pubads_impl.js 32:362605 \"[GPT] Interstitial /21849154601,22343295815/Ad.Plus-300x250 not requested: Format already created on the page.\\nhttps://goo.gle/gpt-message#134\"\nSEVERE https://cdn.ad.plus/player/adplus.js 429:375 Uncaught TypeError: c(...).setup is not a function\nSEVERE https://cdn.ad.plus/player/adplus.js 429:375 Uncaught TypeError: c(...).setup is not a function\nWARNING https://securepubads.g.doubleclick.net/pagead/managed/js/gpt/m202412090101/pubads_impl.js 32:362605 \"[GPT] Interstitial /21849154601,22343295815/Ad.Plus-300x250 not requested: Format already created on the page.\\nhttps://goo.gle/gpt-message#134\"\nWARNING https://securepubads.g.doubleclick.net/pagead/managed/js/gpt/m202412090101/pubads_impl.js 32:362605 \"[GPT] Interstitial /21849154601,22343295815/Ad.Plus-300x250 not requested: Format already created on the page.\\nhttps://goo.gle/gpt-message#134\"\nWARNING https://securepubads.g.doubleclick.net/pagead/managed/js/gpt/m202412090101/pubads_impl.js 32:362605 \"[GPT] Interstitial /21849154601,22343295815/Ad.Plus-300x250 not requested: Format already created on the page.\\nhttps://goo.gle/gpt-message#134\"\nWARNING https://securepubads.g.doubleclick.net/pagead/managed/js/gpt/m202412090101/pubads_impl.js 32:362605 \"[GPT] Interstitial /21849154601,22343295815/Ad.Plus-300x250 not requested: Format already created on the page.\\nhttps://goo.gle/gpt-message#134\"\nSEVERE https://cdn.ad.plus/player/adplus.js 429:375 Uncaught TypeError: c(...).setup is not a function\nSEVERE https://demoqa.com/bundle.js 62:82411 ReferenceError: props is not defined\n    at t.value (https://demoqa.com/bundle.js:95:336442)\n    at Li (https://demoqa.com/bundle.js:63:69906)\n    at Fi (https://demoqa.com/bundle.js:63:69701)\n    at vl (https://demoqa.com/bundle.js:63:105445)\n    at us (https://demoqa.com/bundle.js:63:96694)\n    at ls (https://demoqa.com/bundle.js:63:96619)\n    at Zl (https://demoqa.com/bundle.js:63:93700)\n    at https://demoqa.com/bundle.js:63:45362\n    at t.unstable_runWithPriority (https://demoqa.com/bundle.js:71:3844)\n    at Ha (https://demoqa.com/bundle.js:63:45071)\nWARNING https://securepubads.g.doubleclick.net/pagead/managed/js/gpt/m202412090101/pubads_impl.js 32:362605 \"[GPT] Interstitial /21849154601,22343295815/Ad.Plus-300x250 not requested: Format already created on the page.\\nhttps://goo.gle/gpt-message#134\"\nWARNING https://securepubads.g.doubleclick.net/pagead/managed/js/gpt/m202412090101/pubads_impl.js 32:362605 \"[GPT] Interstitial /21849154601,22343295815/Ad.Plus-300x250 not requested: Format already created on the page.\\nhttps://goo.gle/gpt-message#134\"\nWARNING https://securepubads.g.doubleclick.net/pagead/managed/js/gpt/m202412090101/pubads_impl.js 32:362605 \"[GPT] Interstitial /21849154601,22343295815/Ad.Plus-300x250 not requested: Format already created on the page.\\nhttps://goo.gle/gpt-message#134\"\nWARNING https://securepubads.g.doubleclick.net/pagead/managed/js/gpt/m202412090101/pubads_impl.js 32:362605 \"[GPT] Interstitial /21849154601,22343295815/Ad.Plus-300x250 not requested: Format already created on the page.\\nhttps://goo.gle/gpt-message#134\"\nSEVERE https://cdn.ad.plus/player/adplus.js 429:375 Uncaught TypeError: c(...).setup is not a function\nWARNING https://securepubads.g.doubleclick.net/pagead/managed/js/gpt/m202412090101/pubads_impl.js 32:362605 \"[GPT] Interstitial /21849154601,22343295815/Ad.Plus-300x250 not requested: Format already created on the page.\\nhttps://goo.gle/gpt-message#134\"\nWARNING https://securepubads.g.doubleclick.net/pagead/managed/js/gpt/m202412090101/pubads_impl.js 32:362605 \"[GPT] Interstitial /21849154601,22343295815/Ad.Plus-300x250 not requested: Format already created on the page.\\nhttps://goo.gle/gpt-message#134\"\nWARNING https://securepubads.g.doubleclick.net/pagead/managed/js/gpt/m202412090101/pubads_impl.js 32:362605 \"[GPT] Interstitial /21849154601,22343295815/Ad.Plus-300x250 not requested: Format already created on the page.\\nhttps://goo.gle/gpt-message#134\"\nWARNING https://securepubads.g.doubleclick.net/pagead/managed/js/gpt/m202412090101/pubads_impl.js 32:362605 \"[GPT] Interstitial /21849154601,22343295815/Ad.Plus-300x250 not requested: Format already created on the page.\\nhttps://goo.gle/gpt-message#134\"\nSEVERE https://cdn.ad.plus/player/adplus.js 429:375 Uncaught TypeError: c(...).setup is not a function\nSEVERE https://demoqa.com/bundle.js 62:82411 ReferenceError: props is not defined\n    at t.value (https://demoqa.com/bundle.js:95:336442)\n    at Li (https://demoqa.com/bundle.js:63:69906)\n    at Fi (https://demoqa.com/bundle.js:63:69701)\n    at vl (https://demoqa.com/bundle.js:63:105445)\n    at us (https://demoqa.com/bundle.js:63:96694)\n    at ls (https://demoqa.com/bundle.js:63:96619)\n    at Zl (https://demoqa.com/bundle.js:63:93700)\n    at https://demoqa.com/bundle.js:63:45362\n    at t.unstable_runWithPriority (https://demoqa.com/bundle.js:71:3844)\n    at Ha (https://demoqa.com/bundle.js:63:45071)\nWARNING https://securepubads.g.doubleclick.net/pagead/managed/js/gpt/m202412090101/pubads_impl.js 32:362605 \"[GPT] Interstitial /21849154601,22343295815/Ad.Plus-300x250 not requested: Format already created on the page.\\nhttps://goo.gle/gpt-message#134\"\nWARNING https://securepubads.g.doubleclick.net/pagead/managed/js/gpt/m202412090101/pubads_impl.js 32:362605 \"[GPT] Interstitial /21849154601,22343295815/Ad.Plus-300x250 not requested: Format already created on the page.\\nhttps://goo.gle/gpt-message#134\"\nWARNING https://securepubads.g.doubleclick.net/pagead/managed/js/gpt/m202412090101/pubads_impl.js 32:362605 \"[GPT] Interstitial /21849154601,22343295815/Ad.Plus-300x250 not requested: Format already created on the page.\\nhttps://goo.gle/gpt-message#134\"\nWARNING https://securepubads.g.doubleclick.net/pagead/managed/js/gpt/m202412090101/pubads_impl.js 32:362605 \"[GPT] Interstitial /21849154601,22343295815/Ad.Plus-300x250 not requested: Format already created on the page.\\nhttps://goo.gle/gpt-message#134\"","statusTrace":"sample.automation.utils.ConsoleErrorException: There are unexpected errors in the browser console!\nSEVERE https://cdn-ima.33across.com/ob.js 0:17306 \"33Across Lexicon ID Mappings Provider: PID not found\"\nWARNING https://securepubads.g.doubleclick.net/pagead/managed/js/gpt/m202412090101/pubads_impl.js 32:362605 \"[GPT] Interstitial /21849154601,22343295815/Ad.Plus-300x250 not requested: Format already created on the page.\\nhttps://goo.gle/gpt-message#134\"\nWARNING https://securepubads.g.doubleclick.net/pagead/managed/js/gpt/m202412090101/pubads_impl.js 32:362605 \"[GPT] Interstitial /21849154601,22343295815/Ad.Plus-300x250 not requested: Format already created on the page.\\nhttps://goo.gle/gpt-message#134\"\nWARNING https://securepubads.g.doubleclick.net/pagead/managed/js/gpt/m202412090101/pubads_impl.js 32:362605 \"[GPT] Interstitial /21849154601,22343295815/Ad.Plus-300x250 not requested: Format already created on the page.\\nhttps://goo.gle/gpt-message#134\"\nWARNING https://securepubads.g.doubleclick.net/pagead/managed/js/gpt/m202412090101/pubads_impl.js 32:362605 \"[GPT] Interstitial /21849154601,22343295815/Ad.Plus-300x250 not requested: Format already created on the page.\\nhttps://goo.gle/gpt-message#134\"\nSEVERE https://cdn.ad.plus/player/adplus.js 429:375 Uncaught TypeError: c(...).setup is not a function\nSEVERE https://cdn.ad.plus/player/adplus.js 429:375 Uncaught TypeError: c(...).setup is not a function\nWARNING https://securepubads.g.doubleclick.net/pagead/managed/js/gpt/m202412090101/pubads_impl.js 32:362605 \"[GPT] Interstitial /21849154601,22343295815/Ad.Plus-300x250 not requested: Format already created on the page.\\nhttps://goo.gle/gpt-message#134\"\nWARNING https://securepubads.g.doubleclick.net/pagead/managed/js/gpt/m202412090101/pubads_impl.js 32:362605 \"[GPT] Interstitial /21849154601,22343295815/Ad.Plus-300x250 not requested: Format already created on the page.\\nhttps://goo.gle/gpt-message#134\"\nWARNING https://securepubads.g.doubleclick.net/pagead/managed/js/gpt/m202412090101/pubads_impl.js 32:362605 \"[GPT] Interstitial /21849154601,22343295815/Ad.Plus-300x250 not requested: Format already created on the page.\\nhttps://goo.gle/gpt-message#134\"\nWARNING https://securepubads.g.doubleclick.net/pagead/managed/js/gpt/m202412090101/pubads_impl.js 32:362605 \"[GPT] Interstitial /21849154601,22343295815/Ad.Plus-300x250 not requested: Format already created on the page.\\nhttps://goo.gle/gpt-message#134\"\nSEVERE https://cdn.ad.plus/player/adplus.js 429:375 Uncaught TypeError: c(...).setup is not a function\nSEVERE https://demoqa.com/bundle.js 62:82411 ReferenceError: props is not defined\n    at t.value (https://demoqa.com/bundle.js:95:336442)\n    at Li (https://demoqa.com/bundle.js:63:69906)\n    at Fi (https://demoqa.com/bundle.js:63:69701)\n    at vl (https://demoqa.com/bundle.js:63:105445)\n    at us (https://demoqa.com/bundle.js:63:96694)\n    at ls (https://demoqa.com/bundle.js:63:96619)\n    at Zl (https://demoqa.com/bundle.js:63:93700)\n    at https://demoqa.com/bundle.js:63:45362\n    at t.unstable_runWithPriority (https://demoqa.com/bundle.js:71:3844)\n    at Ha (https://demoqa.com/bundle.js:63:45071)\nWARNING https://securepubads.g.doubleclick.net/pagead/managed/js/gpt/m202412090101/pubads_impl.js 32:362605 \"[GPT] Interstitial /21849154601,22343295815/Ad.Plus-300x250 not requested: Format already created on the page.\\nhttps://goo.gle/gpt-message#134\"\nWARNING https://securepubads.g.doubleclick.net/pagead/managed/js/gpt/m202412090101/pubads_impl.js 32:362605 \"[GPT] Interstitial /21849154601,22343295815/Ad.Plus-300x250 not requested: Format already created on the page.\\nhttps://goo.gle/gpt-message#134\"\nWARNING https://securepubads.g.doubleclick.net/pagead/managed/js/gpt/m202412090101/pubads_impl.js 32:362605 \"[GPT] Interstitial /21849154601,22343295815/Ad.Plus-300x250 not requested: Format already created on the page.\\nhttps://goo.gle/gpt-message#134\"\nWARNING https://securepubads.g.doubleclick.net/pagead/managed/js/gpt/m202412090101/pubads_impl.js 32:362605 \"[GPT] Interstitial /21849154601,22343295815/Ad.Plus-300x250 not requested: Format already created on the page.\\nhttps://goo.gle/gpt-message#134\"\nSEVERE https://cdn.ad.plus/player/adplus.js 429:375 Uncaught TypeError: c(...).setup is not a function\nWARNING https://securepubads.g.doubleclick.net/pagead/managed/js/gpt/m202412090101/pubads_impl.js 32:362605 \"[GPT] Interstitial /21849154601,22343295815/Ad.Plus-300x250 not requested: Format already created on the page.\\nhttps://goo.gle/gpt-message#134\"\nWARNING https://securepubads.g.doubleclick.net/pagead/managed/js/gpt/m202412090101/pubads_impl.js 32:362605 \"[GPT] Interstitial /21849154601,22343295815/Ad.Plus-300x250 not requested: Format already created on the page.\\nhttps://goo.gle/gpt-message#134\"\nWARNING https://securepubads.g.doubleclick.net/pagead/managed/js/gpt/m202412090101/pubads_impl.js 32:362605 \"[GPT] Interstitial /21849154601,22343295815/Ad.Plus-300x250 not requested: Format already created on the page.\\nhttps://goo.gle/gpt-message#134\"\nWARNING https://securepubads.g.doubleclick.net/pagead/managed/js/gpt/m202412090101/pubads_impl.js 32:362605 \"[GPT] Interstitial /21849154601,22343295815/Ad.Plus-300x250 not requested: Format already created on the page.\\nhttps://goo.gle/gpt-message#134\"\nSEVERE https://cdn.ad.plus/player/adplus.js 429:375 Uncaught TypeError: c(...).setup is not a function\nSEVERE https://demoqa.com/bundle.js 62:82411 ReferenceError: props is not defined\n    at t.value (https://demoqa.com/bundle.js:95:336442)\n    at Li (https://demoqa.com/bundle.js:63:69906)\n    at Fi (https://demoqa.com/bundle.js:63:69701)\n    at vl (https://demoqa.com/bundle.js:63:105445)\n    at us (https://demoqa.com/bundle.js:63:96694)\n    at ls (https://demoqa.com/bundle.js:63:96619)\n    at Zl (https://demoqa.com/bundle.js:63:93700)\n    at https://demoqa.com/bundle.js:63:45362\n    at t.unstable_runWithPriority (https://demoqa.com/bundle.js:71:3844)\n    at Ha (https://demoqa.com/bundle.js:63:45071)\nWARNING https://securepubads.g.doubleclick.net/pagead/managed/js/gpt/m202412090101/pubads_impl.js 32:362605 \"[GPT] Interstitial /21849154601,22343295815/Ad.Plus-300x250 not requested: Format already created on the page.\\nhttps://goo.gle/gpt-message#134\"\nWARNING https://securepubads.g.doubleclick.net/pagead/managed/js/gpt/m202412090101/pubads_impl.js 32:362605 \"[GPT] Interstitial /21849154601,22343295815/Ad.Plus-300x250 not requested: Format already created on the page.\\nhttps://goo.gle/gpt-message#134\"\nWARNING https://securepubads.g.doubleclick.net/pagead/managed/js/gpt/m202412090101/pubads_impl.js 32:362605 \"[GPT] Interstitial /21849154601,22343295815/Ad.Plus-300x250 not requested: Format already created on the page.\\nhttps://goo.gle/gpt-message#134\"\nWARNING https://securepubads.g.doubleclick.net/pagead/managed/js/gpt/m202412090101/pubads_impl.js 32:362605 \"[GPT] Interstitial /21849154601,22343295815/Ad.Plus-300x250 not requested: Format already created on the page.\\nhttps://goo.gle/gpt-message#134\"\n\tat sample.automation.webdriver.WebDriverSteps.checkErrorsInConsole(WebDriverSteps.java:229)\n\tat sample.automation.webdriver.WebDriverSteps.checkUnexpectedErrorsInConsole(WebDriverSteps.java:210)\n\tat sample.automation.testng.BaseTest.checkConsoleErrors(BaseTest.java:67)\n\tat java.base/jdk.internal.reflect.NativeMethodAccessorImpl.invoke0(Native Method)\n\tat java.base/jdk.internal.reflect.NativeMethodAccessorImpl.invoke(NativeMethodAccessorImpl.java:77)\n\tat java.base/jdk.internal.reflect.DelegatingMethodAccessorImpl.invoke(DelegatingMethodAccessorImpl.java:43)\n\tat java.base/java.lang.reflect.Method.invoke(Method.java:569)\n\tat org.testng.internal.invokers.MethodInvocationHelper.invokeMethod(MethodInvocationHelper.java:139)\n\tat org.testng.internal.invokers.MethodInvocationHelper.invokeMethodConsideringTimeout(MethodInvocationHelper.java:69)\n\tat org.testng.internal.invokers.ConfigInvoker.invokeConfigurationMethod(ConfigInvoker.java:390)\n\tat org.testng.internal.invokers.ConfigInvoker.invokeConfigurations(ConfigInvoker.java:325)\n\tat org.testng.internal.invokers.TestMethodWorker.invokeAfterClassConfigurations(TestMethodWorker.java:229)\n\tat org.testng.internal.invokers.TestMethodWorker.invokeAfterClassMethods(TestMethodWorker.java:215)\n\tat org.testng.internal.invokers.TestMethodWorker.run(TestMethodWorker.java:131)\n\tat java.base/java.util.concurrent.ThreadPoolExecutor.runWorker(ThreadPoolExecutor.java:1136)\n\tat java.base/java.util.concurrent.ThreadPoolExecutor$Worker.run(ThreadPoolExecutor.java:635)\n\tat java.base/java.lang.Thread.run(Thread.java:840)\n","steps":[{"name":"checkUnexpectedErrorsInConsole","time":{"start":1734934875435,"stop":1734934875443,"duration":8},"status":"broken","statusMessage":"There are unexpected errors in the browser console!\nSEVERE https://cdn-ima.33across.com/ob.js 0:17306 \"33Across Lexicon ID Mappings Provider: PID not found\"\nWARNING https://securepubads.g.doubleclick.net/pagead/managed/js/gpt/m202412090101/pubads_impl.js 32:362605 \"[GPT] Interstitial /21849154601,22343295815/Ad.Plus-300x250 not requested: Format already created on the page.\\nhttps://goo.gle/gpt-message#134\"\nWARNING https://securepubads.g.doubleclick.net/pagead/managed/js/gpt/m202412090101/pubads_impl.js 32:362605 \"[GPT] Interstitial /21849154601,22343295815/Ad.Plus-300x250 not requested: Format already created on the page.\\nhttps://goo.gle/gpt-message#134\"\nWARNING https://securepubads.g.doubleclick.net/pagead/managed/js/gpt/m202412090101/pubads_impl.js 32:362605 \"[GPT] Interstitial /21849154601,22343295815/Ad.Plus-300x250 not requested: Format already created on the page.\\nhttps://goo.gle/gpt-message#134\"\nWARNING https://securepubads.g.doubleclick.net/pagead/managed/js/gpt/m202412090101/pubads_impl.js 32:362605 \"[GPT] Interstitial /21849154601,22343295815/Ad.Plus-300x250 not requested: Format already created on the page.\\nhttps://goo.gle/gpt-message#134\"\nSEVERE https://cdn.ad.plus/player/adplus.js 429:375 Uncaught TypeError: c(...).setup is not a function\nSEVERE https://cdn.ad.plus/player/adplus.js 429:375 Uncaught TypeError: c(...).setup is not a function\nWARNING https://securepubads.g.doubleclick.net/pagead/managed/js/gpt/m202412090101/pubads_impl.js 32:362605 \"[GPT] Interstitial /21849154601,22343295815/Ad.Plus-300x250 not requested: Format already created on the page.\\nhttps://goo.gle/gpt-message#134\"\nWARNING https://securepubads.g.doubleclick.net/pagead/managed/js/gpt/m202412090101/pubads_impl.js 32:362605 \"[GPT] Interstitial /21849154601,22343295815/Ad.Plus-300x250 not requested: Format already created on the page.\\nhttps://goo.gle/gpt-message#134\"\nWARNING https://securepubads.g.doubleclick.net/pagead/managed/js/gpt/m202412090101/pubads_impl.js 32:362605 \"[GPT] Interstitial /21849154601,22343295815/Ad.Plus-300x250 not requested: Format already created on the page.\\nhttps://goo.gle/gpt-message#134\"\nWARNING https://securepubads.g.doubleclick.net/pagead/managed/js/gpt/m202412090101/pubads_impl.js 32:362605 \"[GPT] Interstitial /21849154601,22343295815/Ad.Plus-300x250 not requested: Format already created on the page.\\nhttps://goo.gle/gpt-message#134\"\nSEVERE https://cdn.ad.plus/player/adplus.js 429:375 Uncaught TypeError: c(...).setup is not a function\nSEVERE https://demoqa.com/bundle.js 62:82411 ReferenceError: props is not defined\n    at t.value (https://demoqa.com/bundle.js:95:336442)\n    at Li (https://demoqa.com/bundle.js:63:69906)\n    at Fi (https://demoqa.com/bundle.js:63:69701)\n    at vl (https://demoqa.com/bundle.js:63:105445)\n    at us (https://demoqa.com/bundle.js:63:96694)\n    at ls (https://demoqa.com/bundle.js:63:96619)\n    at Zl (https://demoqa.com/bundle.js:63:93700)\n    at https://demoqa.com/bundle.js:63:45362\n    at t.unstable_runWithPriority (https://demoqa.com/bundle.js:71:3844)\n    at Ha (https://demoqa.com/bundle.js:63:45071)\nWARNING https://securepubads.g.doubleclick.net/pagead/managed/js/gpt/m202412090101/pubads_impl.js 32:362605 \"[GPT] Interstitial /21849154601,22343295815/Ad.Plus-300x250 not requested: Format already created on the page.\\nhttps://goo.gle/gpt-message#134\"\nWARNING https://securepubads.g.doubleclick.net/pagead/managed/js/gpt/m202412090101/pubads_impl.js 32:362605 \"[GPT] Interstitial /21849154601,22343295815/Ad.Plus-300x250 not requested: Format already created on the page.\\nhttps://goo.gle/gpt-message#134\"\nWARNING https://securepubads.g.doubleclick.net/pagead/managed/js/gpt/m202412090101/pubads_impl.js 32:362605 \"[GPT] Interstitial /21849154601,22343295815/Ad.Plus-300x250 not requested: Format already created on the page.\\nhttps://goo.gle/gpt-message#134\"\nWARNING https://securepubads.g.doubleclick.net/pagead/managed/js/gpt/m202412090101/pubads_impl.js 32:362605 \"[GPT] Interstitial /21849154601,22343295815/Ad.Plus-300x250 not requested: Format already created on the page.\\nhttps://goo.gle/gpt-message#134\"\nSEVERE https://cdn.ad.plus/player/adplus.js 429:375 Uncaught TypeError: c(...).setup is not a function\nWARNING https://securepubads.g.doubleclick.net/pagead/managed/js/gpt/m202412090101/pubads_impl.js 32:362605 \"[GPT] Interstitial /21849154601,22343295815/Ad.Plus-300x250 not requested: Format already created on the page.\\nhttps://goo.gle/gpt-message#134\"\nWARNING https://securepubads.g.doubleclick.net/pagead/managed/js/gpt/m202412090101/pubads_impl.js 32:362605 \"[GPT] Interstitial /21849154601,22343295815/Ad.Plus-300x250 not requested: Format already created on the page.\\nhttps://goo.gle/gpt-message#134\"\nWARNING https://securepubads.g.doubleclick.net/pagead/managed/js/gpt/m202412090101/pubads_impl.js 32:362605 \"[GPT] Interstitial /21849154601,22343295815/Ad.Plus-300x250 not requested: Format already created on the page.\\nhttps://goo.gle/gpt-message#134\"\nWARNING https://securepubads.g.doubleclick.net/pagead/managed/js/gpt/m202412090101/pubads_impl.js 32:362605 \"[GPT] Interstitial /21849154601,22343295815/Ad.Plus-300x250 not requested: Format already created on the page.\\nhttps://goo.gle/gpt-message#134\"\nSEVERE https://cdn.ad.plus/player/adplus.js 429:375 Uncaught TypeError: c(...).setup is not a function\nSEVERE https://demoqa.com/bundle.js 62:82411 ReferenceError: props is not defined\n    at t.value (https://demoqa.com/bundle.js:95:336442)\n    at Li (https://demoqa.com/bundle.js:63:69906)\n    at Fi (https://demoqa.com/bundle.js:63:69701)\n    at vl (https://demoqa.com/bundle.js:63:105445)\n    at us (https://demoqa.com/bundle.js:63:96694)\n    at ls (https://demoqa.com/bundle.js:63:96619)\n    at Zl (https://demoqa.com/bundle.js:63:93700)\n    at https://demoqa.com/bundle.js:63:45362\n    at t.unstable_runWithPriority (https://demoqa.com/bundle.js:71:3844)\n    at Ha (https://demoqa.com/bundle.js:63:45071)\nWARNING https://securepubads.g.doubleclick.net/pagead/managed/js/gpt/m202412090101/pubads_impl.js 32:362605 \"[GPT] Interstitial /21849154601,22343295815/Ad.Plus-300x250 not requested: Format already created on the page.\\nhttps://goo.gle/gpt-message#134\"\nWARNING https://securepubads.g.doubleclick.net/pagead/managed/js/gpt/m202412090101/pubads_impl.js 32:362605 \"[GPT] Interstitial /21849154601,22343295815/Ad.Plus-300x250 not requested: Format already created on the page.\\nhttps://goo.gle/gpt-message#134\"\nWARNING https://securepubads.g.doubleclick.net/pagead/managed/js/gpt/m202412090101/pubads_impl.js 32:362605 \"[GPT] Interstitial /21849154601,22343295815/Ad.Plus-300x250 not requested: Format already created on the page.\\nhttps://goo.gle/gpt-message#134\"\nWARNING https://securepubads.g.doubleclick.net/pagead/managed/js/gpt/m202412090101/pubads_impl.js 32:362605 \"[GPT] Interstitial /21849154601,22343295815/Ad.Plus-300x250 not requested: Format already created on the page.\\nhttps://goo.gle/gpt-message#134\"","statusTrace":"sample.automation.utils.ConsoleErrorException: There are unexpected errors in the browser console!\nSEVERE https://cdn-ima.33across.com/ob.js 0:17306 \"33Across Lexicon ID Mappings Provider: PID not found\"\nWARNING https://securepubads.g.doubleclick.net/pagead/managed/js/gpt/m202412090101/pubads_impl.js 32:362605 \"[GPT] Interstitial /21849154601,22343295815/Ad.Plus-300x250 not requested: Format already created on the page.\\nhttps://goo.gle/gpt-message#134\"\nWARNING https://securepubads.g.doubleclick.net/pagead/managed/js/gpt/m202412090101/pubads_impl.js 32:362605 \"[GPT] Interstitial /21849154601,22343295815/Ad.Plus-300x250 not requested: Format already created on the page.\\nhttps://goo.gle/gpt-message#134\"\nWARNING https://securepubads.g.doubleclick.net/pagead/managed/js/gpt/m202412090101/pubads_impl.js 32:362605 \"[GPT] Interstitial /21849154601,22343295815/Ad.Plus-300x250 not requested: Format already created on the page.\\nhttps://goo.gle/gpt-message#134\"\nWARNING https://securepubads.g.doubleclick.net/pagead/managed/js/gpt/m202412090101/pubads_impl.js 32:362605 \"[GPT] Interstitial /21849154601,22343295815/Ad.Plus-300x250 not requested: Format already created on the page.\\nhttps://goo.gle/gpt-message#134\"\nSEVERE https://cdn.ad.plus/player/adplus.js 429:375 Uncaught TypeError: c(...).setup is not a function\nSEVERE https://cdn.ad.plus/player/adplus.js 429:375 Uncaught TypeError: c(...).setup is not a function\nWARNING https://securepubads.g.doubleclick.net/pagead/managed/js/gpt/m202412090101/pubads_impl.js 32:362605 \"[GPT] Interstitial /21849154601,22343295815/Ad.Plus-300x250 not requested: Format already created on the page.\\nhttps://goo.gle/gpt-message#134\"\nWARNING https://securepubads.g.doubleclick.net/pagead/managed/js/gpt/m202412090101/pubads_impl.js 32:362605 \"[GPT] Interstitial /21849154601,22343295815/Ad.Plus-300x250 not requested: Format already created on the page.\\nhttps://goo.gle/gpt-message#134\"\nWARNING https://securepubads.g.doubleclick.net/pagead/managed/js/gpt/m202412090101/pubads_impl.js 32:362605 \"[GPT] Interstitial /21849154601,22343295815/Ad.Plus-300x250 not requested: Format already created on the page.\\nhttps://goo.gle/gpt-message#134\"\nWARNING https://securepubads.g.doubleclick.net/pagead/managed/js/gpt/m202412090101/pubads_impl.js 32:362605 \"[GPT] Interstitial /21849154601,22343295815/Ad.Plus-300x250 not requested: Format already created on the page.\\nhttps://goo.gle/gpt-message#134\"\nSEVERE https://cdn.ad.plus/player/adplus.js 429:375 Uncaught TypeError: c(...).setup is not a function\nSEVERE https://demoqa.com/bundle.js 62:82411 ReferenceError: props is not defined\n    at t.value (https://demoqa.com/bundle.js:95:336442)\n    at Li (https://demoqa.com/bundle.js:63:69906)\n    at Fi (https://demoqa.com/bundle.js:63:69701)\n    at vl (https://demoqa.com/bundle.js:63:105445)\n    at us (https://demoqa.com/bundle.js:63:96694)\n    at ls (https://demoqa.com/bundle.js:63:96619)\n    at Zl (https://demoqa.com/bundle.js:63:93700)\n    at https://demoqa.com/bundle.js:63:45362\n    at t.unstable_runWithPriority (https://demoqa.com/bundle.js:71:3844)\n    at Ha (https://demoqa.com/bundle.js:63:45071)\nWARNING https://securepubads.g.doubleclick.net/pagead/managed/js/gpt/m202412090101/pubads_impl.js 32:362605 \"[GPT] Interstitial /21849154601,22343295815/Ad.Plus-300x250 not requested: Format already created on the page.\\nhttps://goo.gle/gpt-message#134\"\nWARNING https://securepubads.g.doubleclick.net/pagead/managed/js/gpt/m202412090101/pubads_impl.js 32:362605 \"[GPT] Interstitial /21849154601,22343295815/Ad.Plus-300x250 not requested: Format already created on the page.\\nhttps://goo.gle/gpt-message#134\"\nWARNING https://securepubads.g.doubleclick.net/pagead/managed/js/gpt/m202412090101/pubads_impl.js 32:362605 \"[GPT] Interstitial /21849154601,22343295815/Ad.Plus-300x250 not requested: Format already created on the page.\\nhttps://goo.gle/gpt-message#134\"\nWARNING https://securepubads.g.doubleclick.net/pagead/managed/js/gpt/m202412090101/pubads_impl.js 32:362605 \"[GPT] Interstitial /21849154601,22343295815/Ad.Plus-300x250 not requested: Format already created on the page.\\nhttps://goo.gle/gpt-message#134\"\nSEVERE https://cdn.ad.plus/player/adplus.js 429:375 Uncaught TypeError: c(...).setup is not a function\nWARNING https://securepubads.g.doubleclick.net/pagead/managed/js/gpt/m202412090101/pubads_impl.js 32:362605 \"[GPT] Interstitial /21849154601,22343295815/Ad.Plus-300x250 not requested: Format already created on the page.\\nhttps://goo.gle/gpt-message#134\"\nWARNING https://securepubads.g.doubleclick.net/pagead/managed/js/gpt/m202412090101/pubads_impl.js 32:362605 \"[GPT] Interstitial /21849154601,22343295815/Ad.Plus-300x250 not requested: Format already created on the page.\\nhttps://goo.gle/gpt-message#134\"\nWARNING https://securepubads.g.doubleclick.net/pagead/managed/js/gpt/m202412090101/pubads_impl.js 32:362605 \"[GPT] Interstitial /21849154601,22343295815/Ad.Plus-300x250 not requested: Format already created on the page.\\nhttps://goo.gle/gpt-message#134\"\nWARNING https://securepubads.g.doubleclick.net/pagead/managed/js/gpt/m202412090101/pubads_impl.js 32:362605 \"[GPT] Interstitial /21849154601,22343295815/Ad.Plus-300x250 not requested: Format already created on the page.\\nhttps://goo.gle/gpt-message#134\"\nSEVERE https://cdn.ad.plus/player/adplus.js 429:375 Uncaught TypeError: c(...).setup is not a function\nSEVERE https://demoqa.com/bundle.js 62:82411 ReferenceError: props is not defined\n    at t.value (https://demoqa.com/bundle.js:95:336442)\n    at Li (https://demoqa.com/bundle.js:63:69906)\n    at Fi (https://demoqa.com/bundle.js:63:69701)\n    at vl (https://demoqa.com/bundle.js:63:105445)\n    at us (https://demoqa.com/bundle.js:63:96694)\n    at ls (https://demoqa.com/bundle.js:63:96619)\n    at Zl (https://demoqa.com/bundle.js:63:93700)\n    at https://demoqa.com/bundle.js:63:45362\n    at t.unstable_runWithPriority (https://demoqa.com/bundle.js:71:3844)\n    at Ha (https://demoqa.com/bundle.js:63:45071)\nWARNING https://securepubads.g.doubleclick.net/pagead/managed/js/gpt/m202412090101/pubads_impl.js 32:362605 \"[GPT] Interstitial /21849154601,22343295815/Ad.Plus-300x250 not requested: Format already created on the page.\\nhttps://goo.gle/gpt-message#134\"\nWARNING https://securepubads.g.doubleclick.net/pagead/managed/js/gpt/m202412090101/pubads_impl.js 32:362605 \"[GPT] Interstitial /21849154601,22343295815/Ad.Plus-300x250 not requested: Format already created on the page.\\nhttps://goo.gle/gpt-message#134\"\nWARNING https://securepubads.g.doubleclick.net/pagead/managed/js/gpt/m202412090101/pubads_impl.js 32:362605 \"[GPT] Interstitial /21849154601,22343295815/Ad.Plus-300x250 not requested: Format already created on the page.\\nhttps://goo.gle/gpt-message#134\"\nWARNING https://securepubads.g.doubleclick.net/pagead/managed/js/gpt/m202412090101/pubads_impl.js 32:362605 \"[GPT] Interstitial /21849154601,22343295815/Ad.Plus-300x250 not requested: Format already created on the page.\\nhttps://goo.gle/gpt-message#134\"\n\tat sample.automation.webdriver.WebDriverSteps.checkErrorsInConsole(WebDriverSteps.java:229)\n\tat sample.automation.webdriver.WebDriverSteps.checkUnexpectedErrorsInConsole(WebDriverSteps.java:210)\n\tat sample.automation.testng.BaseTest.checkConsoleErrors(BaseTest.java:67)\n\tat java.base/jdk.internal.reflect.NativeMethodAccessorImpl.invoke0(Native Method)\n\tat java.base/jdk.internal.reflect.NativeMethodAccessorImpl.invoke(NativeMethodAccessorImpl.java:77)\n\tat java.base/jdk.internal.reflect.DelegatingMethodAccessorImpl.invoke(DelegatingMethodAccessorImpl.java:43)\n\tat java.base/java.lang.reflect.Method.invoke(Method.java:569)\n\tat org.testng.internal.invokers.MethodInvocationHelper.invokeMethod(MethodInvocationHelper.java:139)\n\tat org.testng.internal.invokers.MethodInvocationHelper.invokeMethodConsideringTimeout(MethodInvocationHelper.java:69)\n\tat org.testng.internal.invokers.ConfigInvoker.invokeConfigurationMethod(ConfigInvoker.java:390)\n\tat org.testng.internal.invokers.ConfigInvoker.invokeConfigurations(ConfigInvoker.java:325)\n\tat org.testng.internal.invokers.TestMethodWorker.invokeAfterClassConfigurations(TestMethodWorker.java:229)\n\tat org.testng.internal.invokers.TestMethodWorker.invokeAfterClassMethods(TestMethodWorker.java:215)\n\tat org.testng.internal.invokers.TestMethodWorker.run(TestMethodWorker.java:131)\n\tat java.base/java.util.concurrent.ThreadPoolExecutor.runWorker(ThreadPoolExecutor.java:1136)\n\tat java.base/java.util.concurrent.ThreadPoolExecutor$Worker.run(ThreadPoolExecutor.java:635)\n\tat java.base/java.lang.Thread.run(Thread.java:840)\n","steps":[],"attachments":[{"uid":"116ec4576eb9a50b","name":"There are unexpected errors in the browser console!\nSEVERE https://cdn-ima.33across.com/ob.js 0:17306 \"33Across Lexicon ID Mappings Provider: PID not found\"\nWARNING https://securepubads.g.doubleclick.net/pagead/managed/js/gpt/m202412090101/pubads_impl.js 32:362605 \"[GPT] Interstitial /21849154601,22343295815/Ad.Plus-300x250 not requested: Format already created on the page.\\nhttps://goo.gle/gpt-message#134\"\nWARNING https://securepubads.g.doubleclick.net/pagead/managed/js/gpt/m202412090101/pubads_impl.js 32:362605 \"[GPT] Interstitial /21849154601,22343295815/Ad.Plus-300x250 not requested: Format already created on the page.\\nhttps://goo.gle/gpt-message#134\"\nWARNING https://securepubads.g.doubleclick.net/pagead/managed/js/gpt/m202412090101/pubads_impl.js 32:362605 \"[GPT] Interstitial /21849154601,22343295815/Ad.Plus-300x250 not requested: Format already created on the page.\\nhttps://goo.gle/gpt-message#134\"\nWARNING https://securepubads.g.doubleclick.net/pagead/managed/js/gpt/m202412090101/pubads_impl.js 32:362605 \"[GPT] Interstitial /21849154601,22343295815/Ad.Plus-300x250 not requested: Format already created on the page.\\nhttps://goo.gle/gpt-message#134\"\nSEVERE https://cdn.ad.plus/player/adplus.js 429:375 Uncaught TypeError: c(...).setup is not a function\nSEVERE https://cdn.ad.plus/player/adplus.js 429:375 Uncaught TypeError: c(...).setup is not a function\nWARNING https://securepubads.g.doubleclick.net/pagead/managed/js/gpt/m202412090101/pubads_impl.js 32:362605 \"[GPT] Interstitial /21849154601,22343295815/Ad.Plus-300x250 not requested: Format already created on the page.\\nhttps://goo.gle/gpt-message#134\"\nWARNING https://securepubads.g.doubleclick.net/pagead/managed/js/gpt/m202412090101/pubads_impl.js 32:362605 \"[GPT] Interstitial /21849154601,22343295815/Ad.Plus-300x250 not requested: Format already created on the page.\\nhttps://goo.gle/gpt-message#134\"\nWARNING https://securepubads.g.doubleclick.net/pagead/managed/js/gpt/m202412090101/pubads_impl.js 32:362605 \"[GPT] Interstitial /21849154601,22343295815/Ad.Plus-300x250 not requested: Format already created on the page.\\nhttps://goo.gle/gpt-message#134\"\nWARNING https://securepubads.g.doubleclick.net/pagead/managed/js/gpt/m202412090101/pubads_impl.js 32:362605 \"[GPT] Interstitial /21849154601,22343295815/Ad.Plus-300x250 not requested: Format already created on the page.\\nhttps://goo.gle/gpt-message#134\"\nSEVERE https://cdn.ad.plus/player/adplus.js 429:375 Uncaught TypeError: c(...).setup is not a function\nSEVERE https://demoqa.com/bundle.js 62:82411 ReferenceError: props is not defined\n    at t.value (https://demoqa.com/bundle.js:95:336442)\n    at Li (https://demoqa.com/bundle.js:63:69906)\n    at Fi (https://demoqa.com/bundle.js:63:69701)\n    at vl (https://demoqa.com/bundle.js:63:105445)\n    at us (https://demoqa.com/bundle.js:63:96694)\n    at ls (https://demoqa.com/bundle.js:63:96619)\n    at Zl (https://demoqa.com/bundle.js:63:93700)\n    at https://demoqa.com/bundle.js:63:45362\n    at t.unstable_runWithPriority (https://demoqa.com/bundle.js:71:3844)\n    at Ha (https://demoqa.com/bundle.js:63:45071)\nWARNING https://securepubads.g.doubleclick.net/pagead/managed/js/gpt/m202412090101/pubads_impl.js 32:362605 \"[GPT] Interstitial /21849154601,22343295815/Ad.Plus-300x250 not requested: Format already created on the page.\\nhttps://goo.gle/gpt-message#134\"\nWARNING https://securepubads.g.doubleclick.net/pagead/managed/js/gpt/m202412090101/pubads_impl.js 32:362605 \"[GPT] Interstitial /21849154601,22343295815/Ad.Plus-300x250 not requested: Format already created on the page.\\nhttps://goo.gle/gpt-message#134\"\nWARNING https://securepubads.g.doubleclick.net/pagead/managed/js/gpt/m202412090101/pubads_impl.js 32:362605 \"[GPT] Interstitial /21849154601,22343295815/Ad.Plus-300x250 not requested: Format already created on the page.\\nhttps://goo.gle/gpt-message#134\"\nWARNING https://securepubads.g.doubleclick.net/pagead/managed/js/gpt/m202412090101/pubads_impl.js 32:362605 \"[GPT] Interstitial /21849154601,22343295815/Ad.Plus-300x250 not requested: Format already created on the page.\\nhttps://goo.gle/gpt-message#134\"\nSEVERE https://cdn.ad.plus/player/adplus.js 429:375 Uncaught TypeError: c(...).setup is not a function\nWARNING https://securepubads.g.doubleclick.net/pagead/managed/js/gpt/m202412090101/pubads_impl.js 32:362605 \"[GPT] Interstitial /21849154601,22343295815/Ad.Plus-300x250 not requested: Format already created on the page.\\nhttps://goo.gle/gpt-message#134\"\nWARNING https://securepubads.g.doubleclick.net/pagead/managed/js/gpt/m202412090101/pubads_impl.js 32:362605 \"[GPT] Interstitial /21849154601,22343295815/Ad.Plus-300x250 not requested: Format already created on the page.\\nhttps://goo.gle/gpt-message#134\"\nWARNING https://securepubads.g.doubleclick.net/pagead/managed/js/gpt/m202412090101/pubads_impl.js 32:362605 \"[GPT] Interstitial /21849154601,22343295815/Ad.Plus-300x250 not requested: Format already created on the page.\\nhttps://goo.gle/gpt-message#134\"\nWARNING https://securepubads.g.doubleclick.net/pagead/managed/js/gpt/m202412090101/pubads_impl.js 32:362605 \"[GPT] Interstitial /21849154601,22343295815/Ad.Plus-300x250 not requested: Format already created on the page.\\nhttps://goo.gle/gpt-message#134\"\nSEVERE https://cdn.ad.plus/player/adplus.js 429:375 Uncaught TypeError: c(...).setup is not a function\nSEVERE https://demoqa.com/bundle.js 62:82411 ReferenceError: props is not defined\n    at t.value (https://demoqa.com/bundle.js:95:336442)\n    at Li (https://demoqa.com/bundle.js:63:69906)\n    at Fi (https://demoqa.com/bundle.js:63:69701)\n    at vl (https://demoqa.com/bundle.js:63:105445)\n    at us (https://demoqa.com/bundle.js:63:96694)\n    at ls (https://demoqa.com/bundle.js:63:96619)\n    at Zl (https://demoqa.com/bundle.js:63:93700)\n    at https://demoqa.com/bundle.js:63:45362\n    at t.unstable_runWithPriority (https://demoqa.com/bundle.js:71:3844)\n    at Ha (https://demoqa.com/bundle.js:63:45071)\nWARNING https://securepubads.g.doubleclick.net/pagead/managed/js/gpt/m202412090101/pubads_impl.js 32:362605 \"[GPT] Interstitial /21849154601,22343295815/Ad.Plus-300x250 not requested: Format already created on the page.\\nhttps://goo.gle/gpt-message#134\"\nWARNING https://securepubads.g.doubleclick.net/pagead/managed/js/gpt/m202412090101/pubads_impl.js 32:362605 \"[GPT] Interstitial /21849154601,22343295815/Ad.Plus-300x250 not requested: Format already created on the page.\\nhttps://goo.gle/gpt-message#134\"\nWARNING https://securepubads.g.doubleclick.net/pagead/managed/js/gpt/m202412090101/pubads_impl.js 32:362605 \"[GPT] Interstitial /21849154601,22343295815/Ad.Plus-300x250 not requested: Format already created on the page.\\nhttps://goo.gle/gpt-message#134\"\nWARNING https://securepubads.g.doubleclick.net/pagead/managed/js/gpt/m202412090101/pubads_impl.js 32:362605 \"[GPT] Interstitial /21849154601,22343295815/Ad.Plus-300x250 not requested: Format already created on the page.\\nhttps://goo.gle/gpt-message#134\"","source":"116ec4576eb9a50b.txt","type":"text/plain","size":6965}],"parameters":[],"shouldDisplayMessage":true,"stepsCount":0,"attachmentsCount":1,"hasContent":true,"attachmentStep":false}],"attachments":[],"parameters":[],"shouldDisplayMessage":false,"stepsCount":1,"attachmentsCount":1,"hasContent":true,"attachmentStep":false},{"name":"tearDown","time":{"start":1734934875444,"stop":1734934875546,"duration":102},"description":"","status":"passed","steps":[],"attachments":[],"parameters":[],"shouldDisplayMessage":false,"stepsCount":0,"attachmentsCount":0,"hasContent":false,"attachmentStep":false},{"name":"logAfterClass","time":{"start":1734934875547,"stop":1734934875548,"duration":1},"description":"","status":"passed","steps":[],"attachments":[],"parameters":[],"shouldDisplayMessage":false,"stepsCount":0,"attachmentsCount":0,"hasContent":false,"attachmentStep":false},{"name":"logAfterTestsSet","time":{"start":1734934914242,"stop":1734934914243,"duration":1},"description":"","status":"passed","steps":[],"attachments":[],"parameters":[],"shouldDisplayMessage":false,"stepsCount":0,"attachmentsCount":0,"hasContent":false,"attachmentStep":false}],"labels":[{"name":"package","value":"sample.automation.tests.ui.AddBookIntoCollectionTest"},{"name":"testClass","value":"sample.automation.tests.ui.AddBookIntoCollectionTest"},{"name":"testMethod","value":"demo_003"},{"name":"parentSuite","value":"Surefire suite"},{"name":"suite","value":"Surefire test"},{"name":"subSuite","value":"sample.automation.tests.ui.AddBookIntoCollectionTest"},{"name":"host","value":"fv-az1951-14"},{"name":"thread","value":"2442@fv-az1951-14.TestNG-test=Surefire test-2(22)"},{"name":"framework","value":"testng"},{"name":"language","value":"java"},{"name":"feature","value":"Books Store"},{"name":"story","value":"User can manage books in his collection and see them on Profile"},{"name":"tag","value":"Smoke"},{"name":"tag","value":"BookStoreUi"},{"name":"resultFormat","value":"allure2"}],"parameters":[],"links":[],"hidden":false,"retry":false,"extra":{"severity":"normal","retries":[{"uid":"ebeb3b05219a108","status":"skipped","statusDetails":"\nExpected: element is displayed on page\n     but: element <addToCollectionButton> is not displayed on page","time":{"start":1734934858110,"stop":1734934866451,"duration":8341}}],"categories":[{"name":"Product defects","matchedStatuses":[],"flaky":false}],"tags":["Smoke","BookStoreUi"]},"source":"970b332da3e34a0.json","parameterValues":[]}