{"uid":"65fd318c0252335a","name":"deleteTestBookFromCollectionAndReopenBookStore","fullName":"sample.automation.tests.ui.AddBookIntoCollectionTest.deleteTestBookFromCollectionAndReopenBookStore","historyId":"e26cf289c18ce4cb44a929198664d44d","time":{"start":1708323390790,"stop":1708323390790,"duration":0},"status":"broken","statusMessage":"Cannot invoke \"sample.automation.steps.api.BaseApiSteps.onAccountApi()\" because the return value of \"sample.automation.tests.ui.AddBookIntoCollectionTest.getApiSteps()\" is null","statusTrace":"java.lang.NullPointerException: Cannot invoke \"sample.automation.steps.api.BaseApiSteps.onAccountApi()\" because the return value of \"sample.automation.tests.ui.AddBookIntoCollectionTest.getApiSteps()\" is null\n\tat sample.automation.tests.ui.AddBookIntoCollectionTest.deleteTestBookFromCollectionAndReopenBookStore(AddBookIntoCollectionTest.java:42)\n\tat java.base/jdk.internal.reflect.NativeMethodAccessorImpl.invoke0(Native Method)\n\tat java.base/jdk.internal.reflect.NativeMethodAccessorImpl.invoke(NativeMethodAccessorImpl.java:77)\n\tat java.base/jdk.internal.reflect.DelegatingMethodAccessorImpl.invoke(DelegatingMethodAccessorImpl.java:43)\n\tat java.base/java.lang.reflect.Method.invoke(Method.java:568)\n\tat org.testng.internal.invokers.MethodInvocationHelper.invokeMethod(MethodInvocationHelper.java:139)\n\tat org.testng.internal.invokers.MethodInvocationHelper.invokeMethodConsideringTimeout(MethodInvocationHelper.java:69)\n\tat org.testng.internal.invokers.ConfigInvoker.invokeConfigurationMethod(ConfigInvoker.java:390)\n\tat org.testng.internal.invokers.ConfigInvoker.invokeConfigurations(ConfigInvoker.java:325)\n\tat org.testng.internal.invokers.TestInvoker.runConfigMethods(TestInvoker.java:810)\n\tat org.testng.internal.invokers.TestInvoker.invokeMethod(TestInvoker.java:577)\n\tat org.testng.internal.invokers.TestInvoker.invokeTestMethod(TestInvoker.java:227)\n\tat org.testng.internal.invokers.MethodRunner.runInSequence(MethodRunner.java:50)\n\tat org.testng.internal.invokers.TestInvoker$MethodInvocationAgent.invoke(TestInvoker.java:957)\n\tat org.testng.internal.invokers.TestInvoker.invokeTestMethods(TestInvoker.java:200)\n\tat org.testng.internal.invokers.TestMethodWorker.invokeTestMethods(TestMethodWorker.java:148)\n\tat org.testng.internal.invokers.TestMethodWorker.run(TestMethodWorker.java:128)\n\tat java.base/java.util.concurrent.ThreadPoolExecutor.runWorker(ThreadPoolExecutor.java:1136)\n\tat java.base/java.util.concurrent.ThreadPoolExecutor$Worker.run(ThreadPoolExecutor.java:635)\n\tat java.base/java.lang.Thread.run(Thread.java:840)\n","flaky":false,"newFailed":false,"newBroken":false,"newPassed":false,"retriesCount":0,"retriesStatusChange":false,"beforeStages":[{"name":"logBeforeTestsSet","time":{"start":1708323343326,"stop":1708323343344,"duration":18},"description":"","status":"passed","steps":[],"attachments":[],"parameters":[],"shouldDisplayMessage":false,"stepsCount":0,"attachmentsCount":0,"hasContent":false,"attachmentStep":false},{"name":"logBeforeClass","time":{"start":1708323343362,"stop":1708323343363,"duration":1},"description":"","status":"passed","steps":[],"attachments":[],"parameters":[],"shouldDisplayMessage":false,"stepsCount":0,"attachmentsCount":0,"hasContent":false,"attachmentStep":false},{"name":"initBaseSteps","time":{"start":1708323343365,"stop":1708323390716,"duration":47351},"description":"","status":"broken","statusMessage":"Could not start a new session. Response code 500. Message: session not created: This version of ChromeDriver only supports Chrome version 114\nCurrent browser version is 121.0.6167.160 with binary path /usr/bin/google-chrome \nHost info: host: 'fv-az985-742', ip: '10.1.0.232'\nBuild info: version: '4.15.0', revision: '1d14b5521b'\nSystem info: os.name: 'Linux', os.arch: 'amd64', os.version: '6.2.0-1019-azure', java.version: '17.0.10'\nDriver info: org.openqa.selenium.chrome.ChromeDriver\nCommand: [null, newSession {capabilities=[Capabilities {browserName: chrome, goog:chromeOptions: {args: [--headless=new], excludeSwitches: [enable-automation], extensions: [], prefs: {credentials_enable_service: false, download.default_directory: /home/runner/work/JavaAutoF..., profile.password_manager_enabled: false}}}]}]","statusTrace":"org.openqa.selenium.SessionNotCreatedException: Could not start a new session. Response code 500. Message: session not created: This version of ChromeDriver only supports Chrome version 114\nCurrent browser version is 121.0.6167.160 with binary path /usr/bin/google-chrome \nHost info: host: 'fv-az985-742', ip: '10.1.0.232'\nBuild info: version: '4.15.0', revision: '1d14b5521b'\nSystem info: os.name: 'Linux', os.arch: 'amd64', os.version: '6.2.0-1019-azure', java.version: '17.0.10'\nDriver info: org.openqa.selenium.chrome.ChromeDriver\nCommand: [null, newSession {capabilities=[Capabilities {browserName: chrome, goog:chromeOptions: {args: [--headless=new], excludeSwitches: [enable-automation], extensions: [], prefs: {credentials_enable_service: false, download.default_directory: /home/runner/work/JavaAutoF..., profile.password_manager_enabled: false}}}]}]\n\tat org.openqa.selenium.remote.ProtocolHandshake.createSession(ProtocolHandshake.java:140)\n\tat org.openqa.selenium.remote.ProtocolHandshake.createSession(ProtocolHandshake.java:96)\n\tat org.openqa.selenium.remote.ProtocolHandshake.createSession(ProtocolHandshake.java:68)\n\tat org.openqa.selenium.remote.HttpCommandExecutor.execute(HttpCommandExecutor.java:163)\n\tat org.openqa.selenium.remote.service.DriverCommandExecutor.invokeExecute(DriverCommandExecutor.java:200)\n\tat org.openqa.selenium.remote.service.DriverCommandExecutor.execute(DriverCommandExecutor.java:175)\n\tat org.openqa.selenium.remote.RemoteWebDriver.execute(RemoteWebDriver.java:607)\n\tat org.openqa.selenium.remote.RemoteWebDriver.startSession(RemoteWebDriver.java:241)\n\tat org.openqa.selenium.remote.RemoteWebDriver.<init>(RemoteWebDriver.java:168)\n\tat org.openqa.selenium.chromium.ChromiumDriver.<init>(ChromiumDriver.java:108)\n\tat org.openqa.selenium.chrome.ChromeDriver.<init>(ChromeDriver.java:89)\n\tat org.openqa.selenium.chrome.ChromeDriver.<init>(ChromeDriver.java:84)\n\tat org.openqa.selenium.chrome.ChromeDriver.<init>(ChromeDriver.java:73)\n\tat sample.automation.webdriver.MyWebDriverManager.createWebDriver(MyWebDriverManager.java:102)\n\tat sample.automation.webdriver.MyWebDriverManager.setupLocalDriver(MyWebDriverManager.java:76)\n\tat sample.automation.webdriver.MyWebDriverManager.startWebDriver(MyWebDriverManager.java:55)\n\tat sample.automation.testng.BaseTest.initBaseSteps(BaseTest.java:31)\n\tat java.base/jdk.internal.reflect.NativeMethodAccessorImpl.invoke0(Native Method)\n\tat java.base/jdk.internal.reflect.NativeMethodAccessorImpl.invoke(NativeMethodAccessorImpl.java:77)\n\tat java.base/jdk.internal.reflect.DelegatingMethodAccessorImpl.invoke(DelegatingMethodAccessorImpl.java:43)\n\tat java.base/java.lang.reflect.Method.invoke(Method.java:568)\n\tat org.testng.internal.invokers.MethodInvocationHelper.invokeMethod(MethodInvocationHelper.java:139)\n\tat org.testng.internal.invokers.MethodInvocationHelper.invokeMethodConsideringTimeout(MethodInvocationHelper.java:69)\n\tat org.testng.internal.invokers.ConfigInvoker.invokeConfigurationMethod(ConfigInvoker.java:390)\n\tat org.testng.internal.invokers.ConfigInvoker.invokeConfigurations(ConfigInvoker.java:325)\n\tat org.testng.internal.invokers.TestMethodWorker.invokeBeforeClassMethods(TestMethodWorker.java:180)\n\tat org.testng.internal.invokers.TestMethodWorker.run(TestMethodWorker.java:122)\n\tat java.base/java.util.concurrent.ThreadPoolExecutor.runWorker(ThreadPoolExecutor.java:1136)\n\tat java.base/java.util.concurrent.ThreadPoolExecutor$Worker.run(ThreadPoolExecutor.java:635)\n\tat java.base/java.lang.Thread.run(Thread.java:840)\n","steps":[],"attachments":[],"parameters":[],"shouldDisplayMessage":true,"stepsCount":0,"attachmentsCount":0,"hasContent":true,"attachmentStep":false},{"name":"loginAndGetDataForTests","time":{"start":1708323390745,"stop":1708323390758,"duration":13},"description":"","status":"broken","statusMessage":"Cannot invoke \"sample.automation.steps.ui.BaseSteps.navigateToPage(java.lang.Class)\" because \"this.uiSteps\" is null","statusTrace":"java.lang.NullPointerException: Cannot invoke \"sample.automation.steps.ui.BaseSteps.navigateToPage(java.lang.Class)\" because \"this.uiSteps\" is null\n\tat sample.automation.testng.BaseTest.loginAsUserAndSetAuthData(BaseTest.java:43)\n\tat sample.automation.tests.ui.AddBookIntoCollectionTest.loginAndGetDataForTests(AddBookIntoCollectionTest.java:36)\n\tat java.base/jdk.internal.reflect.NativeMethodAccessorImpl.invoke0(Native Method)\n\tat java.base/jdk.internal.reflect.NativeMethodAccessorImpl.invoke(NativeMethodAccessorImpl.java:77)\n\tat java.base/jdk.internal.reflect.DelegatingMethodAccessorImpl.invoke(DelegatingMethodAccessorImpl.java:43)\n\tat java.base/java.lang.reflect.Method.invoke(Method.java:568)\n\tat org.testng.internal.invokers.MethodInvocationHelper.invokeMethod(MethodInvocationHelper.java:139)\n\tat org.testng.internal.invokers.MethodInvocationHelper.invokeMethodConsideringTimeout(MethodInvocationHelper.java:69)\n\tat org.testng.internal.invokers.ConfigInvoker.invokeConfigurationMethod(ConfigInvoker.java:390)\n\tat org.testng.internal.invokers.ConfigInvoker.invokeConfigurations(ConfigInvoker.java:325)\n\tat org.testng.internal.invokers.TestMethodWorker.invokeBeforeClassMethods(TestMethodWorker.java:180)\n\tat org.testng.internal.invokers.TestMethodWorker.run(TestMethodWorker.java:122)\n\tat java.base/java.util.concurrent.ThreadPoolExecutor.runWorker(ThreadPoolExecutor.java:1136)\n\tat java.base/java.util.concurrent.ThreadPoolExecutor$Worker.run(ThreadPoolExecutor.java:635)\n\tat java.base/java.lang.Thread.run(Thread.java:840)\n","steps":[{"name":"Login as 'User[username=user1,role=<null>] user","time":{"start":1708323390747,"stop":1708323390758,"duration":11},"status":"broken","statusMessage":"Cannot invoke \"sample.automation.steps.ui.BaseSteps.navigateToPage(java.lang.Class)\" because \"this.uiSteps\" is null","statusTrace":"java.lang.NullPointerException: Cannot invoke \"sample.automation.steps.ui.BaseSteps.navigateToPage(java.lang.Class)\" because \"this.uiSteps\" is null\n\tat sample.automation.testng.BaseTest.loginAsUserAndSetAuthData(BaseTest.java:43)\n\tat sample.automation.tests.ui.AddBookIntoCollectionTest.loginAndGetDataForTests(AddBookIntoCollectionTest.java:36)\n\tat java.base/jdk.internal.reflect.NativeMethodAccessorImpl.invoke0(Native Method)\n\tat java.base/jdk.internal.reflect.NativeMethodAccessorImpl.invoke(NativeMethodAccessorImpl.java:77)\n\tat java.base/jdk.internal.reflect.DelegatingMethodAccessorImpl.invoke(DelegatingMethodAccessorImpl.java:43)\n\tat java.base/java.lang.reflect.Method.invoke(Method.java:568)\n\tat org.testng.internal.invokers.MethodInvocationHelper.invokeMethod(MethodInvocationHelper.java:139)\n\tat org.testng.internal.invokers.MethodInvocationHelper.invokeMethodConsideringTimeout(MethodInvocationHelper.java:69)\n\tat org.testng.internal.invokers.ConfigInvoker.invokeConfigurationMethod(ConfigInvoker.java:390)\n\tat org.testng.internal.invokers.ConfigInvoker.invokeConfigurations(ConfigInvoker.java:325)\n\tat org.testng.internal.invokers.TestMethodWorker.invokeBeforeClassMethods(TestMethodWorker.java:180)\n\tat org.testng.internal.invokers.TestMethodWorker.run(TestMethodWorker.java:122)\n\tat java.base/java.util.concurrent.ThreadPoolExecutor.runWorker(ThreadPoolExecutor.java:1136)\n\tat java.base/java.util.concurrent.ThreadPoolExecutor$Worker.run(ThreadPoolExecutor.java:635)\n\tat java.base/java.lang.Thread.run(Thread.java:840)\n","steps":[],"attachments":[],"parameters":[{"name":"user","value":"User[username=user1,role=<null>]"}],"shouldDisplayMessage":true,"stepsCount":0,"attachmentsCount":0,"hasContent":true,"attachmentStep":false}],"attachments":[],"parameters":[],"shouldDisplayMessage":false,"stepsCount":1,"attachmentsCount":0,"hasContent":true,"attachmentStep":false}],"afterStages":[{"name":"checkConsoleErrors","time":{"start":1708323390795,"stop":1708323390795,"duration":0},"description":"","status":"broken","statusMessage":"Cannot invoke \"sample.automation.steps.ui.BaseSteps.checkUnexpectedErrorsInConsole()\" because the return value of \"sample.automation.testng.BaseTest.getUiSteps()\" is null","statusTrace":"java.lang.NullPointerException: Cannot invoke \"sample.automation.steps.ui.BaseSteps.checkUnexpectedErrorsInConsole()\" because the return value of \"sample.automation.testng.BaseTest.getUiSteps()\" is null\n\tat sample.automation.testng.BaseTest.checkConsoleErrors(BaseTest.java:67)\n\tat java.base/jdk.internal.reflect.NativeMethodAccessorImpl.invoke0(Native Method)\n\tat java.base/jdk.internal.reflect.NativeMethodAccessorImpl.invoke(NativeMethodAccessorImpl.java:77)\n\tat java.base/jdk.internal.reflect.DelegatingMethodAccessorImpl.invoke(DelegatingMethodAccessorImpl.java:43)\n\tat java.base/java.lang.reflect.Method.invoke(Method.java:568)\n\tat org.testng.internal.invokers.MethodInvocationHelper.invokeMethod(MethodInvocationHelper.java:139)\n\tat org.testng.internal.invokers.MethodInvocationHelper.invokeMethodConsideringTimeout(MethodInvocationHelper.java:69)\n\tat org.testng.internal.invokers.ConfigInvoker.invokeConfigurationMethod(ConfigInvoker.java:390)\n\tat org.testng.internal.invokers.ConfigInvoker.invokeConfigurations(ConfigInvoker.java:325)\n\tat org.testng.internal.invokers.TestMethodWorker.invokeAfterClassConfigurations(TestMethodWorker.java:229)\n\tat org.testng.internal.invokers.TestMethodWorker.invokeAfterClassMethods(TestMethodWorker.java:215)\n\tat org.testng.internal.invokers.TestMethodWorker.run(TestMethodWorker.java:131)\n\tat java.base/java.util.concurrent.ThreadPoolExecutor.runWorker(ThreadPoolExecutor.java:1136)\n\tat java.base/java.util.concurrent.ThreadPoolExecutor$Worker.run(ThreadPoolExecutor.java:635)\n\tat java.base/java.lang.Thread.run(Thread.java:840)\n","steps":[],"attachments":[],"parameters":[],"shouldDisplayMessage":true,"stepsCount":0,"attachmentsCount":0,"hasContent":true,"attachmentStep":false},{"name":"tearDown","time":{"start":1708323390799,"stop":1708323390799,"duration":0},"description":"","status":"passed","steps":[],"attachments":[],"parameters":[],"shouldDisplayMessage":false,"stepsCount":0,"attachmentsCount":0,"hasContent":false,"attachmentStep":false},{"name":"logAfterClass","time":{"start":1708323390800,"stop":1708323390800,"duration":0},"description":"","status":"passed","steps":[],"attachments":[],"parameters":[],"shouldDisplayMessage":false,"stepsCount":0,"attachmentsCount":0,"hasContent":false,"attachmentStep":false},{"name":"logAfterTestsSet","time":{"start":1708323390808,"stop":1708323390808,"duration":0},"description":"","status":"passed","steps":[],"attachments":[],"parameters":[],"shouldDisplayMessage":false,"stepsCount":0,"attachmentsCount":0,"hasContent":false,"attachmentStep":false}],"labels":[{"name":"package","value":"sample.automation.tests.ui.AddBookIntoCollectionTest"},{"name":"testClass","value":"sample.automation.tests.ui.AddBookIntoCollectionTest"},{"name":"testMethod","value":"deleteTestBookFromCollectionAndReopenBookStore"},{"name":"parentSuite","value":"Surefire suite"},{"name":"suite","value":"Surefire test"},{"name":"subSuite","value":"sample.automation.tests.ui.AddBookIntoCollectionTest"},{"name":"host","value":"fv-az985-742"},{"name":"thread","value":"2329@fv-az985-742.TestNG-test=Surefire test-2(22)"},{"name":"framework","value":"testng"},{"name":"language","value":"java"},{"name":"feature","value":"Books Store"},{"name":"story","value":"User can manage books in his collection and see them on Profile"},{"name":"AS_ID","value":"-1"},{"name":"resultFormat","value":"allure2"}],"parameters":[],"links":[],"hidden":false,"retry":false,"extra":{"severity":"normal","retries":[],"categories":[{"name":"Test defects","matchedStatuses":[],"flaky":false}],"tags":[]},"source":"65fd318c0252335a.json","parameterValues":[]}