{"uid":"96659550228d511e","name":"User is able to add a book into his collection from Book Store","fullName":"sample.automation.tests.ui.AddBookIntoCollectionTest.demo_003","historyId":"c2fdfc28e4f0c42baf66ae81f0f0b31","time":{"start":1693203291099,"stop":1693203833427,"duration":542328},"status":"broken","statusMessage":"java.util.concurrent.TimeoutException\nBuild info: version: '4.10.0', revision: 'c14d967899'\nSystem info: os.name: 'Linux', os.arch: 'amd64', os.version: '5.15.0-1041-azure', java.version: '17.0.8'\nDriver info: org.openqa.selenium.chrome.ChromeDriver\nCommand: [4e61788274983f018788813e0709d1a5, executeScript {script=return window.devicePixelRatio;, args=[]}]\nCapabilities {acceptInsecureCerts: false, browserName: chrome, browserVersion: 115.0.5790.170, chrome: {chromedriverVersion: 115.0.5790.170 (cc0d30c2ca5..., userDataDir: /tmp/.org.chromium.Chromium...}, goog:chromeOptions: {debuggerAddress: localhost:39933}, networkConnectionEnabled: false, pageLoadStrategy: normal, platformName: linux, proxy: Proxy(), se:cdp: ws://localhost:39933/devtoo..., se:cdpVersion: 115.0.5790.170, setWindowRect: true, strictFileInteractability: false, timeouts: {implicit: 0, pageLoad: 300000, script: 30000}, unhandledPromptBehavior: dismiss and notify, webauthn:extension:credBlob: true, webauthn:extension:largeBlob: true, webauthn:extension:minPinLength: true, webauthn:extension:prf: true, webauthn:virtualAuthenticators: true}\nSession ID: 4e61788274983f018788813e0709d1a5","statusTrace":"org.openqa.selenium.TimeoutException: java.util.concurrent.TimeoutException\nBuild info: version: '4.10.0', revision: 'c14d967899'\nSystem info: os.name: 'Linux', os.arch: 'amd64', os.version: '5.15.0-1041-azure', java.version: '17.0.8'\nDriver info: org.openqa.selenium.chrome.ChromeDriver\nCommand: [4e61788274983f018788813e0709d1a5, executeScript {script=return window.devicePixelRatio;, args=[]}]\nCapabilities {acceptInsecureCerts: false, browserName: chrome, browserVersion: 115.0.5790.170, chrome: {chromedriverVersion: 115.0.5790.170 (cc0d30c2ca5..., userDataDir: /tmp/.org.chromium.Chromium...}, goog:chromeOptions: {debuggerAddress: localhost:39933}, networkConnectionEnabled: false, pageLoadStrategy: normal, platformName: linux, proxy: Proxy(), se:cdp: ws://localhost:39933/devtoo..., se:cdpVersion: 115.0.5790.170, setWindowRect: true, strictFileInteractability: false, timeouts: {implicit: 0, pageLoad: 300000, script: 30000}, unhandledPromptBehavior: dismiss and notify, webauthn:extension:credBlob: true, webauthn:extension:largeBlob: true, webauthn:extension:minPinLength: true, webauthn:extension:prf: true, webauthn:virtualAuthenticators: true}\nSession ID: 4e61788274983f018788813e0709d1a5\n\tat org.openqa.selenium.remote.http.netty.NettyHttpHandler.makeCall(NettyHttpHandler.java:65)\n\tat org.openqa.selenium.remote.http.AddSeleniumUserAgent.lambda$apply$0(AddSeleniumUserAgent.java:42)\n\tat org.openqa.selenium.remote.http.Filter.lambda$andFinally$1(Filter.java:55)\n\tat org.openqa.selenium.remote.http.netty.NettyHttpHandler.execute(NettyHttpHandler.java:48)\n\tat org.openqa.selenium.remote.http.AddSeleniumUserAgent.lambda$apply$0(AddSeleniumUserAgent.java:42)\n\tat org.openqa.selenium.remote.http.Filter.lambda$andFinally$1(Filter.java:55)\n\tat org.openqa.selenium.remote.http.netty.NettyClient.execute(NettyClient.java:97)\n\tat org.openqa.selenium.remote.HttpCommandExecutor.execute(HttpCommandExecutor.java:188)\n\tat org.openqa.selenium.remote.service.DriverCommandExecutor.invokeExecute(DriverCommandExecutor.java:196)\n\tat org.openqa.selenium.remote.service.DriverCommandExecutor.execute(DriverCommandExecutor.java:171)\n\tat org.openqa.selenium.remote.RemoteWebDriver.execute(RemoteWebDriver.java:531)\n\tat org.openqa.selenium.remote.RemoteWebDriver.executeScript(RemoteWebDriver.java:476)\n\tat com.assertthat.selenium_shutterbug.utils.web.Browser.executeJsScript(Browser.java:872)\n\tat com.assertthat.selenium_shutterbug.utils.web.Browser.<init>(Browser.java:81)\n\tat com.assertthat.selenium_shutterbug.core.Shutterbug.shootPage(Shutterbug.java:53)\n\tat sample.automation.utils.AttachmentsHelper.saveScreenshotPNG(AttachmentsHelper.java:26)\n\tat sample.automation.testng.CoreTestListener.saveScreenshotFromBrowserSession(CoreTestListener.java:80)\n\tat sample.automation.testng.CoreTestListener.afterInvocation(CoreTestListener.java:73)\n\tat org.testng.internal.invokers.InvokedMethodListenerInvoker.invokeListener(InvokedMethodListenerInvoker.java:59)\n\tat org.testng.internal.invokers.BaseInvoker.runInvokedMethodListeners(BaseInvoker.java:80)\n\tat org.testng.internal.invokers.TestInvoker.invokeMethod(TestInvoker.java:723)\n\tat org.testng.internal.invokers.TestInvoker.invokeTestMethod(TestInvoker.java:227)\n\tat org.testng.internal.invokers.MethodRunner.runInSequence(MethodRunner.java:50)\n\tat org.testng.internal.invokers.TestInvoker$MethodInvocationAgent.invoke(TestInvoker.java:957)\n\tat org.testng.internal.invokers.TestInvoker.invokeTestMethods(TestInvoker.java:200)\n\tat org.testng.internal.invokers.TestMethodWorker.invokeTestMethods(TestMethodWorker.java:148)\n\tat org.testng.internal.invokers.TestMethodWorker.run(TestMethodWorker.java:128)\n\tat java.base/java.util.concurrent.ThreadPoolExecutor.runWorker(ThreadPoolExecutor.java:1136)\n\tat java.base/java.util.concurrent.ThreadPoolExecutor$Worker.run(ThreadPoolExecutor.java:635)\n\tat java.base/java.lang.Thread.run(Thread.java:833)\nCaused by: java.util.concurrent.TimeoutException\n\tat java.base/java.util.concurrent.CompletableFuture.timedGet(CompletableFuture.java:1960)\n\tat java.base/java.util.concurrent.CompletableFuture.get(CompletableFuture.java:2095)\n\tat org.asynchttpclient.netty.NettyResponseFuture.get(NettyResponseFuture.java:206)\n\tat org.openqa.selenium.remote.http.netty.NettyHttpHandler.makeCall(NettyHttpHandler.java:59)\n\t... 29 more\n","flaky":false,"newFailed":false,"newBroken":false,"newPassed":false,"retriesCount":0,"retriesStatusChange":false,"beforeStages":[{"name":"logBeforeTestsSet","time":{"start":1693203275221,"stop":1693203275244,"duration":23},"description":"","status":"passed","steps":[],"attachments":[],"parameters":[],"stepsCount":0,"attachmentsCount":0,"shouldDisplayMessage":false,"hasContent":false},{"name":"logBeforeClass","time":{"start":1693203275284,"stop":1693203275285,"duration":1},"description":"","status":"passed","steps":[],"attachments":[],"parameters":[],"stepsCount":0,"attachmentsCount":0,"shouldDisplayMessage":false,"hasContent":false},{"name":"initBaseSteps","time":{"start":1693203275286,"stop":1693203281056,"duration":5770},"description":"","status":"passed","steps":[],"attachments":[],"parameters":[],"stepsCount":0,"attachmentsCount":0,"shouldDisplayMessage":false,"hasContent":false},{"name":"loginAndGetDataForTests","time":{"start":1693203281056,"stop":1693203287929,"duration":6873},"description":"","status":"passed","steps":[{"name":"Login as 'User[username=user1,role=<null>] user","time":{"start":1693203281056,"stop":1693203287929,"duration":6873},"status":"passed","steps":[{"name":"navigateToPage","time":{"start":1693203281066,"stop":1693203286223,"duration":5157},"status":"passed","steps":[],"attachments":[],"parameters":[{"name":"targetStepsClass","value":"class sample.automation.steps.ui.pages.LoginSteps"}],"stepsCount":0,"attachmentsCount":0,"shouldDisplayMessage":false,"hasContent":true},{"name":"loginPageShouldBeOpened","time":{"start":1693203286223,"stop":1693203286522,"duration":299},"status":"passed","steps":[{"name":"signInFormShouldBeDisplayed","time":{"start":1693203286471,"stop":1693203286522,"duration":51},"status":"passed","steps":[],"attachments":[],"parameters":[],"stepsCount":0,"attachmentsCount":0,"shouldDisplayMessage":false,"hasContent":false}],"attachments":[],"parameters":[],"stepsCount":1,"attachmentsCount":0,"shouldDisplayMessage":false,"hasContent":true},{"name":"Do login with credentials","time":{"start":1693203286522,"stop":1693203286965,"duration":443},"status":"passed","steps":[{"name":"enterUsername","time":{"start":1693203286522,"stop":1693203286721,"duration":199},"status":"passed","steps":[],"attachments":[],"parameters":[{"name":"username","value":"user1"}],"stepsCount":0,"attachmentsCount":0,"shouldDisplayMessage":false,"hasContent":true},{"name":"enterPassword","time":{"start":1693203286721,"stop":1693203286840,"duration":119},"status":"passed","steps":[],"attachments":[],"parameters":[{"name":"password","value":"Test@123"}],"stepsCount":0,"attachmentsCount":0,"shouldDisplayMessage":false,"hasContent":true},{"name":"clickOnLoginButton","time":{"start":1693203286840,"stop":1693203286960,"duration":120},"status":"passed","steps":[],"attachments":[],"parameters":[],"stepsCount":0,"attachmentsCount":0,"shouldDisplayMessage":false,"hasContent":false}],"attachments":[],"parameters":[{"name":"userName","value":"user1"},{"name":"password","value":"Test@123"}],"stepsCount":3,"attachmentsCount":0,"shouldDisplayMessage":false,"hasContent":true},{"name":"profilePageShouldBeOpened","time":{"start":1693203286965,"stop":1693203287831,"duration":866},"status":"passed","steps":[],"attachments":[],"parameters":[],"stepsCount":0,"attachmentsCount":0,"shouldDisplayMessage":false,"hasContent":false},{"name":"setAuthToken","time":{"start":1693203287929,"stop":1693203287929,"duration":0},"status":"passed","steps":[],"attachments":[],"parameters":[{"name":"idToken","value":"eyJhbGciOiJIUzI1NiIsInR5cCI6IkpXVCJ9.eyJ1c2VyTmFtZSI6InVzZXIxIiwicGFzc3dvcmQiOiJUZXN0QDEyMyIsImlhdCI6MTY5MzIwMzI4Nn0.ABGYrX-Sszhikjyo-9tPGqtjMedgiPNn0WcKZMjqeaQ"}],"stepsCount":0,"attachmentsCount":0,"shouldDisplayMessage":false,"hasContent":true}],"attachments":[],"parameters":[{"name":"user","value":"User[username=user1,role=<null>]"}],"stepsCount":9,"attachmentsCount":0,"shouldDisplayMessage":false,"hasContent":true}],"attachments":[],"parameters":[],"stepsCount":10,"attachmentsCount":0,"shouldDisplayMessage":false,"hasContent":true},{"name":"logBeforeMethod","time":{"start":1693203287930,"stop":1693203287938,"duration":8},"description":"","status":"passed","steps":[],"attachments":[],"parameters":[],"stepsCount":0,"attachmentsCount":0,"shouldDisplayMessage":false,"hasContent":false},{"name":"deleteTestBookFromCollectionAndReopenBookStore","time":{"start":1693203287939,"stop":1693203291095,"duration":3156},"description":"","status":"passed","steps":[{"name":"Get books collection for 'cc8d82b7-1b82-4528-a3ef-165d93e9cc73' user ID","time":{"start":1693203287940,"stop":1693203288329,"duration":389},"status":"passed","steps":[{"name":"GET /User/..","time":{"start":1693203287940,"stop":1693203288281,"duration":341},"status":"passed","steps":[],"attachments":[],"parameters":[{"name":"userId","value":"cc8d82b7-1b82-4528-a3ef-165d93e9cc73"}],"stepsCount":0,"attachmentsCount":0,"shouldDisplayMessage":false,"hasContent":true}],"attachments":[],"parameters":[{"name":"userId","value":"cc8d82b7-1b82-4528-a3ef-165d93e9cc73"}],"stepsCount":1,"attachmentsCount":0,"shouldDisplayMessage":false,"hasContent":true},{"name":"Delete book from user's collection","time":{"start":1693203288336,"stop":1693203288731,"duration":395},"status":"passed","steps":[{"name":"DELETE /Book","time":{"start":1693203288336,"stop":1693203288731,"duration":395},"status":"passed","steps":[],"attachments":[],"parameters":[{"name":"bodyContent","value":"{\n  \"isbn\": \"9781593275846\",\n  \"userId\": \"cc8d82b7-1b82-4528-a3ef-165d93e9cc73\"\n}"}],"stepsCount":0,"attachmentsCount":0,"shouldDisplayMessage":false,"hasContent":true}],"attachments":[],"parameters":[{"name":"isbn","value":"9781593275846"},{"name":"userId","value":"cc8d82b7-1b82-4528-a3ef-165d93e9cc73"}],"stepsCount":1,"attachmentsCount":0,"shouldDisplayMessage":false,"hasContent":true},{"name":"navigateToPage","time":{"start":1693203288731,"stop":1693203290466,"duration":1735},"status":"passed","steps":[],"attachments":[],"parameters":[{"name":"targetStepsClass","value":"class sample.automation.steps.ui.pages.BookStoreSteps"}],"stepsCount":0,"attachmentsCount":0,"shouldDisplayMessage":false,"hasContent":true},{"name":"Book Store page is opened","time":{"start":1693203290466,"stop":1693203291095,"duration":629},"status":"passed","steps":[],"attachments":[],"parameters":[],"stepsCount":0,"attachmentsCount":0,"shouldDisplayMessage":false,"hasContent":false}],"attachments":[],"parameters":[],"stepsCount":6,"attachmentsCount":0,"shouldDisplayMessage":false,"hasContent":true}],"testStage":{"status":"broken","statusMessage":"java.util.concurrent.TimeoutException\nBuild info: version: '4.10.0', revision: 'c14d967899'\nSystem info: os.name: 'Linux', os.arch: 'amd64', os.version: '5.15.0-1041-azure', java.version: '17.0.8'\nDriver info: org.openqa.selenium.chrome.ChromeDriver\nCommand: [4e61788274983f018788813e0709d1a5, executeScript {script=return window.devicePixelRatio;, args=[]}]\nCapabilities {acceptInsecureCerts: false, browserName: chrome, browserVersion: 115.0.5790.170, chrome: {chromedriverVersion: 115.0.5790.170 (cc0d30c2ca5..., userDataDir: /tmp/.org.chromium.Chromium...}, goog:chromeOptions: {debuggerAddress: localhost:39933}, networkConnectionEnabled: false, pageLoadStrategy: normal, platformName: linux, proxy: Proxy(), se:cdp: ws://localhost:39933/devtoo..., se:cdpVersion: 115.0.5790.170, setWindowRect: true, strictFileInteractability: false, timeouts: {implicit: 0, pageLoad: 300000, script: 30000}, unhandledPromptBehavior: dismiss and notify, webauthn:extension:credBlob: true, webauthn:extension:largeBlob: true, webauthn:extension:minPinLength: true, webauthn:extension:prf: true, webauthn:virtualAuthenticators: true}\nSession ID: 4e61788274983f018788813e0709d1a5","statusTrace":"org.openqa.selenium.TimeoutException: java.util.concurrent.TimeoutException\nBuild info: version: '4.10.0', revision: 'c14d967899'\nSystem info: os.name: 'Linux', os.arch: 'amd64', os.version: '5.15.0-1041-azure', java.version: '17.0.8'\nDriver info: org.openqa.selenium.chrome.ChromeDriver\nCommand: [4e61788274983f018788813e0709d1a5, executeScript {script=return window.devicePixelRatio;, args=[]}]\nCapabilities {acceptInsecureCerts: false, browserName: chrome, browserVersion: 115.0.5790.170, chrome: {chromedriverVersion: 115.0.5790.170 (cc0d30c2ca5..., userDataDir: /tmp/.org.chromium.Chromium...}, goog:chromeOptions: {debuggerAddress: localhost:39933}, networkConnectionEnabled: false, pageLoadStrategy: normal, platformName: linux, proxy: Proxy(), se:cdp: ws://localhost:39933/devtoo..., se:cdpVersion: 115.0.5790.170, setWindowRect: true, strictFileInteractability: false, timeouts: {implicit: 0, pageLoad: 300000, script: 30000}, unhandledPromptBehavior: dismiss and notify, webauthn:extension:credBlob: true, webauthn:extension:largeBlob: true, webauthn:extension:minPinLength: true, webauthn:extension:prf: true, webauthn:virtualAuthenticators: true}\nSession ID: 4e61788274983f018788813e0709d1a5\n\tat org.openqa.selenium.remote.http.netty.NettyHttpHandler.makeCall(NettyHttpHandler.java:65)\n\tat org.openqa.selenium.remote.http.AddSeleniumUserAgent.lambda$apply$0(AddSeleniumUserAgent.java:42)\n\tat org.openqa.selenium.remote.http.Filter.lambda$andFinally$1(Filter.java:55)\n\tat org.openqa.selenium.remote.http.netty.NettyHttpHandler.execute(NettyHttpHandler.java:48)\n\tat org.openqa.selenium.remote.http.AddSeleniumUserAgent.lambda$apply$0(AddSeleniumUserAgent.java:42)\n\tat org.openqa.selenium.remote.http.Filter.lambda$andFinally$1(Filter.java:55)\n\tat org.openqa.selenium.remote.http.netty.NettyClient.execute(NettyClient.java:97)\n\tat org.openqa.selenium.remote.HttpCommandExecutor.execute(HttpCommandExecutor.java:188)\n\tat org.openqa.selenium.remote.service.DriverCommandExecutor.invokeExecute(DriverCommandExecutor.java:196)\n\tat org.openqa.selenium.remote.service.DriverCommandExecutor.execute(DriverCommandExecutor.java:171)\n\tat org.openqa.selenium.remote.RemoteWebDriver.execute(RemoteWebDriver.java:531)\n\tat org.openqa.selenium.remote.RemoteWebDriver.executeScript(RemoteWebDriver.java:476)\n\tat com.assertthat.selenium_shutterbug.utils.web.Browser.executeJsScript(Browser.java:872)\n\tat com.assertthat.selenium_shutterbug.utils.web.Browser.<init>(Browser.java:81)\n\tat com.assertthat.selenium_shutterbug.core.Shutterbug.shootPage(Shutterbug.java:53)\n\tat sample.automation.utils.AttachmentsHelper.saveScreenshotPNG(AttachmentsHelper.java:26)\n\tat sample.automation.testng.CoreTestListener.saveScreenshotFromBrowserSession(CoreTestListener.java:80)\n\tat sample.automation.testng.CoreTestListener.afterInvocation(CoreTestListener.java:73)\n\tat org.testng.internal.invokers.InvokedMethodListenerInvoker.invokeListener(InvokedMethodListenerInvoker.java:59)\n\tat org.testng.internal.invokers.BaseInvoker.runInvokedMethodListeners(BaseInvoker.java:80)\n\tat org.testng.internal.invokers.TestInvoker.invokeMethod(TestInvoker.java:723)\n\tat org.testng.internal.invokers.TestInvoker.invokeTestMethod(TestInvoker.java:227)\n\tat org.testng.internal.invokers.MethodRunner.runInSequence(MethodRunner.java:50)\n\tat org.testng.internal.invokers.TestInvoker$MethodInvocationAgent.invoke(TestInvoker.java:957)\n\tat org.testng.internal.invokers.TestInvoker.invokeTestMethods(TestInvoker.java:200)\n\tat org.testng.internal.invokers.TestMethodWorker.invokeTestMethods(TestMethodWorker.java:148)\n\tat org.testng.internal.invokers.TestMethodWorker.run(TestMethodWorker.java:128)\n\tat java.base/java.util.concurrent.ThreadPoolExecutor.runWorker(ThreadPoolExecutor.java:1136)\n\tat java.base/java.util.concurrent.ThreadPoolExecutor$Worker.run(ThreadPoolExecutor.java:635)\n\tat java.base/java.lang.Thread.run(Thread.java:833)\nCaused by: java.util.concurrent.TimeoutException\n\tat java.base/java.util.concurrent.CompletableFuture.timedGet(CompletableFuture.java:1960)\n\tat java.base/java.util.concurrent.CompletableFuture.get(CompletableFuture.java:2095)\n\tat org.asynchttpclient.netty.NettyResponseFuture.get(NettyResponseFuture.java:206)\n\tat org.openqa.selenium.remote.http.netty.NettyHttpHandler.makeCall(NettyHttpHandler.java:59)\n\t... 29 more\n","steps":[{"name":"Click on '9781593275846' book title-link in the books table","time":{"start":1693203291099,"stop":1693203292376,"duration":1277},"status":"passed","steps":[],"attachments":[],"parameters":[{"name":"isbn","value":"9781593275846"}],"stepsCount":0,"attachmentsCount":0,"shouldDisplayMessage":false,"hasContent":true},{"name":"Book Store page is opened","time":{"start":1693203292376,"stop":1693203292758,"duration":382},"status":"passed","steps":[],"attachments":[],"parameters":[{"name":"isbn","value":"9781593275846"}],"stepsCount":0,"attachmentsCount":0,"shouldDisplayMessage":false,"hasContent":true},{"name":"Click on Add To Your Collection button on book details","time":{"start":1693203292758,"stop":1693203293032,"duration":274},"status":"passed","steps":[],"attachments":[],"parameters":[],"stepsCount":0,"attachmentsCount":0,"shouldDisplayMessage":false,"hasContent":false},{"name":"Click on 'Book Store Application' section title in navigation bar","time":{"start":1693203293033,"stop":1693203653415,"duration":360382},"status":"broken","statusMessage":"java.util.concurrent.TimeoutException\nBuild info: version: '4.10.0', revision: 'c14d967899'\nSystem info: os.name: 'Linux', os.arch: 'amd64', os.version: '5.15.0-1041-azure', java.version: '17.0.8'\nDriver info: org.openqa.selenium.chrome.ChromeDriver\nCommand: [4e61788274983f018788813e0709d1a5, findElement {using=xpath, value=//div[@class='left-pannel']}]\nCapabilities {acceptInsecureCerts: false, browserName: chrome, browserVersion: 115.0.5790.170, chrome: {chromedriverVersion: 115.0.5790.170 (cc0d30c2ca5..., userDataDir: /tmp/.org.chromium.Chromium...}, goog:chromeOptions: {debuggerAddress: localhost:39933}, networkConnectionEnabled: false, pageLoadStrategy: normal, platformName: linux, proxy: Proxy(), se:cdp: ws://localhost:39933/devtoo..., se:cdpVersion: 115.0.5790.170, setWindowRect: true, strictFileInteractability: false, timeouts: {implicit: 0, pageLoad: 300000, script: 30000}, unhandledPromptBehavior: dismiss and notify, webauthn:extension:credBlob: true, webauthn:extension:largeBlob: true, webauthn:extension:minPinLength: true, webauthn:extension:prf: true, webauthn:virtualAuthenticators: true}\nSession ID: 4e61788274983f018788813e0709d1a5","statusTrace":"org.openqa.selenium.TimeoutException: java.util.concurrent.TimeoutException\nBuild info: version: '4.10.0', revision: 'c14d967899'\nSystem info: os.name: 'Linux', os.arch: 'amd64', os.version: '5.15.0-1041-azure', java.version: '17.0.8'\nDriver info: org.openqa.selenium.chrome.ChromeDriver\nCommand: [4e61788274983f018788813e0709d1a5, findElement {using=xpath, value=//div[@class='left-pannel']}]\nCapabilities {acceptInsecureCerts: false, browserName: chrome, browserVersion: 115.0.5790.170, chrome: {chromedriverVersion: 115.0.5790.170 (cc0d30c2ca5..., userDataDir: /tmp/.org.chromium.Chromium...}, goog:chromeOptions: {debuggerAddress: localhost:39933}, networkConnectionEnabled: false, pageLoadStrategy: normal, platformName: linux, proxy: Proxy(), se:cdp: ws://localhost:39933/devtoo..., se:cdpVersion: 115.0.5790.170, setWindowRect: true, strictFileInteractability: false, timeouts: {implicit: 0, pageLoad: 300000, script: 30000}, unhandledPromptBehavior: dismiss and notify, webauthn:extension:credBlob: true, webauthn:extension:largeBlob: true, webauthn:extension:minPinLength: true, webauthn:extension:prf: true, webauthn:virtualAuthenticators: true}\nSession ID: 4e61788274983f018788813e0709d1a5\n\tat org.openqa.selenium.remote.http.netty.NettyHttpHandler.makeCall(NettyHttpHandler.java:65)\n\tat org.openqa.selenium.remote.http.AddSeleniumUserAgent.lambda$apply$0(AddSeleniumUserAgent.java:42)\n\tat org.openqa.selenium.remote.http.Filter.lambda$andFinally$1(Filter.java:55)\n\tat org.openqa.selenium.remote.http.netty.NettyHttpHandler.execute(NettyHttpHandler.java:48)\n\tat org.openqa.selenium.remote.http.AddSeleniumUserAgent.lambda$apply$0(AddSeleniumUserAgent.java:42)\n\tat org.openqa.selenium.remote.http.Filter.lambda$andFinally$1(Filter.java:55)\n\tat org.openqa.selenium.remote.http.netty.NettyClient.execute(NettyClient.java:97)\n\tat org.openqa.selenium.remote.HttpCommandExecutor.execute(HttpCommandExecutor.java:188)\n\tat org.openqa.selenium.remote.service.DriverCommandExecutor.invokeExecute(DriverCommandExecutor.java:196)\n\tat org.openqa.selenium.remote.service.DriverCommandExecutor.execute(DriverCommandExecutor.java:171)\n\tat org.openqa.selenium.remote.RemoteWebDriver.execute(RemoteWebDriver.java:531)\n\tat org.openqa.selenium.remote.ElementLocation$ElementFinder$2.findElement(ElementLocation.java:165)\n\tat org.openqa.selenium.remote.ElementLocation.findElement(ElementLocation.java:59)\n\tat org.openqa.selenium.remote.RemoteWebDriver.findElement(RemoteWebDriver.java:350)\n\tat org.openqa.selenium.remote.RemoteWebDriver.findElement(RemoteWebDriver.java:344)\n\tat jdk.internal.reflect.GeneratedMethodAccessor73.invoke(Unknown Source)\n\tat java.base/jdk.internal.reflect.DelegatingMethodAccessorImpl.invoke(DelegatingMethodAccessorImpl.java:43)\n\tat java.base/java.lang.reflect.Method.invoke(Method.java:568)\n\tat io.qameta.atlas.core.internal.TargetMethodInvoker.invoke(TargetMethodInvoker.java:24)\n\tat io.qameta.atlas.core.internal.AtlasMethodHandler.invokeWithRetry(AtlasMethodHandler.java:64)\n\tat io.qameta.atlas.core.internal.AtlasMethodHandler.invoke(AtlasMethodHandler.java:40)\n\tat jdk.proxy2/jdk.proxy2.$Proxy43.findElement(Unknown Source)\n\tat io.qameta.atlas.webdriver.extension.FindByExtension.lambda$invoke$2(FindByExtension.java:60)\n\tat io.qameta.atlas.core.target.LazyTarget.instance(LazyTarget.java:28)\n\tat io.qameta.atlas.core.internal.TargetMethodInvoker.invoke(TargetMethodInvoker.java:19)\n\tat io.qameta.atlas.core.internal.AtlasMethodHandler.invokeWithRetry(AtlasMethodHandler.java:64)\n\tat io.qameta.atlas.core.internal.AtlasMethodHandler.invoke(AtlasMethodHandler.java:40)\n\tat jdk.proxy2/jdk.proxy2.$Proxy62.findElement(Unknown Source)\n\tat io.qameta.atlas.webdriver.extension.FindByExtension.lambda$invoke$2(FindByExtension.java:60)\n\tat io.qameta.atlas.core.target.LazyTarget.instance(LazyTarget.java:28)\n\tat io.qameta.atlas.core.internal.TargetMethodInvoker.invoke(TargetMethodInvoker.java:19)\n\tat io.qameta.atlas.core.internal.AtlasMethodHandler.invokeWithRetry(AtlasMethodHandler.java:64)\n\tat io.qameta.atlas.core.internal.AtlasMethodHandler.invoke(AtlasMethodHandler.java:40)\n\tat jdk.proxy2/jdk.proxy2.$Proxy63.findElement(Unknown Source)\n\tat io.qameta.atlas.webdriver.extension.FindByExtension.lambda$invoke$2(FindByExtension.java:60)\n\tat io.qameta.atlas.core.target.LazyTarget.instance(LazyTarget.java:28)\n\tat io.qameta.atlas.core.internal.TargetMethodInvoker.invoke(TargetMethodInvoker.java:19)\n\tat io.qameta.atlas.core.internal.AtlasMethodHandler.invokeWithRetry(AtlasMethodHandler.java:64)\n\tat io.qameta.atlas.core.internal.AtlasMethodHandler.invoke(AtlasMethodHandler.java:40)\n\tat jdk.proxy2/jdk.proxy2.$Proxy55.getAttribute(Unknown Source)\n\tat sample.automation.matchers.HasAttributeMatcher.describeMismatchSafely(HasAttributeMatcher.java:58)\n\tat sample.automation.matchers.HasAttributeMatcher.describeMismatchSafely(HasAttributeMatcher.java:16)\n\tat org.hamcrest.TypeSafeMatcher.describeMismatch(TypeSafeMatcher.java:82)\n\tat io.qameta.atlas.webdriver.extension.ShouldMethodExtension.invoke(ShouldMethodExtension.java:38)\n\tat io.qameta.atlas.core.internal.AtlasMethodHandler.invokeWithRetry(AtlasMethodHandler.java:64)\n\tat io.qameta.atlas.core.internal.AtlasMethodHandler.invoke(AtlasMethodHandler.java:40)\n\tat jdk.proxy2/jdk.proxy2.$Proxy55.should(Unknown Source)\n\tat sample.automation.elements.navbar.NavBarSection.shouldBeExpanded(NavBarSection.java:23)\n\tat java.base/java.lang.invoke.MethodHandle.invokeWithArguments(MethodHandle.java:732)\n\tat io.qameta.atlas.core.internal.DefaultMethodExtension.invoke(DefaultMethodExtension.java:51)\n\tat io.qameta.atlas.core.internal.AtlasMethodHandler.invokeWithRetry(AtlasMethodHandler.java:64)\n\tat io.qameta.atlas.core.internal.AtlasMethodHandler.invoke(AtlasMethodHandler.java:40)\n\tat jdk.proxy2/jdk.proxy2.$Proxy63.shouldBeExpanded(Unknown Source)\n\tat sample.automation.steps.ui.generic.NavigationBarSteps.sectionShouldHaveExpandedState(NavigationBarSteps.java:32)\n\tat sample.automation.tests.ui.AddBookIntoCollectionTest.demo_003(AddBookIntoCollectionTest.java:58)\n\tat java.base/jdk.internal.reflect.NativeMethodAccessorImpl.invoke0(Native Method)\n\tat java.base/jdk.internal.reflect.NativeMethodAccessorImpl.invoke(NativeMethodAccessorImpl.java:77)\n\tat java.base/jdk.internal.reflect.DelegatingMethodAccessorImpl.invoke(DelegatingMethodAccessorImpl.java:43)\n\tat java.base/java.lang.reflect.Method.invoke(Method.java:568)\n\tat org.testng.internal.invokers.MethodInvocationHelper.invokeMethod(MethodInvocationHelper.java:139)\n\tat org.testng.internal.invokers.TestInvoker.invokeMethod(TestInvoker.java:664)\n\tat org.testng.internal.invokers.TestInvoker.invokeTestMethod(TestInvoker.java:227)\n\tat org.testng.internal.invokers.MethodRunner.runInSequence(MethodRunner.java:50)\n\tat org.testng.internal.invokers.TestInvoker$MethodInvocationAgent.invoke(TestInvoker.java:957)\n\tat org.testng.internal.invokers.TestInvoker.invokeTestMethods(TestInvoker.java:200)\n\tat org.testng.internal.invokers.TestMethodWorker.invokeTestMethods(TestMethodWorker.java:148)\n\tat org.testng.internal.invokers.TestMethodWorker.run(TestMethodWorker.java:128)\n\tat java.base/java.util.concurrent.ThreadPoolExecutor.runWorker(ThreadPoolExecutor.java:1136)\n\tat java.base/java.util.concurrent.ThreadPoolExecutor$Worker.run(ThreadPoolExecutor.java:635)\n\tat java.base/java.lang.Thread.run(Thread.java:833)\nCaused by: java.util.concurrent.TimeoutException\n\tat java.base/java.util.concurrent.CompletableFuture.timedGet(CompletableFuture.java:1960)\n\tat java.base/java.util.concurrent.CompletableFuture.get(CompletableFuture.java:2095)\n\tat org.asynchttpclient.netty.NettyResponseFuture.get(NettyResponseFuture.java:206)\n\tat org.openqa.selenium.remote.http.netty.NettyHttpHandler.makeCall(NettyHttpHandler.java:59)\n\t... 69 more\n","steps":[],"attachments":[],"parameters":[{"name":"sectionTitle","value":"Book Store Application"},{"name":"isExpanded","value":"true"}],"stepsCount":0,"attachmentsCount":0,"shouldDisplayMessage":true,"hasContent":true}],"attachments":[],"parameters":[],"stepsCount":4,"attachmentsCount":0,"shouldDisplayMessage":true,"hasContent":true},"afterStages":[{"name":"checkConsoleErrors","time":{"start":1693203833434,"stop":1693204013437,"duration":180003},"description":"","status":"broken","statusMessage":"java.util.concurrent.TimeoutException\nBuild info: version: '4.10.0', revision: 'c14d967899'\nSystem info: os.name: 'Linux', os.arch: 'amd64', os.version: '5.15.0-1041-azure', java.version: '17.0.8'\nDriver info: org.openqa.selenium.chrome.ChromeDriver\nCommand: [4e61788274983f018788813e0709d1a5, getLog {type=browser}]\nCapabilities {acceptInsecureCerts: false, browserName: chrome, browserVersion: 115.0.5790.170, chrome: {chromedriverVersion: 115.0.5790.170 (cc0d30c2ca5..., userDataDir: /tmp/.org.chromium.Chromium...}, goog:chromeOptions: {debuggerAddress: localhost:39933}, networkConnectionEnabled: false, pageLoadStrategy: normal, platformName: linux, proxy: Proxy(), se:cdp: ws://localhost:39933/devtoo..., se:cdpVersion: 115.0.5790.170, setWindowRect: true, strictFileInteractability: false, timeouts: {implicit: 0, pageLoad: 300000, script: 30000}, unhandledPromptBehavior: dismiss and notify, webauthn:extension:credBlob: true, webauthn:extension:largeBlob: true, webauthn:extension:minPinLength: true, webauthn:extension:prf: true, webauthn:virtualAuthenticators: true}\nSession ID: 4e61788274983f018788813e0709d1a5","statusTrace":"org.openqa.selenium.TimeoutException: java.util.concurrent.TimeoutException\nBuild info: version: '4.10.0', revision: 'c14d967899'\nSystem info: os.name: 'Linux', os.arch: 'amd64', os.version: '5.15.0-1041-azure', java.version: '17.0.8'\nDriver info: org.openqa.selenium.chrome.ChromeDriver\nCommand: [4e61788274983f018788813e0709d1a5, getLog {type=browser}]\nCapabilities {acceptInsecureCerts: false, browserName: chrome, browserVersion: 115.0.5790.170, chrome: {chromedriverVersion: 115.0.5790.170 (cc0d30c2ca5..., userDataDir: /tmp/.org.chromium.Chromium...}, goog:chromeOptions: {debuggerAddress: localhost:39933}, networkConnectionEnabled: false, pageLoadStrategy: normal, platformName: linux, proxy: Proxy(), se:cdp: ws://localhost:39933/devtoo..., se:cdpVersion: 115.0.5790.170, setWindowRect: true, strictFileInteractability: false, timeouts: {implicit: 0, pageLoad: 300000, script: 30000}, unhandledPromptBehavior: dismiss and notify, webauthn:extension:credBlob: true, webauthn:extension:largeBlob: true, webauthn:extension:minPinLength: true, webauthn:extension:prf: true, webauthn:virtualAuthenticators: true}\nSession ID: 4e61788274983f018788813e0709d1a5\n\tat org.openqa.selenium.remote.http.netty.NettyHttpHandler.makeCall(NettyHttpHandler.java:65)\n\tat org.openqa.selenium.remote.http.AddSeleniumUserAgent.lambda$apply$0(AddSeleniumUserAgent.java:42)\n\tat org.openqa.selenium.remote.http.Filter.lambda$andFinally$1(Filter.java:55)\n\tat org.openqa.selenium.remote.http.netty.NettyHttpHandler.execute(NettyHttpHandler.java:48)\n\tat org.openqa.selenium.remote.http.AddSeleniumUserAgent.lambda$apply$0(AddSeleniumUserAgent.java:42)\n\tat org.openqa.selenium.remote.http.Filter.lambda$andFinally$1(Filter.java:55)\n\tat org.openqa.selenium.remote.http.netty.NettyClient.execute(NettyClient.java:97)\n\tat org.openqa.selenium.remote.HttpCommandExecutor.execute(HttpCommandExecutor.java:188)\n\tat org.openqa.selenium.remote.service.DriverCommandExecutor.invokeExecute(DriverCommandExecutor.java:196)\n\tat org.openqa.selenium.remote.service.DriverCommandExecutor.execute(DriverCommandExecutor.java:171)\n\tat org.openqa.selenium.remote.RemoteWebDriver.execute(RemoteWebDriver.java:531)\n\tat org.openqa.selenium.remote.RemoteWebDriver.execute(RemoteWebDriver.java:590)\n\tat org.openqa.selenium.remote.RemoteExecuteMethod.execute(RemoteExecuteMethod.java:39)\n\tat org.openqa.selenium.remote.RemoteLogs.getRemoteEntries(RemoteLogs.java:78)\n\tat org.openqa.selenium.remote.RemoteLogs.get(RemoteLogs.java:74)\n\tat sample.automation.webdriver.WebDriverSteps.checkErrorsInConsole(WebDriverSteps.java:222)\n\tat sample.automation.webdriver.WebDriverSteps.checkUnexpectedErrorsInConsole(WebDriverSteps.java:210)\n\tat sample.automation.testng.BaseTest.checkConsoleErrors(BaseTest.java:67)\n\tat java.base/jdk.internal.reflect.NativeMethodAccessorImpl.invoke0(Native Method)\n\tat java.base/jdk.internal.reflect.NativeMethodAccessorImpl.invoke(NativeMethodAccessorImpl.java:77)\n\tat java.base/jdk.internal.reflect.DelegatingMethodAccessorImpl.invoke(DelegatingMethodAccessorImpl.java:43)\n\tat java.base/java.lang.reflect.Method.invoke(Method.java:568)\n\tat org.testng.internal.invokers.MethodInvocationHelper.invokeMethod(MethodInvocationHelper.java:139)\n\tat org.testng.internal.invokers.MethodInvocationHelper.invokeMethodConsideringTimeout(MethodInvocationHelper.java:69)\n\tat org.testng.internal.invokers.ConfigInvoker.invokeConfigurationMethod(ConfigInvoker.java:390)\n\tat org.testng.internal.invokers.ConfigInvoker.invokeConfigurations(ConfigInvoker.java:325)\n\tat org.testng.internal.invokers.TestMethodWorker.invokeAfterClassConfigurations(TestMethodWorker.java:229)\n\tat org.testng.internal.invokers.TestMethodWorker.invokeAfterClassMethods(TestMethodWorker.java:215)\n\tat org.testng.internal.invokers.TestMethodWorker.run(TestMethodWorker.java:131)\n\tat java.base/java.util.concurrent.ThreadPoolExecutor.runWorker(ThreadPoolExecutor.java:1136)\n\tat java.base/java.util.concurrent.ThreadPoolExecutor$Worker.run(ThreadPoolExecutor.java:635)\n\tat java.base/java.lang.Thread.run(Thread.java:833)\nCaused by: java.util.concurrent.TimeoutException\n\tat java.base/java.util.concurrent.CompletableFuture.timedGet(CompletableFuture.java:1960)\n\tat java.base/java.util.concurrent.CompletableFuture.get(CompletableFuture.java:2095)\n\tat org.asynchttpclient.netty.NettyResponseFuture.get(NettyResponseFuture.java:206)\n\tat org.openqa.selenium.remote.http.netty.NettyHttpHandler.makeCall(NettyHttpHandler.java:59)\n\t... 31 more\n","steps":[{"name":"checkUnexpectedErrorsInConsole","time":{"start":1693203833434,"stop":1693204013437,"duration":180003},"status":"broken","statusMessage":"java.util.concurrent.TimeoutException\nBuild info: version: '4.10.0', revision: 'c14d967899'\nSystem info: os.name: 'Linux', os.arch: 'amd64', os.version: '5.15.0-1041-azure', java.version: '17.0.8'\nDriver info: org.openqa.selenium.chrome.ChromeDriver\nCommand: [4e61788274983f018788813e0709d1a5, getLog {type=browser}]\nCapabilities {acceptInsecureCerts: false, browserName: chrome, browserVersion: 115.0.5790.170, chrome: {chromedriverVersion: 115.0.5790.170 (cc0d30c2ca5..., userDataDir: /tmp/.org.chromium.Chromium...}, goog:chromeOptions: {debuggerAddress: localhost:39933}, networkConnectionEnabled: false, pageLoadStrategy: normal, platformName: linux, proxy: Proxy(), se:cdp: ws://localhost:39933/devtoo..., se:cdpVersion: 115.0.5790.170, setWindowRect: true, strictFileInteractability: false, timeouts: {implicit: 0, pageLoad: 300000, script: 30000}, unhandledPromptBehavior: dismiss and notify, webauthn:extension:credBlob: true, webauthn:extension:largeBlob: true, webauthn:extension:minPinLength: true, webauthn:extension:prf: true, webauthn:virtualAuthenticators: true}\nSession ID: 4e61788274983f018788813e0709d1a5","statusTrace":"org.openqa.selenium.TimeoutException: java.util.concurrent.TimeoutException\nBuild info: version: '4.10.0', revision: 'c14d967899'\nSystem info: os.name: 'Linux', os.arch: 'amd64', os.version: '5.15.0-1041-azure', java.version: '17.0.8'\nDriver info: org.openqa.selenium.chrome.ChromeDriver\nCommand: [4e61788274983f018788813e0709d1a5, getLog {type=browser}]\nCapabilities {acceptInsecureCerts: false, browserName: chrome, browserVersion: 115.0.5790.170, chrome: {chromedriverVersion: 115.0.5790.170 (cc0d30c2ca5..., userDataDir: /tmp/.org.chromium.Chromium...}, goog:chromeOptions: {debuggerAddress: localhost:39933}, networkConnectionEnabled: false, pageLoadStrategy: normal, platformName: linux, proxy: Proxy(), se:cdp: ws://localhost:39933/devtoo..., se:cdpVersion: 115.0.5790.170, setWindowRect: true, strictFileInteractability: false, timeouts: {implicit: 0, pageLoad: 300000, script: 30000}, unhandledPromptBehavior: dismiss and notify, webauthn:extension:credBlob: true, webauthn:extension:largeBlob: true, webauthn:extension:minPinLength: true, webauthn:extension:prf: true, webauthn:virtualAuthenticators: true}\nSession ID: 4e61788274983f018788813e0709d1a5\n\tat org.openqa.selenium.remote.http.netty.NettyHttpHandler.makeCall(NettyHttpHandler.java:65)\n\tat org.openqa.selenium.remote.http.AddSeleniumUserAgent.lambda$apply$0(AddSeleniumUserAgent.java:42)\n\tat org.openqa.selenium.remote.http.Filter.lambda$andFinally$1(Filter.java:55)\n\tat org.openqa.selenium.remote.http.netty.NettyHttpHandler.execute(NettyHttpHandler.java:48)\n\tat org.openqa.selenium.remote.http.AddSeleniumUserAgent.lambda$apply$0(AddSeleniumUserAgent.java:42)\n\tat org.openqa.selenium.remote.http.Filter.lambda$andFinally$1(Filter.java:55)\n\tat org.openqa.selenium.remote.http.netty.NettyClient.execute(NettyClient.java:97)\n\tat org.openqa.selenium.remote.HttpCommandExecutor.execute(HttpCommandExecutor.java:188)\n\tat org.openqa.selenium.remote.service.DriverCommandExecutor.invokeExecute(DriverCommandExecutor.java:196)\n\tat org.openqa.selenium.remote.service.DriverCommandExecutor.execute(DriverCommandExecutor.java:171)\n\tat org.openqa.selenium.remote.RemoteWebDriver.execute(RemoteWebDriver.java:531)\n\tat org.openqa.selenium.remote.RemoteWebDriver.execute(RemoteWebDriver.java:590)\n\tat org.openqa.selenium.remote.RemoteExecuteMethod.execute(RemoteExecuteMethod.java:39)\n\tat org.openqa.selenium.remote.RemoteLogs.getRemoteEntries(RemoteLogs.java:78)\n\tat org.openqa.selenium.remote.RemoteLogs.get(RemoteLogs.java:74)\n\tat sample.automation.webdriver.WebDriverSteps.checkErrorsInConsole(WebDriverSteps.java:222)\n\tat sample.automation.webdriver.WebDriverSteps.checkUnexpectedErrorsInConsole(WebDriverSteps.java:210)\n\tat sample.automation.testng.BaseTest.checkConsoleErrors(BaseTest.java:67)\n\tat java.base/jdk.internal.reflect.NativeMethodAccessorImpl.invoke0(Native Method)\n\tat java.base/jdk.internal.reflect.NativeMethodAccessorImpl.invoke(NativeMethodAccessorImpl.java:77)\n\tat java.base/jdk.internal.reflect.DelegatingMethodAccessorImpl.invoke(DelegatingMethodAccessorImpl.java:43)\n\tat java.base/java.lang.reflect.Method.invoke(Method.java:568)\n\tat org.testng.internal.invokers.MethodInvocationHelper.invokeMethod(MethodInvocationHelper.java:139)\n\tat org.testng.internal.invokers.MethodInvocationHelper.invokeMethodConsideringTimeout(MethodInvocationHelper.java:69)\n\tat org.testng.internal.invokers.ConfigInvoker.invokeConfigurationMethod(ConfigInvoker.java:390)\n\tat org.testng.internal.invokers.ConfigInvoker.invokeConfigurations(ConfigInvoker.java:325)\n\tat org.testng.internal.invokers.TestMethodWorker.invokeAfterClassConfigurations(TestMethodWorker.java:229)\n\tat org.testng.internal.invokers.TestMethodWorker.invokeAfterClassMethods(TestMethodWorker.java:215)\n\tat org.testng.internal.invokers.TestMethodWorker.run(TestMethodWorker.java:131)\n\tat java.base/java.util.concurrent.ThreadPoolExecutor.runWorker(ThreadPoolExecutor.java:1136)\n\tat java.base/java.util.concurrent.ThreadPoolExecutor$Worker.run(ThreadPoolExecutor.java:635)\n\tat java.base/java.lang.Thread.run(Thread.java:833)\nCaused by: java.util.concurrent.TimeoutException\n\tat java.base/java.util.concurrent.CompletableFuture.timedGet(CompletableFuture.java:1960)\n\tat java.base/java.util.concurrent.CompletableFuture.get(CompletableFuture.java:2095)\n\tat org.asynchttpclient.netty.NettyResponseFuture.get(NettyResponseFuture.java:206)\n\tat org.openqa.selenium.remote.http.netty.NettyHttpHandler.makeCall(NettyHttpHandler.java:59)\n\t... 31 more\n","steps":[],"attachments":[],"parameters":[],"stepsCount":0,"attachmentsCount":0,"shouldDisplayMessage":true,"hasContent":true}],"attachments":[],"parameters":[],"stepsCount":1,"attachmentsCount":0,"shouldDisplayMessage":false,"hasContent":true},{"name":"tearDown","time":{"start":1693204013441,"stop":1693204038450,"duration":25009},"description":"","status":"broken","statusMessage":"Timed out waiting for driver server to stop.\nBuild info: version: '4.10.0', revision: 'c14d967899'\nSystem info: os.name: 'Linux', os.arch: 'amd64', os.version: '5.15.0-1041-azure', java.version: '17.0.8'\nDriver info: org.openqa.selenium.chrome.ChromeDriver\nCommand: [4e61788274983f018788813e0709d1a5, quit {}]\nCapabilities {acceptInsecureCerts: false, browserName: chrome, browserVersion: 115.0.5790.170, chrome: {chromedriverVersion: 115.0.5790.170 (cc0d30c2ca5..., userDataDir: /tmp/.org.chromium.Chromium...}, goog:chromeOptions: {debuggerAddress: localhost:39933}, networkConnectionEnabled: false, pageLoadStrategy: normal, platformName: linux, proxy: Proxy(), se:cdp: ws://localhost:39933/devtoo..., se:cdpVersion: 115.0.5790.170, setWindowRect: true, strictFileInteractability: false, timeouts: {implicit: 0, pageLoad: 300000, script: 30000}, unhandledPromptBehavior: dismiss and notify, webauthn:extension:credBlob: true, webauthn:extension:largeBlob: true, webauthn:extension:minPinLength: true, webauthn:extension:prf: true, webauthn:virtualAuthenticators: true}\nSession ID: 4e61788274983f018788813e0709d1a5","statusTrace":"org.openqa.selenium.WebDriverException: Timed out waiting for driver server to stop.\nBuild info: version: '4.10.0', revision: 'c14d967899'\nSystem info: os.name: 'Linux', os.arch: 'amd64', os.version: '5.15.0-1041-azure', java.version: '17.0.8'\nDriver info: org.openqa.selenium.chrome.ChromeDriver\nCommand: [4e61788274983f018788813e0709d1a5, quit {}]\nCapabilities {acceptInsecureCerts: false, browserName: chrome, browserVersion: 115.0.5790.170, chrome: {chromedriverVersion: 115.0.5790.170 (cc0d30c2ca5..., userDataDir: /tmp/.org.chromium.Chromium...}, goog:chromeOptions: {debuggerAddress: localhost:39933}, networkConnectionEnabled: false, pageLoadStrategy: normal, platformName: linux, proxy: Proxy(), se:cdp: ws://localhost:39933/devtoo..., se:cdpVersion: 115.0.5790.170, setWindowRect: true, strictFileInteractability: false, timeouts: {implicit: 0, pageLoad: 300000, script: 30000}, unhandledPromptBehavior: dismiss and notify, webauthn:extension:credBlob: true, webauthn:extension:largeBlob: true, webauthn:extension:minPinLength: true, webauthn:extension:prf: true, webauthn:virtualAuthenticators: true}\nSession ID: 4e61788274983f018788813e0709d1a5\n\tat org.openqa.selenium.remote.service.DriverCommandExecutor.execute(DriverCommandExecutor.java:161)\n\tat org.openqa.selenium.remote.RemoteWebDriver.execute(RemoteWebDriver.java:531)\n\tat org.openqa.selenium.remote.RemoteWebDriver.execute(RemoteWebDriver.java:590)\n\tat org.openqa.selenium.remote.RemoteWebDriver.execute(RemoteWebDriver.java:594)\n\tat org.openqa.selenium.remote.RemoteWebDriver.quit(RemoteWebDriver.java:446)\n\tat org.openqa.selenium.chromium.ChromiumDriver.quit(ChromiumDriver.java:341)\n\tat sample.automation.webdriver.MyWebDriverManager.stopWebDriver(MyWebDriverManager.java:175)\n\tat sample.automation.testng.BaseTest.tearDown(BaseTest.java:72)\n\tat java.base/jdk.internal.reflect.NativeMethodAccessorImpl.invoke0(Native Method)\n\tat java.base/jdk.internal.reflect.NativeMethodAccessorImpl.invoke(NativeMethodAccessorImpl.java:77)\n\tat java.base/jdk.internal.reflect.DelegatingMethodAccessorImpl.invoke(DelegatingMethodAccessorImpl.java:43)\n\tat java.base/java.lang.reflect.Method.invoke(Method.java:568)\n\tat org.testng.internal.invokers.MethodInvocationHelper.invokeMethod(MethodInvocationHelper.java:139)\n\tat org.testng.internal.invokers.MethodInvocationHelper.invokeMethodConsideringTimeout(MethodInvocationHelper.java:69)\n\tat org.testng.internal.invokers.ConfigInvoker.invokeConfigurationMethod(ConfigInvoker.java:390)\n\tat org.testng.internal.invokers.ConfigInvoker.invokeConfigurations(ConfigInvoker.java:325)\n\tat org.testng.internal.invokers.TestMethodWorker.invokeAfterClassConfigurations(TestMethodWorker.java:229)\n\tat org.testng.internal.invokers.TestMethodWorker.invokeAfterClassMethods(TestMethodWorker.java:215)\n\tat org.testng.internal.invokers.TestMethodWorker.run(TestMethodWorker.java:131)\n\tat java.base/java.util.concurrent.ThreadPoolExecutor.runWorker(ThreadPoolExecutor.java:1136)\n\tat java.base/java.util.concurrent.ThreadPoolExecutor$Worker.run(ThreadPoolExecutor.java:635)\n\tat java.base/java.lang.Thread.run(Thread.java:833)\nCaused by: java.util.concurrent.ExecutionException: org.openqa.selenium.TimeoutException: Process timed out after waiting for 20000 ms.\nBuild info: version: '4.10.0', revision: 'c14d967899'\nSystem info: os.name: 'Linux', os.arch: 'amd64', os.version: '5.15.0-1041-azure', java.version: '17.0.8'\nDriver info: driver.version: unknown\n\tat java.base/java.util.concurrent.CompletableFuture.reportGet(CompletableFuture.java:396)\n\tat java.base/java.util.concurrent.CompletableFuture.get(CompletableFuture.java:2096)\n\tat org.openqa.selenium.remote.service.DriverCommandExecutor.execute(DriverCommandExecutor.java:157)\n\t... 21 more\nCaused by: org.openqa.selenium.TimeoutException: Process timed out after waiting for 20000 ms.\nBuild info: version: '4.10.0', revision: 'c14d967899'\nSystem info: os.name: 'Linux', os.arch: 'amd64', os.version: '5.15.0-1041-azure', java.version: '17.0.8'\nDriver info: driver.version: unknown\n\tat org.openqa.selenium.os.OsProcess.waitFor(OsProcess.java:183)\n\tat org.openqa.selenium.os.CommandLine.waitFor(CommandLine.java:117)\n\tat org.openqa.selenium.remote.service.DriverCommandExecutor.lambda$execute$2(DriverCommandExecutor.java:148)\n\tat java.base/java.util.concurrent.CompletableFuture$AsyncSupply.run(CompletableFuture.java:1768)\n\t... 3 more\n","steps":[],"attachments":[],"parameters":[],"stepsCount":0,"attachmentsCount":0,"shouldDisplayMessage":true,"hasContent":true},{"name":"logAfterClass","time":{"start":1693204038456,"stop":1693204038456,"duration":0},"description":"","status":"passed","steps":[],"attachments":[],"parameters":[],"stepsCount":0,"attachmentsCount":0,"shouldDisplayMessage":false,"hasContent":false},{"name":"logAfterTestsSet","time":{"start":1693204038457,"stop":1693204038458,"duration":1},"description":"","status":"passed","steps":[],"attachments":[],"parameters":[],"stepsCount":0,"attachmentsCount":0,"shouldDisplayMessage":false,"hasContent":false}],"labels":[{"name":"package","value":"sample.automation.tests.ui.AddBookIntoCollectionTest"},{"name":"testClass","value":"sample.automation.tests.ui.AddBookIntoCollectionTest"},{"name":"testMethod","value":"demo_003"},{"name":"parentSuite","value":"Surefire suite"},{"name":"suite","value":"Surefire test"},{"name":"subSuite","value":"sample.automation.tests.ui.AddBookIntoCollectionTest"},{"name":"host","value":"fv-az1419-625"},{"name":"thread","value":"2239@fv-az1419-625.TestNG-test=Surefire test-2(19)"},{"name":"framework","value":"testng"},{"name":"language","value":"java"},{"name":"feature","value":"Books Store"},{"name":"story","value":"User can manage books in his collection and see them on Profile"},{"name":"tag","value":"Smoke"},{"name":"tag","value":"BookStoreUi"},{"name":"resultFormat","value":"allure2"}],"parameters":[],"links":[],"hidden":false,"retry":false,"extra":{"severity":"normal","retries":[],"categories":[{"name":"Test defects","matchedStatuses":[],"flaky":false}],"tags":["Smoke","BookStoreUi"]},"source":"96659550228d511e.json","parameterValues":[]}