{"uid":"c5be421077199cc1","name":"User is able to add a book into his collection from Book Store","fullName":"sample.automation.tests.ui.AddBookIntoCollectionTest.demo_003","historyId":"c2fdfc28e4f0c42baf66ae81f0f0b31","time":{"start":1704694569828,"stop":1704694576706,"duration":6878},"status":"skipped","statusMessage":"Profile page is not opened during 5 seconds, current URL is 'https://demoqa.com/books?book=9781593275846' instead of expected 'https://demoqa.com/profile' expected [true] but found [false]","statusTrace":"java.lang.AssertionError: Profile page is not opened during 5 seconds, current URL is 'https://demoqa.com/books?book=9781593275846' instead of expected 'https://demoqa.com/profile' expected [true] but found [false]\n\tat org.testng.Assert.fail(Assert.java:111)\n\tat org.testng.Assert.failNotEquals(Assert.java:1578)\n\tat org.testng.Assert.assertTrue(Assert.java:57)\n\tat sample.automation.webdriver.WebDriverSteps.checkRedirectOnPage(WebDriverSteps.java:251)\n\tat sample.automation.steps.ui.pages.ProfileSteps.profilePageShouldBeOpened(ProfileSteps.java:42)\n\tat sample.automation.tests.ui.AddBookIntoCollectionTest.demo_003(AddBookIntoCollectionTest.java:62)\n\tat java.base/jdk.internal.reflect.NativeMethodAccessorImpl.invoke0(Native Method)\n\tat java.base/jdk.internal.reflect.NativeMethodAccessorImpl.invoke(NativeMethodAccessorImpl.java:77)\n\tat java.base/jdk.internal.reflect.DelegatingMethodAccessorImpl.invoke(DelegatingMethodAccessorImpl.java:43)\n\tat java.base/java.lang.reflect.Method.invoke(Method.java:568)\n\tat org.testng.internal.invokers.MethodInvocationHelper.invokeMethod(MethodInvocationHelper.java:139)\n\tat org.testng.internal.invokers.TestInvoker.invokeMethod(TestInvoker.java:664)\n\tat org.testng.internal.invokers.TestInvoker.invokeTestMethod(TestInvoker.java:227)\n\tat org.testng.internal.invokers.MethodRunner.runInSequence(MethodRunner.java:50)\n\tat org.testng.internal.invokers.TestInvoker$MethodInvocationAgent.invoke(TestInvoker.java:957)\n\tat org.testng.internal.invokers.TestInvoker.invokeTestMethods(TestInvoker.java:200)\n\tat org.testng.internal.invokers.TestMethodWorker.invokeTestMethods(TestMethodWorker.java:148)\n\tat org.testng.internal.invokers.TestMethodWorker.run(TestMethodWorker.java:128)\n\tat java.base/java.util.concurrent.ThreadPoolExecutor.runWorker(ThreadPoolExecutor.java:1136)\n\tat java.base/java.util.concurrent.ThreadPoolExecutor$Worker.run(ThreadPoolExecutor.java:635)\n\tat java.base/java.lang.Thread.run(Thread.java:840)\n","flaky":false,"newFailed":false,"newBroken":false,"newPassed":false,"retriesCount":0,"retriesStatusChange":false,"beforeStages":[{"name":"logBeforeTestsSet","time":{"start":1704694553454,"stop":1704694553472,"duration":18},"description":"","status":"passed","steps":[],"attachments":[],"parameters":[],"shouldDisplayMessage":false,"stepsCount":0,"attachmentsCount":0,"hasContent":false,"attachmentStep":false},{"name":"logBeforeClass","time":{"start":1704694553491,"stop":1704694553492,"duration":1},"description":"","status":"passed","steps":[],"attachments":[],"parameters":[],"shouldDisplayMessage":false,"stepsCount":0,"attachmentsCount":0,"hasContent":false,"attachmentStep":false},{"name":"initBaseSteps","time":{"start":1704694553494,"stop":1704694562815,"duration":9321},"description":"","status":"passed","steps":[],"attachments":[],"parameters":[],"shouldDisplayMessage":false,"stepsCount":0,"attachmentsCount":0,"hasContent":false,"attachmentStep":false},{"name":"loginAndGetDataForTests","time":{"start":1704694562815,"stop":1704694568086,"duration":5271},"description":"","status":"passed","steps":[{"name":"Login as 'User[username=user1,role=<null>] user","time":{"start":1704694562816,"stop":1704694568086,"duration":5270},"status":"passed","steps":[{"name":"navigateToPage","time":{"start":1704694562824,"stop":1704694565333,"duration":2509},"status":"passed","steps":[],"attachments":[],"parameters":[{"name":"targetStepsClass","value":"class sample.automation.steps.ui.pages.LoginSteps"}],"shouldDisplayMessage":false,"stepsCount":0,"attachmentsCount":0,"hasContent":true,"attachmentStep":false},{"name":"loginPageShouldBeOpened","time":{"start":1704694565334,"stop":1704694565619,"duration":285},"status":"passed","steps":[{"name":"signInFormShouldBeDisplayed","time":{"start":1704694565552,"stop":1704694565619,"duration":67},"status":"passed","steps":[],"attachments":[],"parameters":[],"shouldDisplayMessage":false,"stepsCount":0,"attachmentsCount":0,"hasContent":false,"attachmentStep":false}],"attachments":[],"parameters":[],"shouldDisplayMessage":false,"stepsCount":1,"attachmentsCount":0,"hasContent":true,"attachmentStep":false},{"name":"Do login with credentials","time":{"start":1704694565619,"stop":1704694567998,"duration":2379},"status":"passed","steps":[{"name":"enterUsername","time":{"start":1704694565620,"stop":1704694566217,"duration":597},"status":"passed","steps":[],"attachments":[],"parameters":[{"name":"username","value":"user1"}],"shouldDisplayMessage":false,"stepsCount":0,"attachmentsCount":0,"hasContent":true,"attachmentStep":false},{"name":"enterPassword","time":{"start":1704694566217,"stop":1704694566537,"duration":320},"status":"passed","steps":[],"attachments":[],"parameters":[{"name":"password","value":"Test@123"}],"shouldDisplayMessage":false,"stepsCount":0,"attachmentsCount":0,"hasContent":true,"attachmentStep":false},{"name":"clickOnLoginButton","time":{"start":1704694566537,"stop":1704694567995,"duration":1458},"status":"passed","steps":[],"attachments":[],"parameters":[],"shouldDisplayMessage":false,"stepsCount":0,"attachmentsCount":0,"hasContent":false,"attachmentStep":false}],"attachments":[],"parameters":[{"name":"userName","value":"user1"},{"name":"password","value":"Test@123"}],"shouldDisplayMessage":false,"stepsCount":3,"attachmentsCount":0,"hasContent":true,"attachmentStep":false},{"name":"profilePageShouldBeOpened","time":{"start":1704694567999,"stop":1704694568053,"duration":54},"status":"passed","steps":[],"attachments":[],"parameters":[],"shouldDisplayMessage":false,"stepsCount":0,"attachmentsCount":0,"hasContent":false,"attachmentStep":false},{"name":"setAuthToken","time":{"start":1704694568086,"stop":1704694568086,"duration":0},"status":"passed","steps":[],"attachments":[],"parameters":[{"name":"idToken","value":"eyJhbGciOiJIUzI1NiIsInR5cCI6IkpXVCJ9.eyJ1c2VyTmFtZSI6InVzZXIxIiwicGFzc3dvcmQiOiJUZXN0QDEyMyIsImlhdCI6MTcwNDY5NDU2N30.6mdcwB7rYCIP2L4cJY57-x814_Ti9cqPykMA-Fww6e0"}],"shouldDisplayMessage":false,"stepsCount":0,"attachmentsCount":0,"hasContent":true,"attachmentStep":false}],"attachments":[],"parameters":[{"name":"user","value":"User[username=user1,role=<null>]"}],"shouldDisplayMessage":false,"stepsCount":9,"attachmentsCount":0,"hasContent":true,"attachmentStep":false}],"attachments":[],"parameters":[],"shouldDisplayMessage":false,"stepsCount":10,"attachmentsCount":0,"hasContent":true,"attachmentStep":false},{"name":"logBeforeMethod","time":{"start":1704694568087,"stop":1704694568087,"duration":0},"description":"","status":"passed","steps":[],"attachments":[],"parameters":[],"shouldDisplayMessage":false,"stepsCount":0,"attachmentsCount":0,"hasContent":false,"attachmentStep":false},{"name":"deleteTestBookFromCollectionAndReopenBookStore","time":{"start":1704694568088,"stop":1704694569824,"duration":1736},"description":"","status":"passed","steps":[{"name":"Get books collection for 'cc8d82b7-1b82-4528-a3ef-165d93e9cc73' user ID","time":{"start":1704694568089,"stop":1704694568676,"duration":587},"status":"passed","steps":[{"name":"GET /User/..","time":{"start":1704694568089,"stop":1704694568579,"duration":490},"status":"passed","steps":[],"attachments":[],"parameters":[{"name":"userId","value":"cc8d82b7-1b82-4528-a3ef-165d93e9cc73"}],"shouldDisplayMessage":false,"stepsCount":0,"attachmentsCount":0,"hasContent":true,"attachmentStep":false}],"attachments":[],"parameters":[{"name":"userId","value":"cc8d82b7-1b82-4528-a3ef-165d93e9cc73"}],"shouldDisplayMessage":false,"stepsCount":1,"attachmentsCount":0,"hasContent":true,"attachmentStep":false},{"name":"navigateToPage","time":{"start":1704694568676,"stop":1704694569725,"duration":1049},"status":"passed","steps":[],"attachments":[],"parameters":[{"name":"targetStepsClass","value":"class sample.automation.steps.ui.pages.BookStoreSteps"}],"shouldDisplayMessage":false,"stepsCount":0,"attachmentsCount":0,"hasContent":true,"attachmentStep":false},{"name":"Book Store page is opened","time":{"start":1704694569725,"stop":1704694569824,"duration":99},"status":"passed","steps":[],"attachments":[],"parameters":[],"shouldDisplayMessage":false,"stepsCount":0,"attachmentsCount":0,"hasContent":false,"attachmentStep":false}],"attachments":[],"parameters":[],"shouldDisplayMessage":false,"stepsCount":4,"attachmentsCount":0,"hasContent":true,"attachmentStep":false}],"testStage":{"status":"skipped","statusMessage":"Profile page is not opened during 5 seconds, current URL is 'https://demoqa.com/books?book=9781593275846' instead of expected 'https://demoqa.com/profile' expected [true] but found [false]","statusTrace":"java.lang.AssertionError: Profile page is not opened during 5 seconds, current URL is 'https://demoqa.com/books?book=9781593275846' instead of expected 'https://demoqa.com/profile' expected [true] but found [false]\n\tat org.testng.Assert.fail(Assert.java:111)\n\tat org.testng.Assert.failNotEquals(Assert.java:1578)\n\tat org.testng.Assert.assertTrue(Assert.java:57)\n\tat sample.automation.webdriver.WebDriverSteps.checkRedirectOnPage(WebDriverSteps.java:251)\n\tat sample.automation.steps.ui.pages.ProfileSteps.profilePageShouldBeOpened(ProfileSteps.java:42)\n\tat sample.automation.tests.ui.AddBookIntoCollectionTest.demo_003(AddBookIntoCollectionTest.java:62)\n\tat java.base/jdk.internal.reflect.NativeMethodAccessorImpl.invoke0(Native Method)\n\tat java.base/jdk.internal.reflect.NativeMethodAccessorImpl.invoke(NativeMethodAccessorImpl.java:77)\n\tat java.base/jdk.internal.reflect.DelegatingMethodAccessorImpl.invoke(DelegatingMethodAccessorImpl.java:43)\n\tat java.base/java.lang.reflect.Method.invoke(Method.java:568)\n\tat org.testng.internal.invokers.MethodInvocationHelper.invokeMethod(MethodInvocationHelper.java:139)\n\tat org.testng.internal.invokers.TestInvoker.invokeMethod(TestInvoker.java:664)\n\tat org.testng.internal.invokers.TestInvoker.invokeTestMethod(TestInvoker.java:227)\n\tat org.testng.internal.invokers.MethodRunner.runInSequence(MethodRunner.java:50)\n\tat org.testng.internal.invokers.TestInvoker$MethodInvocationAgent.invoke(TestInvoker.java:957)\n\tat org.testng.internal.invokers.TestInvoker.invokeTestMethods(TestInvoker.java:200)\n\tat org.testng.internal.invokers.TestMethodWorker.invokeTestMethods(TestMethodWorker.java:148)\n\tat org.testng.internal.invokers.TestMethodWorker.run(TestMethodWorker.java:128)\n\tat java.base/java.util.concurrent.ThreadPoolExecutor.runWorker(ThreadPoolExecutor.java:1136)\n\tat java.base/java.util.concurrent.ThreadPoolExecutor$Worker.run(ThreadPoolExecutor.java:635)\n\tat java.base/java.lang.Thread.run(Thread.java:840)\n","steps":[{"name":"Click on '9781593275846' book title-link in the books table","time":{"start":1704694569829,"stop":1704694570710,"duration":881},"status":"passed","steps":[],"attachments":[],"parameters":[{"name":"isbn","value":"9781593275846"}],"shouldDisplayMessage":false,"stepsCount":0,"attachmentsCount":0,"hasContent":true,"attachmentStep":false},{"name":"Book Store page is opened","time":{"start":1704694570710,"stop":1704694570825,"duration":115},"status":"passed","steps":[],"attachments":[],"parameters":[{"name":"isbn","value":"9781593275846"}],"shouldDisplayMessage":false,"stepsCount":0,"attachmentsCount":0,"hasContent":true,"attachmentStep":false},{"name":"Click on Add To Your Collection button on book details","time":{"start":1704694570825,"stop":1704694570892,"duration":67},"status":"passed","steps":[],"attachments":[],"parameters":[],"shouldDisplayMessage":false,"stepsCount":0,"attachmentsCount":0,"hasContent":false,"attachmentStep":false},{"name":"Click on 'Book Store Application' section title in navigation bar","time":{"start":1704694570893,"stop":1704694570955,"duration":62},"status":"passed","steps":[],"attachments":[],"parameters":[{"name":"sectionTitle","value":"Book Store Application"},{"name":"isExpanded","value":"true"}],"shouldDisplayMessage":false,"stepsCount":0,"attachmentsCount":0,"hasContent":true,"attachmentStep":false},{"name":"Click on 'Profile' option from 'Book Store Application' in navigation bar","time":{"start":1704694570955,"stop":1704694571163,"duration":208},"status":"passed","steps":[],"attachments":[],"parameters":[{"name":"sectionTitle","value":"Book Store Application"},{"name":"optionName","value":"Profile"},{"name":"expectedTargetPageStepsClass","value":"class sample.automation.steps.ui.pages.ProfileSteps"}],"shouldDisplayMessage":false,"stepsCount":0,"attachmentsCount":0,"hasContent":true,"attachmentStep":false},{"name":"profilePageShouldBeOpened","time":{"start":1704694571163,"stop":1704694576259,"duration":5096},"status":"failed","statusMessage":"Profile page is not opened during 5 seconds, current URL is 'https://demoqa.com/books?book=9781593275846' instead of expected 'https://demoqa.com/profile' expected [true] but found [false]","statusTrace":"java.lang.AssertionError: Profile page is not opened during 5 seconds, current URL is 'https://demoqa.com/books?book=9781593275846' instead of expected 'https://demoqa.com/profile' expected [true] but found [false]\n\tat org.testng.Assert.fail(Assert.java:111)\n\tat org.testng.Assert.failNotEquals(Assert.java:1578)\n\tat org.testng.Assert.assertTrue(Assert.java:57)\n\tat sample.automation.webdriver.WebDriverSteps.checkRedirectOnPage(WebDriverSteps.java:251)\n\tat sample.automation.steps.ui.pages.ProfileSteps.profilePageShouldBeOpened(ProfileSteps.java:42)\n\tat sample.automation.tests.ui.AddBookIntoCollectionTest.demo_003(AddBookIntoCollectionTest.java:62)\n\tat java.base/jdk.internal.reflect.NativeMethodAccessorImpl.invoke0(Native Method)\n\tat java.base/jdk.internal.reflect.NativeMethodAccessorImpl.invoke(NativeMethodAccessorImpl.java:77)\n\tat java.base/jdk.internal.reflect.DelegatingMethodAccessorImpl.invoke(DelegatingMethodAccessorImpl.java:43)\n\tat java.base/java.lang.reflect.Method.invoke(Method.java:568)\n\tat org.testng.internal.invokers.MethodInvocationHelper.invokeMethod(MethodInvocationHelper.java:139)\n\tat org.testng.internal.invokers.TestInvoker.invokeMethod(TestInvoker.java:664)\n\tat org.testng.internal.invokers.TestInvoker.invokeTestMethod(TestInvoker.java:227)\n\tat org.testng.internal.invokers.MethodRunner.runInSequence(MethodRunner.java:50)\n\tat org.testng.internal.invokers.TestInvoker$MethodInvocationAgent.invoke(TestInvoker.java:957)\n\tat org.testng.internal.invokers.TestInvoker.invokeTestMethods(TestInvoker.java:200)\n\tat org.testng.internal.invokers.TestMethodWorker.invokeTestMethods(TestMethodWorker.java:148)\n\tat org.testng.internal.invokers.TestMethodWorker.run(TestMethodWorker.java:128)\n\tat java.base/java.util.concurrent.ThreadPoolExecutor.runWorker(ThreadPoolExecutor.java:1136)\n\tat java.base/java.util.concurrent.ThreadPoolExecutor$Worker.run(ThreadPoolExecutor.java:635)\n\tat java.base/java.lang.Thread.run(Thread.java:840)\n","steps":[],"attachments":[],"parameters":[],"shouldDisplayMessage":true,"stepsCount":0,"attachmentsCount":0,"hasContent":true,"attachmentStep":false}],"attachments":[{"uid":"b15d7f5ba0261277","name":"Page screenshot sample.automation.tests.ui.AddBookIntoCollectionTest_demo_003_2024-01-08_06-16-16","source":"b15d7f5ba0261277.png","type":"image/png","size":290567}],"parameters":[],"shouldDisplayMessage":false,"stepsCount":6,"attachmentsCount":1,"hasContent":true,"attachmentStep":false},"afterStages":[{"name":"logAfterMethod","time":{"start":1704694576708,"stop":1704694576709,"duration":1},"description":"","status":"passed","steps":[],"attachments":[],"parameters":[],"shouldDisplayMessage":false,"stepsCount":0,"attachmentsCount":0,"hasContent":false,"attachmentStep":false},{"name":"checkConsoleErrors","time":{"start":1704694580003,"stop":1704694580008,"duration":5},"description":"","status":"broken","statusMessage":"There are unexpected errors in the browser console!\nWARNING https://securepubads.g.doubleclick.net/pagead/managed/js/gpt/m202401020101/pubads_impl.js 9:299193 \"[GPT] Using deprecated googletag.encryptedSignalProviders. Please use googletag.secureSignalProviders instead.\"\nWARNING https://securepubads.g.doubleclick.net/pagead/managed/js/gpt/m202401020101/pubads_impl.js 9:299193 \"[GPT] Using deprecated googletag.encryptedSignalProviders. Please use googletag.secureSignalProviders instead.\"\nWARNING https://securepubads.g.doubleclick.net/pagead/managed/js/gpt/m202401020101/pubads_impl.js 9:299193 \"[GPT] Using deprecated googletag.encryptedSignalProviders. Please use googletag.secureSignalProviders instead.\"\nWARNING https://securepubads.g.doubleclick.net/pagead/managed/js/gpt/m202401020101/pubads_impl.js 9:299193 \"[GPT] Using deprecated googletag.encryptedSignalProviders. Please use googletag.secureSignalProviders instead.\"\nSEVERE https://cdn-ima.33across.com/ob.js 0:11387 \"33Across Lexicon ID Mappings Provider: PID not found\"\nWARNING https://securepubads.g.doubleclick.net/pagead/managed/js/gpt/m202401020101/pubads_impl.js 9:299193 \"[GPT] Using deprecated googletag.encryptedSignalProviders. Please use googletag.secureSignalProviders instead.\"\nSEVERE https://cdn.ad.plus/player/adplus.js 413:84 Uncaught TypeError: c(...).setup is not a function\nSEVERE https://cdn.ad.plus/player/adplus.js 413:84 Uncaught TypeError: c(...).setup is not a function\nSEVERE https://cdn.ad.plus/player/adplus.js 413:84 Uncaught TypeError: c(...).setup is not a function\nSEVERE https://cdn.ad.plus/player/adplus.js 413:84 Uncaught TypeError: c(...).setup is not a function\nSEVERE https://cdn.ad.plus/player/adplus.js 413:84 Uncaught TypeError: c(...).setup is not a function","statusTrace":"sample.automation.utils.ConsoleErrorException: There are unexpected errors in the browser console!\nWARNING https://securepubads.g.doubleclick.net/pagead/managed/js/gpt/m202401020101/pubads_impl.js 9:299193 \"[GPT] Using deprecated googletag.encryptedSignalProviders. Please use googletag.secureSignalProviders instead.\"\nWARNING https://securepubads.g.doubleclick.net/pagead/managed/js/gpt/m202401020101/pubads_impl.js 9:299193 \"[GPT] Using deprecated googletag.encryptedSignalProviders. Please use googletag.secureSignalProviders instead.\"\nWARNING https://securepubads.g.doubleclick.net/pagead/managed/js/gpt/m202401020101/pubads_impl.js 9:299193 \"[GPT] Using deprecated googletag.encryptedSignalProviders. Please use googletag.secureSignalProviders instead.\"\nWARNING https://securepubads.g.doubleclick.net/pagead/managed/js/gpt/m202401020101/pubads_impl.js 9:299193 \"[GPT] Using deprecated googletag.encryptedSignalProviders. Please use googletag.secureSignalProviders instead.\"\nSEVERE https://cdn-ima.33across.com/ob.js 0:11387 \"33Across Lexicon ID Mappings Provider: PID not found\"\nWARNING https://securepubads.g.doubleclick.net/pagead/managed/js/gpt/m202401020101/pubads_impl.js 9:299193 \"[GPT] Using deprecated googletag.encryptedSignalProviders. Please use googletag.secureSignalProviders instead.\"\nSEVERE https://cdn.ad.plus/player/adplus.js 413:84 Uncaught TypeError: c(...).setup is not a function\nSEVERE https://cdn.ad.plus/player/adplus.js 413:84 Uncaught TypeError: c(...).setup is not a function\nSEVERE https://cdn.ad.plus/player/adplus.js 413:84 Uncaught TypeError: c(...).setup is not a function\nSEVERE https://cdn.ad.plus/player/adplus.js 413:84 Uncaught TypeError: c(...).setup is not a function\nSEVERE https://cdn.ad.plus/player/adplus.js 413:84 Uncaught TypeError: c(...).setup is not a function\n\tat sample.automation.webdriver.WebDriverSteps.checkErrorsInConsole(WebDriverSteps.java:229)\n\tat sample.automation.webdriver.WebDriverSteps.checkUnexpectedErrorsInConsole(WebDriverSteps.java:210)\n\tat sample.automation.testng.BaseTest.checkConsoleErrors(BaseTest.java:67)\n\tat java.base/jdk.internal.reflect.NativeMethodAccessorImpl.invoke0(Native Method)\n\tat java.base/jdk.internal.reflect.NativeMethodAccessorImpl.invoke(NativeMethodAccessorImpl.java:77)\n\tat java.base/jdk.internal.reflect.DelegatingMethodAccessorImpl.invoke(DelegatingMethodAccessorImpl.java:43)\n\tat java.base/java.lang.reflect.Method.invoke(Method.java:568)\n\tat org.testng.internal.invokers.MethodInvocationHelper.invokeMethod(MethodInvocationHelper.java:139)\n\tat org.testng.internal.invokers.MethodInvocationHelper.invokeMethodConsideringTimeout(MethodInvocationHelper.java:69)\n\tat org.testng.internal.invokers.ConfigInvoker.invokeConfigurationMethod(ConfigInvoker.java:390)\n\tat org.testng.internal.invokers.ConfigInvoker.invokeConfigurations(ConfigInvoker.java:325)\n\tat org.testng.internal.invokers.TestMethodWorker.invokeAfterClassConfigurations(TestMethodWorker.java:229)\n\tat org.testng.internal.invokers.TestMethodWorker.invokeAfterClassMethods(TestMethodWorker.java:215)\n\tat org.testng.internal.invokers.TestMethodWorker.run(TestMethodWorker.java:131)\n\tat java.base/java.util.concurrent.ThreadPoolExecutor.runWorker(ThreadPoolExecutor.java:1136)\n\tat java.base/java.util.concurrent.ThreadPoolExecutor$Worker.run(ThreadPoolExecutor.java:635)\n\tat java.base/java.lang.Thread.run(Thread.java:840)\n","steps":[{"name":"checkUnexpectedErrorsInConsole","time":{"start":1704694580003,"stop":1704694580008,"duration":5},"status":"broken","statusMessage":"There are unexpected errors in the browser console!\nWARNING https://securepubads.g.doubleclick.net/pagead/managed/js/gpt/m202401020101/pubads_impl.js 9:299193 \"[GPT] Using deprecated googletag.encryptedSignalProviders. Please use googletag.secureSignalProviders instead.\"\nWARNING https://securepubads.g.doubleclick.net/pagead/managed/js/gpt/m202401020101/pubads_impl.js 9:299193 \"[GPT] Using deprecated googletag.encryptedSignalProviders. Please use googletag.secureSignalProviders instead.\"\nWARNING https://securepubads.g.doubleclick.net/pagead/managed/js/gpt/m202401020101/pubads_impl.js 9:299193 \"[GPT] Using deprecated googletag.encryptedSignalProviders. Please use googletag.secureSignalProviders instead.\"\nWARNING https://securepubads.g.doubleclick.net/pagead/managed/js/gpt/m202401020101/pubads_impl.js 9:299193 \"[GPT] Using deprecated googletag.encryptedSignalProviders. Please use googletag.secureSignalProviders instead.\"\nSEVERE https://cdn-ima.33across.com/ob.js 0:11387 \"33Across Lexicon ID Mappings Provider: PID not found\"\nWARNING https://securepubads.g.doubleclick.net/pagead/managed/js/gpt/m202401020101/pubads_impl.js 9:299193 \"[GPT] Using deprecated googletag.encryptedSignalProviders. Please use googletag.secureSignalProviders instead.\"\nSEVERE https://cdn.ad.plus/player/adplus.js 413:84 Uncaught TypeError: c(...).setup is not a function\nSEVERE https://cdn.ad.plus/player/adplus.js 413:84 Uncaught TypeError: c(...).setup is not a function\nSEVERE https://cdn.ad.plus/player/adplus.js 413:84 Uncaught TypeError: c(...).setup is not a function\nSEVERE https://cdn.ad.plus/player/adplus.js 413:84 Uncaught TypeError: c(...).setup is not a function\nSEVERE https://cdn.ad.plus/player/adplus.js 413:84 Uncaught TypeError: c(...).setup is not a function","statusTrace":"sample.automation.utils.ConsoleErrorException: There are unexpected errors in the browser console!\nWARNING https://securepubads.g.doubleclick.net/pagead/managed/js/gpt/m202401020101/pubads_impl.js 9:299193 \"[GPT] Using deprecated googletag.encryptedSignalProviders. Please use googletag.secureSignalProviders instead.\"\nWARNING https://securepubads.g.doubleclick.net/pagead/managed/js/gpt/m202401020101/pubads_impl.js 9:299193 \"[GPT] Using deprecated googletag.encryptedSignalProviders. Please use googletag.secureSignalProviders instead.\"\nWARNING https://securepubads.g.doubleclick.net/pagead/managed/js/gpt/m202401020101/pubads_impl.js 9:299193 \"[GPT] Using deprecated googletag.encryptedSignalProviders. Please use googletag.secureSignalProviders instead.\"\nWARNING https://securepubads.g.doubleclick.net/pagead/managed/js/gpt/m202401020101/pubads_impl.js 9:299193 \"[GPT] Using deprecated googletag.encryptedSignalProviders. Please use googletag.secureSignalProviders instead.\"\nSEVERE https://cdn-ima.33across.com/ob.js 0:11387 \"33Across Lexicon ID Mappings Provider: PID not found\"\nWARNING https://securepubads.g.doubleclick.net/pagead/managed/js/gpt/m202401020101/pubads_impl.js 9:299193 \"[GPT] Using deprecated googletag.encryptedSignalProviders. Please use googletag.secureSignalProviders instead.\"\nSEVERE https://cdn.ad.plus/player/adplus.js 413:84 Uncaught TypeError: c(...).setup is not a function\nSEVERE https://cdn.ad.plus/player/adplus.js 413:84 Uncaught TypeError: c(...).setup is not a function\nSEVERE https://cdn.ad.plus/player/adplus.js 413:84 Uncaught TypeError: c(...).setup is not a function\nSEVERE https://cdn.ad.plus/player/adplus.js 413:84 Uncaught TypeError: c(...).setup is not a function\nSEVERE https://cdn.ad.plus/player/adplus.js 413:84 Uncaught TypeError: c(...).setup is not a function\n\tat sample.automation.webdriver.WebDriverSteps.checkErrorsInConsole(WebDriverSteps.java:229)\n\tat sample.automation.webdriver.WebDriverSteps.checkUnexpectedErrorsInConsole(WebDriverSteps.java:210)\n\tat sample.automation.testng.BaseTest.checkConsoleErrors(BaseTest.java:67)\n\tat java.base/jdk.internal.reflect.NativeMethodAccessorImpl.invoke0(Native Method)\n\tat java.base/jdk.internal.reflect.NativeMethodAccessorImpl.invoke(NativeMethodAccessorImpl.java:77)\n\tat java.base/jdk.internal.reflect.DelegatingMethodAccessorImpl.invoke(DelegatingMethodAccessorImpl.java:43)\n\tat java.base/java.lang.reflect.Method.invoke(Method.java:568)\n\tat org.testng.internal.invokers.MethodInvocationHelper.invokeMethod(MethodInvocationHelper.java:139)\n\tat org.testng.internal.invokers.MethodInvocationHelper.invokeMethodConsideringTimeout(MethodInvocationHelper.java:69)\n\tat org.testng.internal.invokers.ConfigInvoker.invokeConfigurationMethod(ConfigInvoker.java:390)\n\tat org.testng.internal.invokers.ConfigInvoker.invokeConfigurations(ConfigInvoker.java:325)\n\tat org.testng.internal.invokers.TestMethodWorker.invokeAfterClassConfigurations(TestMethodWorker.java:229)\n\tat org.testng.internal.invokers.TestMethodWorker.invokeAfterClassMethods(TestMethodWorker.java:215)\n\tat org.testng.internal.invokers.TestMethodWorker.run(TestMethodWorker.java:131)\n\tat java.base/java.util.concurrent.ThreadPoolExecutor.runWorker(ThreadPoolExecutor.java:1136)\n\tat java.base/java.util.concurrent.ThreadPoolExecutor$Worker.run(ThreadPoolExecutor.java:635)\n\tat java.base/java.lang.Thread.run(Thread.java:840)\n","steps":[],"attachments":[{"uid":"cb766f8b645e4183","name":"There are unexpected errors in the browser console!\nWARNING https://securepubads.g.doubleclick.net/pagead/managed/js/gpt/m202401020101/pubads_impl.js 9:299193 \"[GPT] Using deprecated googletag.encryptedSignalProviders. Please use googletag.secureSignalProviders instead.\"\nWARNING https://securepubads.g.doubleclick.net/pagead/managed/js/gpt/m202401020101/pubads_impl.js 9:299193 \"[GPT] Using deprecated googletag.encryptedSignalProviders. Please use googletag.secureSignalProviders instead.\"\nWARNING https://securepubads.g.doubleclick.net/pagead/managed/js/gpt/m202401020101/pubads_impl.js 9:299193 \"[GPT] Using deprecated googletag.encryptedSignalProviders. Please use googletag.secureSignalProviders instead.\"\nWARNING https://securepubads.g.doubleclick.net/pagead/managed/js/gpt/m202401020101/pubads_impl.js 9:299193 \"[GPT] Using deprecated googletag.encryptedSignalProviders. Please use googletag.secureSignalProviders instead.\"\nSEVERE https://cdn-ima.33across.com/ob.js 0:11387 \"33Across Lexicon ID Mappings Provider: PID not found\"\nWARNING https://securepubads.g.doubleclick.net/pagead/managed/js/gpt/m202401020101/pubads_impl.js 9:299193 \"[GPT] Using deprecated googletag.encryptedSignalProviders. Please use googletag.secureSignalProviders instead.\"\nSEVERE https://cdn.ad.plus/player/adplus.js 413:84 Uncaught TypeError: c(...).setup is not a function\nSEVERE https://cdn.ad.plus/player/adplus.js 413:84 Uncaught TypeError: c(...).setup is not a function\nSEVERE https://cdn.ad.plus/player/adplus.js 413:84 Uncaught TypeError: c(...).setup is not a function\nSEVERE https://cdn.ad.plus/player/adplus.js 413:84 Uncaught TypeError: c(...).setup is not a function\nSEVERE https://cdn.ad.plus/player/adplus.js 413:84 Uncaught TypeError: c(...).setup is not a function","source":"cb766f8b645e4183.txt","type":"text/plain","size":1766}],"parameters":[],"shouldDisplayMessage":true,"stepsCount":0,"attachmentsCount":1,"hasContent":true,"attachmentStep":false}],"attachments":[],"parameters":[],"shouldDisplayMessage":false,"stepsCount":1,"attachmentsCount":1,"hasContent":true,"attachmentStep":false},{"name":"tearDown","time":{"start":1704694580009,"stop":1704694580104,"duration":95},"description":"","status":"passed","steps":[],"attachments":[],"parameters":[],"shouldDisplayMessage":false,"stepsCount":0,"attachmentsCount":0,"hasContent":false,"attachmentStep":false},{"name":"logAfterClass","time":{"start":1704694580104,"stop":1704694580105,"duration":1},"description":"","status":"passed","steps":[],"attachments":[],"parameters":[],"shouldDisplayMessage":false,"stepsCount":0,"attachmentsCount":0,"hasContent":false,"attachmentStep":false},{"name":"logAfterTestsSet","time":{"start":1704695129644,"stop":1704695129644,"duration":0},"description":"","status":"passed","steps":[],"attachments":[],"parameters":[],"shouldDisplayMessage":false,"stepsCount":0,"attachmentsCount":0,"hasContent":false,"attachmentStep":false}],"labels":[{"name":"package","value":"sample.automation.tests.ui.AddBookIntoCollectionTest"},{"name":"testClass","value":"sample.automation.tests.ui.AddBookIntoCollectionTest"},{"name":"testMethod","value":"demo_003"},{"name":"parentSuite","value":"Surefire suite"},{"name":"suite","value":"Surefire test"},{"name":"subSuite","value":"sample.automation.tests.ui.AddBookIntoCollectionTest"},{"name":"host","value":"fv-az1055-227"},{"name":"thread","value":"2288@fv-az1055-227.TestNG-test=Surefire test-2(22)"},{"name":"framework","value":"testng"},{"name":"language","value":"java"},{"name":"feature","value":"Books Store"},{"name":"story","value":"User can manage books in his collection and see them on Profile"},{"name":"tag","value":"Smoke"},{"name":"tag","value":"BookStoreUi"},{"name":"resultFormat","value":"allure2"}],"parameters":[],"links":[],"hidden":true,"retry":true,"extra":{"categories":[],"tags":["Smoke","BookStoreUi"]},"source":"c5be421077199cc1.json","parameterValues":[]}