{"uid":"ed199fb7d57c8918","name":"User is able to add a book into his collection from Book Store","fullName":"sample.automation.tests.ui.AddBookIntoCollectionTest.demo_003","historyId":"c2fdfc28e4f0c42baf66ae81f0f0b31","time":{"start":1700488297247,"stop":1700488304205,"duration":6958},"status":"skipped","statusMessage":"Profile page is not opened during 5 seconds, current URL is 'https://demoqa.com/books?book=9781593275846' instead of expected 'https://demoqa.com/profile' expected [true] but found [false]","statusTrace":"java.lang.AssertionError: Profile page is not opened during 5 seconds, current URL is 'https://demoqa.com/books?book=9781593275846' instead of expected 'https://demoqa.com/profile' expected [true] but found [false]\n\tat org.testng.Assert.fail(Assert.java:111)\n\tat org.testng.Assert.failNotEquals(Assert.java:1578)\n\tat org.testng.Assert.assertTrue(Assert.java:57)\n\tat sample.automation.webdriver.WebDriverSteps.checkRedirectOnPage(WebDriverSteps.java:251)\n\tat sample.automation.steps.ui.pages.ProfileSteps.profilePageShouldBeOpened(ProfileSteps.java:42)\n\tat sample.automation.tests.ui.AddBookIntoCollectionTest.demo_003(AddBookIntoCollectionTest.java:62)\n\tat java.base/jdk.internal.reflect.NativeMethodAccessorImpl.invoke0(Native Method)\n\tat java.base/jdk.internal.reflect.NativeMethodAccessorImpl.invoke(NativeMethodAccessorImpl.java:77)\n\tat java.base/jdk.internal.reflect.DelegatingMethodAccessorImpl.invoke(DelegatingMethodAccessorImpl.java:43)\n\tat java.base/java.lang.reflect.Method.invoke(Method.java:568)\n\tat org.testng.internal.invokers.MethodInvocationHelper.invokeMethod(MethodInvocationHelper.java:139)\n\tat org.testng.internal.invokers.TestInvoker.invokeMethod(TestInvoker.java:664)\n\tat org.testng.internal.invokers.TestInvoker.invokeTestMethod(TestInvoker.java:227)\n\tat org.testng.internal.invokers.MethodRunner.runInSequence(MethodRunner.java:50)\n\tat org.testng.internal.invokers.TestInvoker$MethodInvocationAgent.invoke(TestInvoker.java:957)\n\tat org.testng.internal.invokers.TestInvoker.invokeTestMethods(TestInvoker.java:200)\n\tat org.testng.internal.invokers.TestMethodWorker.invokeTestMethods(TestMethodWorker.java:148)\n\tat org.testng.internal.invokers.TestMethodWorker.run(TestMethodWorker.java:128)\n\tat java.base/java.util.concurrent.ThreadPoolExecutor.runWorker(ThreadPoolExecutor.java:1136)\n\tat java.base/java.util.concurrent.ThreadPoolExecutor$Worker.run(ThreadPoolExecutor.java:635)\n\tat java.base/java.lang.Thread.run(Thread.java:840)\n","flaky":false,"newFailed":false,"newBroken":false,"newPassed":false,"retriesCount":0,"retriesStatusChange":false,"beforeStages":[{"name":"logBeforeTestsSet","time":{"start":1700488279863,"stop":1700488279884,"duration":21},"description":"","status":"passed","steps":[],"attachments":[],"parameters":[],"shouldDisplayMessage":false,"stepsCount":0,"attachmentsCount":0,"hasContent":false},{"name":"logBeforeClass","time":{"start":1700488279916,"stop":1700488279917,"duration":1},"description":"","status":"passed","steps":[],"attachments":[],"parameters":[],"shouldDisplayMessage":false,"stepsCount":0,"attachmentsCount":0,"hasContent":false},{"name":"initBaseSteps","time":{"start":1700488279919,"stop":1700488288918,"duration":8999},"description":"","status":"passed","steps":[],"attachments":[],"parameters":[],"shouldDisplayMessage":false,"stepsCount":0,"attachmentsCount":0,"hasContent":false},{"name":"loginAndGetDataForTests","time":{"start":1700488288918,"stop":1700488295178,"duration":6260},"description":"","status":"passed","steps":[{"name":"Login as 'User[username=user1,role=<null>] user","time":{"start":1700488288919,"stop":1700488295178,"duration":6259},"status":"passed","steps":[{"name":"navigateToPage","time":{"start":1700488288930,"stop":1700488291154,"duration":2224},"status":"passed","steps":[],"attachments":[],"parameters":[{"name":"targetStepsClass","value":"class sample.automation.steps.ui.pages.LoginSteps"}],"shouldDisplayMessage":false,"stepsCount":0,"attachmentsCount":0,"hasContent":true},{"name":"loginPageShouldBeOpened","time":{"start":1700488291155,"stop":1700488291604,"duration":449},"status":"passed","steps":[{"name":"signInFormShouldBeDisplayed","time":{"start":1700488291553,"stop":1700488291604,"duration":51},"status":"passed","steps":[],"attachments":[],"parameters":[],"shouldDisplayMessage":false,"stepsCount":0,"attachmentsCount":0,"hasContent":false}],"attachments":[],"parameters":[],"shouldDisplayMessage":false,"stepsCount":1,"attachmentsCount":0,"hasContent":true},{"name":"Do login with credentials","time":{"start":1700488291605,"stop":1700488294347,"duration":2742},"status":"passed","steps":[{"name":"enterUsername","time":{"start":1700488291605,"stop":1700488294143,"duration":2538},"status":"passed","steps":[],"attachments":[],"parameters":[{"name":"username","value":"user1"}],"shouldDisplayMessage":false,"stepsCount":0,"attachmentsCount":0,"hasContent":true},{"name":"enterPassword","time":{"start":1700488294143,"stop":1700488294278,"duration":135},"status":"passed","steps":[],"attachments":[],"parameters":[{"name":"password","value":"Test@123"}],"shouldDisplayMessage":false,"stepsCount":0,"attachmentsCount":0,"hasContent":true},{"name":"clickOnLoginButton","time":{"start":1700488294278,"stop":1700488294344,"duration":66},"status":"passed","steps":[],"attachments":[],"parameters":[],"shouldDisplayMessage":false,"stepsCount":0,"attachmentsCount":0,"hasContent":false}],"attachments":[],"parameters":[{"name":"userName","value":"user1"},{"name":"password","value":"Test@123"}],"shouldDisplayMessage":false,"stepsCount":3,"attachmentsCount":0,"hasContent":true},{"name":"profilePageShouldBeOpened","time":{"start":1700488294347,"stop":1700488295159,"duration":812},"status":"passed","steps":[],"attachments":[],"parameters":[],"shouldDisplayMessage":false,"stepsCount":0,"attachmentsCount":0,"hasContent":false},{"name":"setAuthToken","time":{"start":1700488295177,"stop":1700488295177,"duration":0},"status":"passed","steps":[],"attachments":[],"parameters":[{"name":"idToken","value":"eyJhbGciOiJIUzI1NiIsInR5cCI6IkpXVCJ9.eyJ1c2VyTmFtZSI6InVzZXIxIiwicGFzc3dvcmQiOiJUZXN0QDEyMyIsImlhdCI6MTcwMDQ4ODI5NH0.Df4MCbZe8CJBC_RYFts3DaoRV_PoskvCwPgajETtjgI"}],"shouldDisplayMessage":false,"stepsCount":0,"attachmentsCount":0,"hasContent":true}],"attachments":[],"parameters":[{"name":"user","value":"User[username=user1,role=<null>]"}],"shouldDisplayMessage":false,"stepsCount":9,"attachmentsCount":0,"hasContent":true}],"attachments":[],"parameters":[],"shouldDisplayMessage":false,"stepsCount":10,"attachmentsCount":0,"hasContent":true},{"name":"logBeforeMethod","time":{"start":1700488295179,"stop":1700488295180,"duration":1},"description":"","status":"passed","steps":[],"attachments":[],"parameters":[],"shouldDisplayMessage":false,"stepsCount":0,"attachmentsCount":0,"hasContent":false},{"name":"deleteTestBookFromCollectionAndReopenBookStore","time":{"start":1700488295180,"stop":1700488297243,"duration":2063},"description":"","status":"passed","steps":[{"name":"Get books collection for 'cc8d82b7-1b82-4528-a3ef-165d93e9cc73' user ID","time":{"start":1700488295181,"stop":1700488295668,"duration":487},"status":"passed","steps":[{"name":"GET /User/..","time":{"start":1700488295181,"stop":1700488295638,"duration":457},"status":"passed","steps":[],"attachments":[],"parameters":[{"name":"userId","value":"cc8d82b7-1b82-4528-a3ef-165d93e9cc73"}],"shouldDisplayMessage":false,"stepsCount":0,"attachmentsCount":0,"hasContent":true}],"attachments":[],"parameters":[{"name":"userId","value":"cc8d82b7-1b82-4528-a3ef-165d93e9cc73"}],"shouldDisplayMessage":false,"stepsCount":1,"attachmentsCount":0,"hasContent":true},{"name":"Delete book from user's collection","time":{"start":1700488295670,"stop":1700488296192,"duration":522},"status":"passed","steps":[{"name":"DELETE /Book","time":{"start":1700488295670,"stop":1700488296192,"duration":522},"status":"passed","steps":[],"attachments":[],"parameters":[{"name":"bodyContent","value":"{\n  \"isbn\": \"9781593275846\",\n  \"userId\": \"cc8d82b7-1b82-4528-a3ef-165d93e9cc73\"\n}"}],"shouldDisplayMessage":false,"stepsCount":0,"attachmentsCount":0,"hasContent":true}],"attachments":[],"parameters":[{"name":"isbn","value":"9781593275846"},{"name":"userId","value":"cc8d82b7-1b82-4528-a3ef-165d93e9cc73"}],"shouldDisplayMessage":false,"stepsCount":1,"attachmentsCount":0,"hasContent":true},{"name":"navigateToPage","time":{"start":1700488296192,"stop":1700488297090,"duration":898},"status":"passed","steps":[],"attachments":[],"parameters":[{"name":"targetStepsClass","value":"class sample.automation.steps.ui.pages.BookStoreSteps"}],"shouldDisplayMessage":false,"stepsCount":0,"attachmentsCount":0,"hasContent":true},{"name":"Book Store page is opened","time":{"start":1700488297090,"stop":1700488297243,"duration":153},"status":"passed","steps":[],"attachments":[],"parameters":[],"shouldDisplayMessage":false,"stepsCount":0,"attachmentsCount":0,"hasContent":false}],"attachments":[],"parameters":[],"shouldDisplayMessage":false,"stepsCount":6,"attachmentsCount":0,"hasContent":true}],"testStage":{"status":"skipped","statusMessage":"Profile page is not opened during 5 seconds, current URL is 'https://demoqa.com/books?book=9781593275846' instead of expected 'https://demoqa.com/profile' expected [true] but found [false]","statusTrace":"java.lang.AssertionError: Profile page is not opened during 5 seconds, current URL is 'https://demoqa.com/books?book=9781593275846' instead of expected 'https://demoqa.com/profile' expected [true] but found [false]\n\tat org.testng.Assert.fail(Assert.java:111)\n\tat org.testng.Assert.failNotEquals(Assert.java:1578)\n\tat org.testng.Assert.assertTrue(Assert.java:57)\n\tat sample.automation.webdriver.WebDriverSteps.checkRedirectOnPage(WebDriverSteps.java:251)\n\tat sample.automation.steps.ui.pages.ProfileSteps.profilePageShouldBeOpened(ProfileSteps.java:42)\n\tat sample.automation.tests.ui.AddBookIntoCollectionTest.demo_003(AddBookIntoCollectionTest.java:62)\n\tat java.base/jdk.internal.reflect.NativeMethodAccessorImpl.invoke0(Native Method)\n\tat java.base/jdk.internal.reflect.NativeMethodAccessorImpl.invoke(NativeMethodAccessorImpl.java:77)\n\tat java.base/jdk.internal.reflect.DelegatingMethodAccessorImpl.invoke(DelegatingMethodAccessorImpl.java:43)\n\tat java.base/java.lang.reflect.Method.invoke(Method.java:568)\n\tat org.testng.internal.invokers.MethodInvocationHelper.invokeMethod(MethodInvocationHelper.java:139)\n\tat org.testng.internal.invokers.TestInvoker.invokeMethod(TestInvoker.java:664)\n\tat org.testng.internal.invokers.TestInvoker.invokeTestMethod(TestInvoker.java:227)\n\tat org.testng.internal.invokers.MethodRunner.runInSequence(MethodRunner.java:50)\n\tat org.testng.internal.invokers.TestInvoker$MethodInvocationAgent.invoke(TestInvoker.java:957)\n\tat org.testng.internal.invokers.TestInvoker.invokeTestMethods(TestInvoker.java:200)\n\tat org.testng.internal.invokers.TestMethodWorker.invokeTestMethods(TestMethodWorker.java:148)\n\tat org.testng.internal.invokers.TestMethodWorker.run(TestMethodWorker.java:128)\n\tat java.base/java.util.concurrent.ThreadPoolExecutor.runWorker(ThreadPoolExecutor.java:1136)\n\tat java.base/java.util.concurrent.ThreadPoolExecutor$Worker.run(ThreadPoolExecutor.java:635)\n\tat java.base/java.lang.Thread.run(Thread.java:840)\n","steps":[{"name":"Click on '9781593275846' book title-link in the books table","time":{"start":1700488297247,"stop":1700488298109,"duration":862},"status":"passed","steps":[],"attachments":[],"parameters":[{"name":"isbn","value":"9781593275846"}],"shouldDisplayMessage":false,"stepsCount":0,"attachmentsCount":0,"hasContent":true},{"name":"Book Store page is opened","time":{"start":1700488298109,"stop":1700488298303,"duration":194},"status":"passed","steps":[],"attachments":[],"parameters":[{"name":"isbn","value":"9781593275846"}],"shouldDisplayMessage":false,"stepsCount":0,"attachmentsCount":0,"hasContent":true},{"name":"Click on Add To Your Collection button on book details","time":{"start":1700488298303,"stop":1700488298359,"duration":56},"status":"passed","steps":[],"attachments":[],"parameters":[],"shouldDisplayMessage":false,"stepsCount":0,"attachmentsCount":0,"hasContent":false},{"name":"Click on 'Book Store Application' section title in navigation bar","time":{"start":1700488298360,"stop":1700488298417,"duration":57},"status":"passed","steps":[],"attachments":[],"parameters":[{"name":"sectionTitle","value":"Book Store Application"},{"name":"isExpanded","value":"true"}],"shouldDisplayMessage":false,"stepsCount":0,"attachmentsCount":0,"hasContent":true},{"name":"Click on 'Profile' option from 'Book Store Application' in navigation bar","time":{"start":1700488298418,"stop":1700488298591,"duration":173},"status":"passed","steps":[],"attachments":[],"parameters":[{"name":"sectionTitle","value":"Book Store Application"},{"name":"optionName","value":"Profile"},{"name":"expectedTargetPageStepsClass","value":"class sample.automation.steps.ui.pages.ProfileSteps"}],"shouldDisplayMessage":false,"stepsCount":0,"attachmentsCount":0,"hasContent":true},{"name":"profilePageShouldBeOpened","time":{"start":1700488298591,"stop":1700488303697,"duration":5106},"status":"failed","statusMessage":"Profile page is not opened during 5 seconds, current URL is 'https://demoqa.com/books?book=9781593275846' instead of expected 'https://demoqa.com/profile' expected [true] but found [false]","statusTrace":"java.lang.AssertionError: Profile page is not opened during 5 seconds, current URL is 'https://demoqa.com/books?book=9781593275846' instead of expected 'https://demoqa.com/profile' expected [true] but found [false]\n\tat org.testng.Assert.fail(Assert.java:111)\n\tat org.testng.Assert.failNotEquals(Assert.java:1578)\n\tat org.testng.Assert.assertTrue(Assert.java:57)\n\tat sample.automation.webdriver.WebDriverSteps.checkRedirectOnPage(WebDriverSteps.java:251)\n\tat sample.automation.steps.ui.pages.ProfileSteps.profilePageShouldBeOpened(ProfileSteps.java:42)\n\tat sample.automation.tests.ui.AddBookIntoCollectionTest.demo_003(AddBookIntoCollectionTest.java:62)\n\tat java.base/jdk.internal.reflect.NativeMethodAccessorImpl.invoke0(Native Method)\n\tat java.base/jdk.internal.reflect.NativeMethodAccessorImpl.invoke(NativeMethodAccessorImpl.java:77)\n\tat java.base/jdk.internal.reflect.DelegatingMethodAccessorImpl.invoke(DelegatingMethodAccessorImpl.java:43)\n\tat java.base/java.lang.reflect.Method.invoke(Method.java:568)\n\tat org.testng.internal.invokers.MethodInvocationHelper.invokeMethod(MethodInvocationHelper.java:139)\n\tat org.testng.internal.invokers.TestInvoker.invokeMethod(TestInvoker.java:664)\n\tat org.testng.internal.invokers.TestInvoker.invokeTestMethod(TestInvoker.java:227)\n\tat org.testng.internal.invokers.MethodRunner.runInSequence(MethodRunner.java:50)\n\tat org.testng.internal.invokers.TestInvoker$MethodInvocationAgent.invoke(TestInvoker.java:957)\n\tat org.testng.internal.invokers.TestInvoker.invokeTestMethods(TestInvoker.java:200)\n\tat org.testng.internal.invokers.TestMethodWorker.invokeTestMethods(TestMethodWorker.java:148)\n\tat org.testng.internal.invokers.TestMethodWorker.run(TestMethodWorker.java:128)\n\tat java.base/java.util.concurrent.ThreadPoolExecutor.runWorker(ThreadPoolExecutor.java:1136)\n\tat java.base/java.util.concurrent.ThreadPoolExecutor$Worker.run(ThreadPoolExecutor.java:635)\n\tat java.base/java.lang.Thread.run(Thread.java:840)\n","steps":[],"attachments":[],"parameters":[],"shouldDisplayMessage":true,"stepsCount":0,"attachmentsCount":0,"hasContent":true}],"attachments":[{"uid":"bf89b27265ef2a21","name":"Page screenshot sample.automation.tests.ui.AddBookIntoCollectionTest_demo_003_2023-11-20_13-51-43","source":"bf89b27265ef2a21.png","type":"image/png","size":225333}],"parameters":[],"shouldDisplayMessage":false,"stepsCount":6,"attachmentsCount":1,"hasContent":true},"afterStages":[{"name":"logAfterMethod","time":{"start":1700488304209,"stop":1700488304211,"duration":2},"description":"","status":"passed","steps":[],"attachments":[],"parameters":[],"shouldDisplayMessage":false,"stepsCount":0,"attachmentsCount":0,"hasContent":false},{"name":"checkConsoleErrors","time":{"start":1700488307365,"stop":1700488307371,"duration":6},"description":"","status":"broken","statusMessage":"There are unexpected errors in the browser console!\nWARNING https://securepubads.g.doubleclick.net/pagead/managed/js/gpt/m202311150101/pubads_impl.js?cb=31079745 9:296705 \"[GPT] Using deprecated googletag.encryptedSignalProviders. Please use googletag.secureSignalProviders instead.\"\nWARNING https://securepubads.g.doubleclick.net/pagead/managed/js/gpt/m202311150101/pubads_impl.js?cb=31079745 9:296705 \"[GPT] Using deprecated googletag.encryptedSignalProviders. Please use googletag.secureSignalProviders instead.\"\nSEVERE https://cdn-ima.33across.com/ob.js 0:10976 \"33Across Lexicon ID Mappings Provider: PID not found\"\nWARNING https://securepubads.g.doubleclick.net/pagead/managed/js/gpt/m202311150101/pubads_impl.js?cb=31079745 9:296705 \"[GPT] Using deprecated googletag.encryptedSignalProviders. Please use googletag.secureSignalProviders instead.\"\nWARNING https://securepubads.g.doubleclick.net/pagead/managed/js/gpt/m202311150101/pubads_impl.js?cb=31079745 9:296705 \"[GPT] Using deprecated googletag.encryptedSignalProviders. Please use googletag.secureSignalProviders instead.\"\nWARNING https://securepubads.g.doubleclick.net/pagead/managed/js/gpt/m202311150101/pubads_impl.js?cb=31079745 9:296705 \"[GPT] Using deprecated googletag.encryptedSignalProviders. Please use googletag.secureSignalProviders instead.\"\nSEVERE https://cdn.ad.plus/player/adplus.js 412:423 Uncaught TypeError: c(...).setup is not a function\nSEVERE https://cdn.ad.plus/player/adplus.js 412:423 Uncaught TypeError: c(...).setup is not a function\nSEVERE https://cdn.ad.plus/player/adplus.js 412:423 Uncaught TypeError: c(...).setup is not a function\nSEVERE https://cdn.ad.plus/player/adplus.js 412:423 Uncaught TypeError: c(...).setup is not a function\nSEVERE https://cdn.ad.plus/player/adplus.js 412:423 Uncaught TypeError: c(...).setup is not a function","statusTrace":"sample.automation.utils.ConsoleErrorException: There are unexpected errors in the browser console!\nWARNING https://securepubads.g.doubleclick.net/pagead/managed/js/gpt/m202311150101/pubads_impl.js?cb=31079745 9:296705 \"[GPT] Using deprecated googletag.encryptedSignalProviders. Please use googletag.secureSignalProviders instead.\"\nWARNING https://securepubads.g.doubleclick.net/pagead/managed/js/gpt/m202311150101/pubads_impl.js?cb=31079745 9:296705 \"[GPT] Using deprecated googletag.encryptedSignalProviders. Please use googletag.secureSignalProviders instead.\"\nSEVERE https://cdn-ima.33across.com/ob.js 0:10976 \"33Across Lexicon ID Mappings Provider: PID not found\"\nWARNING https://securepubads.g.doubleclick.net/pagead/managed/js/gpt/m202311150101/pubads_impl.js?cb=31079745 9:296705 \"[GPT] Using deprecated googletag.encryptedSignalProviders. Please use googletag.secureSignalProviders instead.\"\nWARNING https://securepubads.g.doubleclick.net/pagead/managed/js/gpt/m202311150101/pubads_impl.js?cb=31079745 9:296705 \"[GPT] Using deprecated googletag.encryptedSignalProviders. Please use googletag.secureSignalProviders instead.\"\nWARNING https://securepubads.g.doubleclick.net/pagead/managed/js/gpt/m202311150101/pubads_impl.js?cb=31079745 9:296705 \"[GPT] Using deprecated googletag.encryptedSignalProviders. Please use googletag.secureSignalProviders instead.\"\nSEVERE https://cdn.ad.plus/player/adplus.js 412:423 Uncaught TypeError: c(...).setup is not a function\nSEVERE https://cdn.ad.plus/player/adplus.js 412:423 Uncaught TypeError: c(...).setup is not a function\nSEVERE https://cdn.ad.plus/player/adplus.js 412:423 Uncaught TypeError: c(...).setup is not a function\nSEVERE https://cdn.ad.plus/player/adplus.js 412:423 Uncaught TypeError: c(...).setup is not a function\nSEVERE https://cdn.ad.plus/player/adplus.js 412:423 Uncaught TypeError: c(...).setup is not a function\n\tat sample.automation.webdriver.WebDriverSteps.checkErrorsInConsole(WebDriverSteps.java:229)\n\tat sample.automation.webdriver.WebDriverSteps.checkUnexpectedErrorsInConsole(WebDriverSteps.java:210)\n\tat sample.automation.testng.BaseTest.checkConsoleErrors(BaseTest.java:67)\n\tat java.base/jdk.internal.reflect.NativeMethodAccessorImpl.invoke0(Native Method)\n\tat java.base/jdk.internal.reflect.NativeMethodAccessorImpl.invoke(NativeMethodAccessorImpl.java:77)\n\tat java.base/jdk.internal.reflect.DelegatingMethodAccessorImpl.invoke(DelegatingMethodAccessorImpl.java:43)\n\tat java.base/java.lang.reflect.Method.invoke(Method.java:568)\n\tat org.testng.internal.invokers.MethodInvocationHelper.invokeMethod(MethodInvocationHelper.java:139)\n\tat org.testng.internal.invokers.MethodInvocationHelper.invokeMethodConsideringTimeout(MethodInvocationHelper.java:69)\n\tat org.testng.internal.invokers.ConfigInvoker.invokeConfigurationMethod(ConfigInvoker.java:390)\n\tat org.testng.internal.invokers.ConfigInvoker.invokeConfigurations(ConfigInvoker.java:325)\n\tat org.testng.internal.invokers.TestMethodWorker.invokeAfterClassConfigurations(TestMethodWorker.java:229)\n\tat org.testng.internal.invokers.TestMethodWorker.invokeAfterClassMethods(TestMethodWorker.java:215)\n\tat org.testng.internal.invokers.TestMethodWorker.run(TestMethodWorker.java:131)\n\tat java.base/java.util.concurrent.ThreadPoolExecutor.runWorker(ThreadPoolExecutor.java:1136)\n\tat java.base/java.util.concurrent.ThreadPoolExecutor$Worker.run(ThreadPoolExecutor.java:635)\n\tat java.base/java.lang.Thread.run(Thread.java:840)\n","steps":[{"name":"checkUnexpectedErrorsInConsole","time":{"start":1700488307366,"stop":1700488307370,"duration":4},"status":"broken","statusMessage":"There are unexpected errors in the browser console!\nWARNING https://securepubads.g.doubleclick.net/pagead/managed/js/gpt/m202311150101/pubads_impl.js?cb=31079745 9:296705 \"[GPT] Using deprecated googletag.encryptedSignalProviders. Please use googletag.secureSignalProviders instead.\"\nWARNING https://securepubads.g.doubleclick.net/pagead/managed/js/gpt/m202311150101/pubads_impl.js?cb=31079745 9:296705 \"[GPT] Using deprecated googletag.encryptedSignalProviders. Please use googletag.secureSignalProviders instead.\"\nSEVERE https://cdn-ima.33across.com/ob.js 0:10976 \"33Across Lexicon ID Mappings Provider: PID not found\"\nWARNING https://securepubads.g.doubleclick.net/pagead/managed/js/gpt/m202311150101/pubads_impl.js?cb=31079745 9:296705 \"[GPT] Using deprecated googletag.encryptedSignalProviders. Please use googletag.secureSignalProviders instead.\"\nWARNING https://securepubads.g.doubleclick.net/pagead/managed/js/gpt/m202311150101/pubads_impl.js?cb=31079745 9:296705 \"[GPT] Using deprecated googletag.encryptedSignalProviders. Please use googletag.secureSignalProviders instead.\"\nWARNING https://securepubads.g.doubleclick.net/pagead/managed/js/gpt/m202311150101/pubads_impl.js?cb=31079745 9:296705 \"[GPT] Using deprecated googletag.encryptedSignalProviders. Please use googletag.secureSignalProviders instead.\"\nSEVERE https://cdn.ad.plus/player/adplus.js 412:423 Uncaught TypeError: c(...).setup is not a function\nSEVERE https://cdn.ad.plus/player/adplus.js 412:423 Uncaught TypeError: c(...).setup is not a function\nSEVERE https://cdn.ad.plus/player/adplus.js 412:423 Uncaught TypeError: c(...).setup is not a function\nSEVERE https://cdn.ad.plus/player/adplus.js 412:423 Uncaught TypeError: c(...).setup is not a function\nSEVERE https://cdn.ad.plus/player/adplus.js 412:423 Uncaught TypeError: c(...).setup is not a function","statusTrace":"sample.automation.utils.ConsoleErrorException: There are unexpected errors in the browser console!\nWARNING https://securepubads.g.doubleclick.net/pagead/managed/js/gpt/m202311150101/pubads_impl.js?cb=31079745 9:296705 \"[GPT] Using deprecated googletag.encryptedSignalProviders. Please use googletag.secureSignalProviders instead.\"\nWARNING https://securepubads.g.doubleclick.net/pagead/managed/js/gpt/m202311150101/pubads_impl.js?cb=31079745 9:296705 \"[GPT] Using deprecated googletag.encryptedSignalProviders. Please use googletag.secureSignalProviders instead.\"\nSEVERE https://cdn-ima.33across.com/ob.js 0:10976 \"33Across Lexicon ID Mappings Provider: PID not found\"\nWARNING https://securepubads.g.doubleclick.net/pagead/managed/js/gpt/m202311150101/pubads_impl.js?cb=31079745 9:296705 \"[GPT] Using deprecated googletag.encryptedSignalProviders. Please use googletag.secureSignalProviders instead.\"\nWARNING https://securepubads.g.doubleclick.net/pagead/managed/js/gpt/m202311150101/pubads_impl.js?cb=31079745 9:296705 \"[GPT] Using deprecated googletag.encryptedSignalProviders. Please use googletag.secureSignalProviders instead.\"\nWARNING https://securepubads.g.doubleclick.net/pagead/managed/js/gpt/m202311150101/pubads_impl.js?cb=31079745 9:296705 \"[GPT] Using deprecated googletag.encryptedSignalProviders. Please use googletag.secureSignalProviders instead.\"\nSEVERE https://cdn.ad.plus/player/adplus.js 412:423 Uncaught TypeError: c(...).setup is not a function\nSEVERE https://cdn.ad.plus/player/adplus.js 412:423 Uncaught TypeError: c(...).setup is not a function\nSEVERE https://cdn.ad.plus/player/adplus.js 412:423 Uncaught TypeError: c(...).setup is not a function\nSEVERE https://cdn.ad.plus/player/adplus.js 412:423 Uncaught TypeError: c(...).setup is not a function\nSEVERE https://cdn.ad.plus/player/adplus.js 412:423 Uncaught TypeError: c(...).setup is not a function\n\tat sample.automation.webdriver.WebDriverSteps.checkErrorsInConsole(WebDriverSteps.java:229)\n\tat sample.automation.webdriver.WebDriverSteps.checkUnexpectedErrorsInConsole(WebDriverSteps.java:210)\n\tat sample.automation.testng.BaseTest.checkConsoleErrors(BaseTest.java:67)\n\tat java.base/jdk.internal.reflect.NativeMethodAccessorImpl.invoke0(Native Method)\n\tat java.base/jdk.internal.reflect.NativeMethodAccessorImpl.invoke(NativeMethodAccessorImpl.java:77)\n\tat java.base/jdk.internal.reflect.DelegatingMethodAccessorImpl.invoke(DelegatingMethodAccessorImpl.java:43)\n\tat java.base/java.lang.reflect.Method.invoke(Method.java:568)\n\tat org.testng.internal.invokers.MethodInvocationHelper.invokeMethod(MethodInvocationHelper.java:139)\n\tat org.testng.internal.invokers.MethodInvocationHelper.invokeMethodConsideringTimeout(MethodInvocationHelper.java:69)\n\tat org.testng.internal.invokers.ConfigInvoker.invokeConfigurationMethod(ConfigInvoker.java:390)\n\tat org.testng.internal.invokers.ConfigInvoker.invokeConfigurations(ConfigInvoker.java:325)\n\tat org.testng.internal.invokers.TestMethodWorker.invokeAfterClassConfigurations(TestMethodWorker.java:229)\n\tat org.testng.internal.invokers.TestMethodWorker.invokeAfterClassMethods(TestMethodWorker.java:215)\n\tat org.testng.internal.invokers.TestMethodWorker.run(TestMethodWorker.java:131)\n\tat java.base/java.util.concurrent.ThreadPoolExecutor.runWorker(ThreadPoolExecutor.java:1136)\n\tat java.base/java.util.concurrent.ThreadPoolExecutor$Worker.run(ThreadPoolExecutor.java:635)\n\tat java.base/java.lang.Thread.run(Thread.java:840)\n","steps":[],"attachments":[{"uid":"2a7f74c84d1c8b98","name":"There are unexpected errors in the browser console!\nWARNING https://securepubads.g.doubleclick.net/pagead/managed/js/gpt/m202311150101/pubads_impl.js?cb=31079745 9:296705 \"[GPT] Using deprecated googletag.encryptedSignalProviders. Please use googletag.secureSignalProviders instead.\"\nWARNING https://securepubads.g.doubleclick.net/pagead/managed/js/gpt/m202311150101/pubads_impl.js?cb=31079745 9:296705 \"[GPT] Using deprecated googletag.encryptedSignalProviders. Please use googletag.secureSignalProviders instead.\"\nSEVERE https://cdn-ima.33across.com/ob.js 0:10976 \"33Across Lexicon ID Mappings Provider: PID not found\"\nWARNING https://securepubads.g.doubleclick.net/pagead/managed/js/gpt/m202311150101/pubads_impl.js?cb=31079745 9:296705 \"[GPT] Using deprecated googletag.encryptedSignalProviders. Please use googletag.secureSignalProviders instead.\"\nWARNING https://securepubads.g.doubleclick.net/pagead/managed/js/gpt/m202311150101/pubads_impl.js?cb=31079745 9:296705 \"[GPT] Using deprecated googletag.encryptedSignalProviders. Please use googletag.secureSignalProviders instead.\"\nWARNING https://securepubads.g.doubleclick.net/pagead/managed/js/gpt/m202311150101/pubads_impl.js?cb=31079745 9:296705 \"[GPT] Using deprecated googletag.encryptedSignalProviders. Please use googletag.secureSignalProviders instead.\"\nSEVERE https://cdn.ad.plus/player/adplus.js 412:423 Uncaught TypeError: c(...).setup is not a function\nSEVERE https://cdn.ad.plus/player/adplus.js 412:423 Uncaught TypeError: c(...).setup is not a function\nSEVERE https://cdn.ad.plus/player/adplus.js 412:423 Uncaught TypeError: c(...).setup is not a function\nSEVERE https://cdn.ad.plus/player/adplus.js 412:423 Uncaught TypeError: c(...).setup is not a function\nSEVERE https://cdn.ad.plus/player/adplus.js 412:423 Uncaught TypeError: c(...).setup is not a function","source":"2a7f74c84d1c8b98.txt","type":"text/plain","size":1831}],"parameters":[],"shouldDisplayMessage":true,"stepsCount":0,"attachmentsCount":1,"hasContent":true}],"attachments":[],"parameters":[],"shouldDisplayMessage":false,"stepsCount":1,"attachmentsCount":1,"hasContent":true},{"name":"tearDown","time":{"start":1700488307372,"stop":1700488307471,"duration":99},"description":"","status":"passed","steps":[],"attachments":[],"parameters":[],"shouldDisplayMessage":false,"stepsCount":0,"attachmentsCount":0,"hasContent":false},{"name":"logAfterClass","time":{"start":1700488307472,"stop":1700488307473,"duration":1},"description":"","status":"passed","steps":[],"attachments":[],"parameters":[],"shouldDisplayMessage":false,"stepsCount":0,"attachmentsCount":0,"hasContent":false},{"name":"logAfterTestsSet","time":{"start":1700488537569,"stop":1700488537569,"duration":0},"description":"","status":"passed","steps":[],"attachments":[],"parameters":[],"shouldDisplayMessage":false,"stepsCount":0,"attachmentsCount":0,"hasContent":false}],"labels":[{"name":"package","value":"sample.automation.tests.ui.AddBookIntoCollectionTest"},{"name":"testClass","value":"sample.automation.tests.ui.AddBookIntoCollectionTest"},{"name":"testMethod","value":"demo_003"},{"name":"parentSuite","value":"Surefire suite"},{"name":"suite","value":"Surefire test"},{"name":"subSuite","value":"sample.automation.tests.ui.AddBookIntoCollectionTest"},{"name":"host","value":"fv-az585-715"},{"name":"thread","value":"2350@fv-az585-715.TestNG-test=Surefire test-2(22)"},{"name":"framework","value":"testng"},{"name":"language","value":"java"},{"name":"feature","value":"Books Store"},{"name":"story","value":"User can manage books in his collection and see them on Profile"},{"name":"tag","value":"Smoke"},{"name":"tag","value":"BookStoreUi"},{"name":"resultFormat","value":"allure2"}],"parameters":[],"links":[],"hidden":true,"retry":true,"extra":{"categories":[],"tags":["Smoke","BookStoreUi"]},"source":"ed199fb7d57c8918.json","parameterValues":[]}