{"uid":"a0a7b370fe60fb84","name":"loginAndGetDataForTests","fullName":"sample.automation.tests.ui.AddBookIntoCollectionTest.loginAndGetDataForTests","historyId":"319db319faaa9a084579c2c1a02c800b","time":{"start":1700481745814,"stop":1700481745814,"duration":0},"status":"failed","statusMessage":"Failed to navigate on the target page!","statusTrace":"java.lang.AssertionError: Failed to navigate on the target page!\n\tat sample.automation.steps.ui.NavSteps.navigate(NavSteps.java:37)\n\tat sample.automation.steps.ui.NavSteps.navigateToPage(NavSteps.java:21)\n\tat sample.automation.testng.BaseTest.loginAsUserAndSetAuthData(BaseTest.java:43)\n\tat sample.automation.tests.ui.AddBookIntoCollectionTest.loginAndGetDataForTests(AddBookIntoCollectionTest.java:36)\n\tat java.base/jdk.internal.reflect.NativeMethodAccessorImpl.invoke0(Native Method)\n\tat java.base/jdk.internal.reflect.NativeMethodAccessorImpl.invoke(NativeMethodAccessorImpl.java:77)\n\tat java.base/jdk.internal.reflect.DelegatingMethodAccessorImpl.invoke(DelegatingMethodAccessorImpl.java:43)\n\tat java.base/java.lang.reflect.Method.invoke(Method.java:568)\n\tat org.testng.internal.invokers.MethodInvocationHelper.invokeMethod(MethodInvocationHelper.java:139)\n\tat org.testng.internal.invokers.MethodInvocationHelper.invokeMethodConsideringTimeout(MethodInvocationHelper.java:69)\n\tat org.testng.internal.invokers.ConfigInvoker.invokeConfigurationMethod(ConfigInvoker.java:390)\n\tat org.testng.internal.invokers.ConfigInvoker.invokeConfigurations(ConfigInvoker.java:325)\n\tat org.testng.internal.invokers.TestMethodWorker.invokeBeforeClassMethods(TestMethodWorker.java:180)\n\tat org.testng.internal.invokers.TestMethodWorker.run(TestMethodWorker.java:122)\n\tat java.base/java.util.concurrent.ThreadPoolExecutor.runWorker(ThreadPoolExecutor.java:1136)\n\tat java.base/java.util.concurrent.ThreadPoolExecutor$Worker.run(ThreadPoolExecutor.java:635)\n\tat java.base/java.lang.Thread.run(Thread.java:840)\n","flaky":false,"newFailed":false,"newBroken":false,"newPassed":false,"retriesCount":0,"retriesStatusChange":false,"beforeStages":[{"name":"logBeforeTestsSet","time":{"start":1700481491265,"stop":1700481491286,"duration":21},"description":"","status":"passed","steps":[],"attachments":[],"parameters":[],"shouldDisplayMessage":false,"stepsCount":0,"attachmentsCount":0,"hasContent":false},{"name":"logBeforeClass","time":{"start":1700481491306,"stop":1700481491307,"duration":1},"description":"","status":"passed","steps":[],"attachments":[],"parameters":[],"shouldDisplayMessage":false,"stepsCount":0,"attachmentsCount":0,"hasContent":false},{"name":"initBaseSteps","time":{"start":1700481491308,"stop":1700481498465,"duration":7157},"description":"","status":"passed","steps":[],"attachments":[],"parameters":[],"shouldDisplayMessage":false,"stepsCount":0,"attachmentsCount":0,"hasContent":false},{"name":"loginAndGetDataForTests","time":{"start":1700481498466,"stop":1700481678490,"duration":180024},"description":"","status":"failed","statusMessage":"Failed to navigate on the target page!","statusTrace":"java.lang.AssertionError: Failed to navigate on the target page!\n\tat sample.automation.steps.ui.NavSteps.navigate(NavSteps.java:37)\n\tat sample.automation.steps.ui.NavSteps.navigateToPage(NavSteps.java:21)\n\tat sample.automation.testng.BaseTest.loginAsUserAndSetAuthData(BaseTest.java:43)\n\tat sample.automation.tests.ui.AddBookIntoCollectionTest.loginAndGetDataForTests(AddBookIntoCollectionTest.java:36)\n\tat java.base/jdk.internal.reflect.NativeMethodAccessorImpl.invoke0(Native Method)\n\tat java.base/jdk.internal.reflect.NativeMethodAccessorImpl.invoke(NativeMethodAccessorImpl.java:77)\n\tat java.base/jdk.internal.reflect.DelegatingMethodAccessorImpl.invoke(DelegatingMethodAccessorImpl.java:43)\n\tat java.base/java.lang.reflect.Method.invoke(Method.java:568)\n\tat org.testng.internal.invokers.MethodInvocationHelper.invokeMethod(MethodInvocationHelper.java:139)\n\tat org.testng.internal.invokers.MethodInvocationHelper.invokeMethodConsideringTimeout(MethodInvocationHelper.java:69)\n\tat org.testng.internal.invokers.ConfigInvoker.invokeConfigurationMethod(ConfigInvoker.java:390)\n\tat org.testng.internal.invokers.ConfigInvoker.invokeConfigurations(ConfigInvoker.java:325)\n\tat org.testng.internal.invokers.TestMethodWorker.invokeBeforeClassMethods(TestMethodWorker.java:180)\n\tat org.testng.internal.invokers.TestMethodWorker.run(TestMethodWorker.java:122)\n\tat java.base/java.util.concurrent.ThreadPoolExecutor.runWorker(ThreadPoolExecutor.java:1136)\n\tat java.base/java.util.concurrent.ThreadPoolExecutor$Worker.run(ThreadPoolExecutor.java:635)\n\tat java.base/java.lang.Thread.run(Thread.java:840)\n","steps":[{"name":"Login as 'User[username=user1,role=<null>] user","time":{"start":1700481498466,"stop":1700481678489,"duration":180023},"status":"failed","statusMessage":"Failed to navigate on the target page!","statusTrace":"java.lang.AssertionError: Failed to navigate on the target page!\n\tat sample.automation.steps.ui.NavSteps.navigate(NavSteps.java:37)\n\tat sample.automation.steps.ui.NavSteps.navigateToPage(NavSteps.java:21)\n\tat sample.automation.testng.BaseTest.loginAsUserAndSetAuthData(BaseTest.java:43)\n\tat sample.automation.tests.ui.AddBookIntoCollectionTest.loginAndGetDataForTests(AddBookIntoCollectionTest.java:36)\n\tat java.base/jdk.internal.reflect.NativeMethodAccessorImpl.invoke0(Native Method)\n\tat java.base/jdk.internal.reflect.NativeMethodAccessorImpl.invoke(NativeMethodAccessorImpl.java:77)\n\tat java.base/jdk.internal.reflect.DelegatingMethodAccessorImpl.invoke(DelegatingMethodAccessorImpl.java:43)\n\tat java.base/java.lang.reflect.Method.invoke(Method.java:568)\n\tat org.testng.internal.invokers.MethodInvocationHelper.invokeMethod(MethodInvocationHelper.java:139)\n\tat org.testng.internal.invokers.MethodInvocationHelper.invokeMethodConsideringTimeout(MethodInvocationHelper.java:69)\n\tat org.testng.internal.invokers.ConfigInvoker.invokeConfigurationMethod(ConfigInvoker.java:390)\n\tat org.testng.internal.invokers.ConfigInvoker.invokeConfigurations(ConfigInvoker.java:325)\n\tat org.testng.internal.invokers.TestMethodWorker.invokeBeforeClassMethods(TestMethodWorker.java:180)\n\tat org.testng.internal.invokers.TestMethodWorker.run(TestMethodWorker.java:122)\n\tat java.base/java.util.concurrent.ThreadPoolExecutor.runWorker(ThreadPoolExecutor.java:1136)\n\tat java.base/java.util.concurrent.ThreadPoolExecutor$Worker.run(ThreadPoolExecutor.java:635)\n\tat java.base/java.lang.Thread.run(Thread.java:840)\n","steps":[{"name":"navigateToPage","time":{"start":1700481498472,"stop":1700481678489,"duration":180017},"status":"failed","statusMessage":"Failed to navigate on the target page!","statusTrace":"java.lang.AssertionError: Failed to navigate on the target page!\n\tat sample.automation.steps.ui.NavSteps.navigate(NavSteps.java:37)\n\tat sample.automation.steps.ui.NavSteps.navigateToPage(NavSteps.java:21)\n\tat sample.automation.testng.BaseTest.loginAsUserAndSetAuthData(BaseTest.java:43)\n\tat sample.automation.tests.ui.AddBookIntoCollectionTest.loginAndGetDataForTests(AddBookIntoCollectionTest.java:36)\n\tat java.base/jdk.internal.reflect.NativeMethodAccessorImpl.invoke0(Native Method)\n\tat java.base/jdk.internal.reflect.NativeMethodAccessorImpl.invoke(NativeMethodAccessorImpl.java:77)\n\tat java.base/jdk.internal.reflect.DelegatingMethodAccessorImpl.invoke(DelegatingMethodAccessorImpl.java:43)\n\tat java.base/java.lang.reflect.Method.invoke(Method.java:568)\n\tat org.testng.internal.invokers.MethodInvocationHelper.invokeMethod(MethodInvocationHelper.java:139)\n\tat org.testng.internal.invokers.MethodInvocationHelper.invokeMethodConsideringTimeout(MethodInvocationHelper.java:69)\n\tat org.testng.internal.invokers.ConfigInvoker.invokeConfigurationMethod(ConfigInvoker.java:390)\n\tat org.testng.internal.invokers.ConfigInvoker.invokeConfigurations(ConfigInvoker.java:325)\n\tat org.testng.internal.invokers.TestMethodWorker.invokeBeforeClassMethods(TestMethodWorker.java:180)\n\tat org.testng.internal.invokers.TestMethodWorker.run(TestMethodWorker.java:122)\n\tat java.base/java.util.concurrent.ThreadPoolExecutor.runWorker(ThreadPoolExecutor.java:1136)\n\tat java.base/java.util.concurrent.ThreadPoolExecutor$Worker.run(ThreadPoolExecutor.java:635)\n\tat java.base/java.lang.Thread.run(Thread.java:840)\n","steps":[],"attachments":[],"parameters":[{"name":"targetStepsClass","value":"class sample.automation.steps.ui.pages.LoginSteps"}],"shouldDisplayMessage":true,"stepsCount":0,"attachmentsCount":0,"hasContent":true}],"attachments":[],"parameters":[{"name":"user","value":"User[username=user1,role=<null>]"}],"shouldDisplayMessage":false,"stepsCount":1,"attachmentsCount":0,"hasContent":true}],"attachments":[],"parameters":[],"shouldDisplayMessage":false,"stepsCount":2,"attachmentsCount":0,"hasContent":true}],"afterStages":[{"name":"checkConsoleErrors","time":{"start":1700481746441,"stop":1700481746471,"duration":30},"description":"","status":"broken","statusMessage":"There are unexpected errors in the browser console!\nWARNING https://securepubads.g.doubleclick.net/pagead/managed/js/gpt/m202311090101/pubads_impl.js 9:296006 \"[GPT] Using deprecated googletag.encryptedSignalProviders. Please use googletag.secureSignalProviders instead.\"\nWARNING https://securepubads.g.doubleclick.net/pagead/managed/js/gpt/m202311090101/pubads_impl.js 9:296006 \"[GPT] Using deprecated googletag.encryptedSignalProviders. Please use googletag.secureSignalProviders instead.\"\nWARNING https://securepubads.g.doubleclick.net/pagead/managed/js/gpt/m202311090101/pubads_impl.js 9:296006 \"[GPT] Using deprecated googletag.encryptedSignalProviders. Please use googletag.secureSignalProviders instead.\"\nSEVERE https://cdn-ima.33across.com/ob.js 0:10976 \"33Across Lexicon ID Mappings Provider: PID not found\"\nWARNING https://securepubads.g.doubleclick.net/pagead/managed/js/gpt/m202311090101/pubads_impl.js 9:296006 \"[GPT] Using deprecated googletag.encryptedSignalProviders. Please use googletag.secureSignalProviders instead.\"\nWARNING https://securepubads.g.doubleclick.net/pagead/managed/js/gpt/m202311090101/pubads_impl.js 9:296006 \"[GPT] Using deprecated googletag.encryptedSignalProviders. Please use googletag.secureSignalProviders instead.\"\nSEVERE https://cdn.ad.plus/player/adplus.js 412:423 Uncaught TypeError: c(...).setup is not a function","statusTrace":"sample.automation.utils.ConsoleErrorException: There are unexpected errors in the browser console!\nWARNING https://securepubads.g.doubleclick.net/pagead/managed/js/gpt/m202311090101/pubads_impl.js 9:296006 \"[GPT] Using deprecated googletag.encryptedSignalProviders. Please use googletag.secureSignalProviders instead.\"\nWARNING https://securepubads.g.doubleclick.net/pagead/managed/js/gpt/m202311090101/pubads_impl.js 9:296006 \"[GPT] Using deprecated googletag.encryptedSignalProviders. Please use googletag.secureSignalProviders instead.\"\nWARNING https://securepubads.g.doubleclick.net/pagead/managed/js/gpt/m202311090101/pubads_impl.js 9:296006 \"[GPT] Using deprecated googletag.encryptedSignalProviders. Please use googletag.secureSignalProviders instead.\"\nSEVERE https://cdn-ima.33across.com/ob.js 0:10976 \"33Across Lexicon ID Mappings Provider: PID not found\"\nWARNING https://securepubads.g.doubleclick.net/pagead/managed/js/gpt/m202311090101/pubads_impl.js 9:296006 \"[GPT] Using deprecated googletag.encryptedSignalProviders. Please use googletag.secureSignalProviders instead.\"\nWARNING https://securepubads.g.doubleclick.net/pagead/managed/js/gpt/m202311090101/pubads_impl.js 9:296006 \"[GPT] Using deprecated googletag.encryptedSignalProviders. Please use googletag.secureSignalProviders instead.\"\nSEVERE https://cdn.ad.plus/player/adplus.js 412:423 Uncaught TypeError: c(...).setup is not a function\n\tat sample.automation.webdriver.WebDriverSteps.checkErrorsInConsole(WebDriverSteps.java:229)\n\tat sample.automation.webdriver.WebDriverSteps.checkUnexpectedErrorsInConsole(WebDriverSteps.java:210)\n\tat sample.automation.testng.BaseTest.checkConsoleErrors(BaseTest.java:67)\n\tat java.base/jdk.internal.reflect.NativeMethodAccessorImpl.invoke0(Native Method)\n\tat java.base/jdk.internal.reflect.NativeMethodAccessorImpl.invoke(NativeMethodAccessorImpl.java:77)\n\tat java.base/jdk.internal.reflect.DelegatingMethodAccessorImpl.invoke(DelegatingMethodAccessorImpl.java:43)\n\tat java.base/java.lang.reflect.Method.invoke(Method.java:568)\n\tat org.testng.internal.invokers.MethodInvocationHelper.invokeMethod(MethodInvocationHelper.java:139)\n\tat org.testng.internal.invokers.MethodInvocationHelper.invokeMethodConsideringTimeout(MethodInvocationHelper.java:69)\n\tat org.testng.internal.invokers.ConfigInvoker.invokeConfigurationMethod(ConfigInvoker.java:390)\n\tat org.testng.internal.invokers.ConfigInvoker.invokeConfigurations(ConfigInvoker.java:325)\n\tat org.testng.internal.invokers.TestMethodWorker.invokeAfterClassConfigurations(TestMethodWorker.java:229)\n\tat org.testng.internal.invokers.TestMethodWorker.invokeAfterClassMethods(TestMethodWorker.java:215)\n\tat org.testng.internal.invokers.TestMethodWorker.run(TestMethodWorker.java:131)\n\tat java.base/java.util.concurrent.ThreadPoolExecutor.runWorker(ThreadPoolExecutor.java:1136)\n\tat java.base/java.util.concurrent.ThreadPoolExecutor$Worker.run(ThreadPoolExecutor.java:635)\n\tat java.base/java.lang.Thread.run(Thread.java:840)\n","steps":[{"name":"checkUnexpectedErrorsInConsole","time":{"start":1700481746443,"stop":1700481746471,"duration":28},"status":"broken","statusMessage":"There are unexpected errors in the browser console!\nWARNING https://securepubads.g.doubleclick.net/pagead/managed/js/gpt/m202311090101/pubads_impl.js 9:296006 \"[GPT] Using deprecated googletag.encryptedSignalProviders. Please use googletag.secureSignalProviders instead.\"\nWARNING https://securepubads.g.doubleclick.net/pagead/managed/js/gpt/m202311090101/pubads_impl.js 9:296006 \"[GPT] Using deprecated googletag.encryptedSignalProviders. Please use googletag.secureSignalProviders instead.\"\nWARNING https://securepubads.g.doubleclick.net/pagead/managed/js/gpt/m202311090101/pubads_impl.js 9:296006 \"[GPT] Using deprecated googletag.encryptedSignalProviders. Please use googletag.secureSignalProviders instead.\"\nSEVERE https://cdn-ima.33across.com/ob.js 0:10976 \"33Across Lexicon ID Mappings Provider: PID not found\"\nWARNING https://securepubads.g.doubleclick.net/pagead/managed/js/gpt/m202311090101/pubads_impl.js 9:296006 \"[GPT] Using deprecated googletag.encryptedSignalProviders. Please use googletag.secureSignalProviders instead.\"\nWARNING https://securepubads.g.doubleclick.net/pagead/managed/js/gpt/m202311090101/pubads_impl.js 9:296006 \"[GPT] Using deprecated googletag.encryptedSignalProviders. Please use googletag.secureSignalProviders instead.\"\nSEVERE https://cdn.ad.plus/player/adplus.js 412:423 Uncaught TypeError: c(...).setup is not a function","statusTrace":"sample.automation.utils.ConsoleErrorException: There are unexpected errors in the browser console!\nWARNING https://securepubads.g.doubleclick.net/pagead/managed/js/gpt/m202311090101/pubads_impl.js 9:296006 \"[GPT] Using deprecated googletag.encryptedSignalProviders. Please use googletag.secureSignalProviders instead.\"\nWARNING https://securepubads.g.doubleclick.net/pagead/managed/js/gpt/m202311090101/pubads_impl.js 9:296006 \"[GPT] Using deprecated googletag.encryptedSignalProviders. Please use googletag.secureSignalProviders instead.\"\nWARNING https://securepubads.g.doubleclick.net/pagead/managed/js/gpt/m202311090101/pubads_impl.js 9:296006 \"[GPT] Using deprecated googletag.encryptedSignalProviders. Please use googletag.secureSignalProviders instead.\"\nSEVERE https://cdn-ima.33across.com/ob.js 0:10976 \"33Across Lexicon ID Mappings Provider: PID not found\"\nWARNING https://securepubads.g.doubleclick.net/pagead/managed/js/gpt/m202311090101/pubads_impl.js 9:296006 \"[GPT] Using deprecated googletag.encryptedSignalProviders. Please use googletag.secureSignalProviders instead.\"\nWARNING https://securepubads.g.doubleclick.net/pagead/managed/js/gpt/m202311090101/pubads_impl.js 9:296006 \"[GPT] Using deprecated googletag.encryptedSignalProviders. Please use googletag.secureSignalProviders instead.\"\nSEVERE https://cdn.ad.plus/player/adplus.js 412:423 Uncaught TypeError: c(...).setup is not a function\n\tat sample.automation.webdriver.WebDriverSteps.checkErrorsInConsole(WebDriverSteps.java:229)\n\tat sample.automation.webdriver.WebDriverSteps.checkUnexpectedErrorsInConsole(WebDriverSteps.java:210)\n\tat sample.automation.testng.BaseTest.checkConsoleErrors(BaseTest.java:67)\n\tat java.base/jdk.internal.reflect.NativeMethodAccessorImpl.invoke0(Native Method)\n\tat java.base/jdk.internal.reflect.NativeMethodAccessorImpl.invoke(NativeMethodAccessorImpl.java:77)\n\tat java.base/jdk.internal.reflect.DelegatingMethodAccessorImpl.invoke(DelegatingMethodAccessorImpl.java:43)\n\tat java.base/java.lang.reflect.Method.invoke(Method.java:568)\n\tat org.testng.internal.invokers.MethodInvocationHelper.invokeMethod(MethodInvocationHelper.java:139)\n\tat org.testng.internal.invokers.MethodInvocationHelper.invokeMethodConsideringTimeout(MethodInvocationHelper.java:69)\n\tat org.testng.internal.invokers.ConfigInvoker.invokeConfigurationMethod(ConfigInvoker.java:390)\n\tat org.testng.internal.invokers.ConfigInvoker.invokeConfigurations(ConfigInvoker.java:325)\n\tat org.testng.internal.invokers.TestMethodWorker.invokeAfterClassConfigurations(TestMethodWorker.java:229)\n\tat org.testng.internal.invokers.TestMethodWorker.invokeAfterClassMethods(TestMethodWorker.java:215)\n\tat org.testng.internal.invokers.TestMethodWorker.run(TestMethodWorker.java:131)\n\tat java.base/java.util.concurrent.ThreadPoolExecutor.runWorker(ThreadPoolExecutor.java:1136)\n\tat java.base/java.util.concurrent.ThreadPoolExecutor$Worker.run(ThreadPoolExecutor.java:635)\n\tat java.base/java.lang.Thread.run(Thread.java:840)\n","steps":[],"attachments":[{"uid":"5e8a8b88e184d1cc","name":"There are unexpected errors in the browser console!\nWARNING https://securepubads.g.doubleclick.net/pagead/managed/js/gpt/m202311090101/pubads_impl.js 9:296006 \"[GPT] Using deprecated googletag.encryptedSignalProviders. Please use googletag.secureSignalProviders instead.\"\nWARNING https://securepubads.g.doubleclick.net/pagead/managed/js/gpt/m202311090101/pubads_impl.js 9:296006 \"[GPT] Using deprecated googletag.encryptedSignalProviders. Please use googletag.secureSignalProviders instead.\"\nWARNING https://securepubads.g.doubleclick.net/pagead/managed/js/gpt/m202311090101/pubads_impl.js 9:296006 \"[GPT] Using deprecated googletag.encryptedSignalProviders. Please use googletag.secureSignalProviders instead.\"\nSEVERE https://cdn-ima.33across.com/ob.js 0:10976 \"33Across Lexicon ID Mappings Provider: PID not found\"\nWARNING https://securepubads.g.doubleclick.net/pagead/managed/js/gpt/m202311090101/pubads_impl.js 9:296006 \"[GPT] Using deprecated googletag.encryptedSignalProviders. Please use googletag.secureSignalProviders instead.\"\nWARNING https://securepubads.g.doubleclick.net/pagead/managed/js/gpt/m202311090101/pubads_impl.js 9:296006 \"[GPT] Using deprecated googletag.encryptedSignalProviders. Please use googletag.secureSignalProviders instead.\"\nSEVERE https://cdn.ad.plus/player/adplus.js 412:423 Uncaught TypeError: c(...).setup is not a function","source":"5e8a8b88e184d1cc.txt","type":"text/plain","size":1359}],"parameters":[],"shouldDisplayMessage":true,"stepsCount":0,"attachmentsCount":1,"hasContent":true}],"attachments":[],"parameters":[],"shouldDisplayMessage":false,"stepsCount":1,"attachmentsCount":1,"hasContent":true},{"name":"tearDown","time":{"start":1700481746472,"stop":1700481746641,"duration":169},"description":"","status":"passed","steps":[],"attachments":[],"parameters":[],"shouldDisplayMessage":false,"stepsCount":0,"attachmentsCount":0,"hasContent":false},{"name":"logAfterClass","time":{"start":1700481746642,"stop":1700481746643,"duration":1},"description":"","status":"passed","steps":[],"attachments":[],"parameters":[],"shouldDisplayMessage":false,"stepsCount":0,"attachmentsCount":0,"hasContent":false},{"name":"logAfterTestsSet","time":{"start":1700481747403,"stop":1700481747404,"duration":1},"description":"","status":"passed","steps":[],"attachments":[],"parameters":[],"shouldDisplayMessage":false,"stepsCount":0,"attachmentsCount":0,"hasContent":false}],"labels":[{"name":"package","value":"sample.automation.tests.ui.AddBookIntoCollectionTest"},{"name":"testClass","value":"sample.automation.tests.ui.AddBookIntoCollectionTest"},{"name":"testMethod","value":"loginAndGetDataForTests"},{"name":"parentSuite","value":"Surefire suite"},{"name":"suite","value":"Surefire test"},{"name":"subSuite","value":"sample.automation.tests.ui.AddBookIntoCollectionTest"},{"name":"host","value":"fv-az1149-966"},{"name":"thread","value":"2373@fv-az1149-966.TestNG-test=Surefire test-2(22)"},{"name":"framework","value":"testng"},{"name":"language","value":"java"},{"name":"feature","value":"Books Store"},{"name":"story","value":"User can manage books in his collection and see them on Profile"},{"name":"AS_ID","value":"-1"},{"name":"resultFormat","value":"allure2"}],"parameters":[],"links":[],"hidden":false,"retry":false,"extra":{"severity":"normal","retries":[],"categories":[{"name":"Product defects","matchedStatuses":[],"flaky":false}],"tags":[]},"source":"a0a7b370fe60fb84.json","parameterValues":[]}