{"uid":"6d476bc663c215ff","name":"User can see all available books in the Book Store","fullName":"sample.automation.tests.ui.ViewBooksTest.demo_001","historyId":"e5fb0bbe7ac34f73e49623ac767b21be","time":{"start":1701670809669,"stop":1701670809669,"duration":0},"status":"skipped","statusMessage":"Failed to navigate on the target page!","statusTrace":"java.lang.AssertionError: Failed to navigate on the target page!\n\tat sample.automation.steps.ui.NavSteps.navigate(NavSteps.java:41)\n\tat sample.automation.steps.ui.NavSteps.navigateToPage(NavSteps.java:23)\n\tat sample.automation.tests.ui.ViewBooksTest.reopenBookStorePage(ViewBooksTest.java:43)\n\tat java.base/jdk.internal.reflect.NativeMethodAccessorImpl.invoke0(Native Method)\n\tat java.base/jdk.internal.reflect.NativeMethodAccessorImpl.invoke(NativeMethodAccessorImpl.java:77)\n\tat java.base/jdk.internal.reflect.DelegatingMethodAccessorImpl.invoke(DelegatingMethodAccessorImpl.java:43)\n\tat java.base/java.lang.reflect.Method.invoke(Method.java:568)\n\tat org.testng.internal.invokers.MethodInvocationHelper.invokeMethod(MethodInvocationHelper.java:139)\n\tat org.testng.internal.invokers.MethodInvocationHelper.invokeMethodConsideringTimeout(MethodInvocationHelper.java:69)\n\tat org.testng.internal.invokers.ConfigInvoker.invokeConfigurationMethod(ConfigInvoker.java:390)\n\tat org.testng.internal.invokers.ConfigInvoker.invokeConfigurations(ConfigInvoker.java:325)\n\tat org.testng.internal.invokers.TestInvoker.runConfigMethods(TestInvoker.java:810)\n\tat org.testng.internal.invokers.TestInvoker.invokeMethod(TestInvoker.java:577)\n\tat org.testng.internal.invokers.TestInvoker.invokeTestMethod(TestInvoker.java:227)\n\tat org.testng.internal.invokers.MethodRunner.runInSequence(MethodRunner.java:50)\n\tat org.testng.internal.invokers.TestInvoker$MethodInvocationAgent.invoke(TestInvoker.java:957)\n\tat org.testng.internal.invokers.TestInvoker.invokeTestMethods(TestInvoker.java:200)\n\tat org.testng.internal.invokers.TestMethodWorker.invokeTestMethods(TestMethodWorker.java:148)\n\tat org.testng.internal.invokers.TestMethodWorker.run(TestMethodWorker.java:128)\n\tat java.base/java.util.concurrent.ThreadPoolExecutor.runWorker(ThreadPoolExecutor.java:1136)\n\tat java.base/java.util.concurrent.ThreadPoolExecutor$Worker.run(ThreadPoolExecutor.java:635)\n\tat java.base/java.lang.Thread.run(Thread.java:840)\n","flaky":false,"newFailed":false,"newBroken":false,"newPassed":false,"retriesCount":0,"retriesStatusChange":false,"beforeStages":[{"name":"logBeforeTestsSet","time":{"start":1701670557190,"stop":1701670557208,"duration":18},"description":"","status":"passed","steps":[],"attachments":[],"parameters":[],"shouldDisplayMessage":false,"stepsCount":0,"attachmentsCount":0,"hasContent":false},{"name":"logBeforeClass","time":{"start":1701670557226,"stop":1701670557227,"duration":1},"description":"","status":"passed","steps":[],"attachments":[],"parameters":[],"shouldDisplayMessage":false,"stepsCount":0,"attachmentsCount":0,"hasContent":false},{"name":"initBaseSteps","time":{"start":1701670557229,"stop":1701670561134,"duration":3905},"description":"","status":"passed","steps":[],"attachments":[],"parameters":[],"shouldDisplayMessage":false,"stepsCount":0,"attachmentsCount":0,"hasContent":false},{"name":"getDataForTests","time":{"start":1701670561137,"stop":1701670562315,"duration":1178},"description":"","status":"passed","steps":[{"name":"Get all books data","time":{"start":1701670561163,"stop":1701670562314,"duration":1151},"status":"passed","steps":[{"name":"GET /Books","time":{"start":1701670561164,"stop":1701670561626,"duration":462},"status":"passed","steps":[],"attachments":[],"parameters":[],"shouldDisplayMessage":false,"stepsCount":0,"attachmentsCount":0,"hasContent":false}],"attachments":[],"parameters":[],"shouldDisplayMessage":false,"stepsCount":1,"attachmentsCount":0,"hasContent":true}],"attachments":[],"parameters":[],"shouldDisplayMessage":false,"stepsCount":2,"attachmentsCount":0,"hasContent":true},{"name":"logBeforeMethod","time":{"start":1701670562316,"stop":1701670562316,"duration":0},"description":"","status":"passed","steps":[],"attachments":[],"parameters":[],"shouldDisplayMessage":false,"stepsCount":0,"attachmentsCount":0,"hasContent":false},{"name":"reopenBookStorePage","time":{"start":1701670562320,"stop":1701670809272,"duration":246952},"description":"","status":"failed","statusMessage":"Failed to navigate on the target page!","statusTrace":"java.lang.AssertionError: Failed to navigate on the target page!\n\tat sample.automation.steps.ui.NavSteps.navigate(NavSteps.java:41)\n\tat sample.automation.steps.ui.NavSteps.navigateToPage(NavSteps.java:23)\n\tat sample.automation.tests.ui.ViewBooksTest.reopenBookStorePage(ViewBooksTest.java:43)\n\tat java.base/jdk.internal.reflect.NativeMethodAccessorImpl.invoke0(Native Method)\n\tat java.base/jdk.internal.reflect.NativeMethodAccessorImpl.invoke(NativeMethodAccessorImpl.java:77)\n\tat java.base/jdk.internal.reflect.DelegatingMethodAccessorImpl.invoke(DelegatingMethodAccessorImpl.java:43)\n\tat java.base/java.lang.reflect.Method.invoke(Method.java:568)\n\tat org.testng.internal.invokers.MethodInvocationHelper.invokeMethod(MethodInvocationHelper.java:139)\n\tat org.testng.internal.invokers.MethodInvocationHelper.invokeMethodConsideringTimeout(MethodInvocationHelper.java:69)\n\tat org.testng.internal.invokers.ConfigInvoker.invokeConfigurationMethod(ConfigInvoker.java:390)\n\tat org.testng.internal.invokers.ConfigInvoker.invokeConfigurations(ConfigInvoker.java:325)\n\tat org.testng.internal.invokers.TestInvoker.runConfigMethods(TestInvoker.java:810)\n\tat org.testng.internal.invokers.TestInvoker.invokeMethod(TestInvoker.java:577)\n\tat org.testng.internal.invokers.TestInvoker.invokeTestMethod(TestInvoker.java:227)\n\tat org.testng.internal.invokers.MethodRunner.runInSequence(MethodRunner.java:50)\n\tat org.testng.internal.invokers.TestInvoker$MethodInvocationAgent.invoke(TestInvoker.java:957)\n\tat org.testng.internal.invokers.TestInvoker.invokeTestMethods(TestInvoker.java:200)\n\tat org.testng.internal.invokers.TestMethodWorker.invokeTestMethods(TestMethodWorker.java:148)\n\tat org.testng.internal.invokers.TestMethodWorker.run(TestMethodWorker.java:128)\n\tat java.base/java.util.concurrent.ThreadPoolExecutor.runWorker(ThreadPoolExecutor.java:1136)\n\tat java.base/java.util.concurrent.ThreadPoolExecutor$Worker.run(ThreadPoolExecutor.java:635)\n\tat java.base/java.lang.Thread.run(Thread.java:840)\n","steps":[{"name":"navigateToPage","time":{"start":1701670562335,"stop":1701670809272,"duration":246937},"status":"failed","statusMessage":"Failed to navigate on the target page!","statusTrace":"java.lang.AssertionError: Failed to navigate on the target page!\n\tat sample.automation.steps.ui.NavSteps.navigate(NavSteps.java:41)\n\tat sample.automation.steps.ui.NavSteps.navigateToPage(NavSteps.java:23)\n\tat sample.automation.tests.ui.ViewBooksTest.reopenBookStorePage(ViewBooksTest.java:43)\n\tat java.base/jdk.internal.reflect.NativeMethodAccessorImpl.invoke0(Native Method)\n\tat java.base/jdk.internal.reflect.NativeMethodAccessorImpl.invoke(NativeMethodAccessorImpl.java:77)\n\tat java.base/jdk.internal.reflect.DelegatingMethodAccessorImpl.invoke(DelegatingMethodAccessorImpl.java:43)\n\tat java.base/java.lang.reflect.Method.invoke(Method.java:568)\n\tat org.testng.internal.invokers.MethodInvocationHelper.invokeMethod(MethodInvocationHelper.java:139)\n\tat org.testng.internal.invokers.MethodInvocationHelper.invokeMethodConsideringTimeout(MethodInvocationHelper.java:69)\n\tat org.testng.internal.invokers.ConfigInvoker.invokeConfigurationMethod(ConfigInvoker.java:390)\n\tat org.testng.internal.invokers.ConfigInvoker.invokeConfigurations(ConfigInvoker.java:325)\n\tat org.testng.internal.invokers.TestInvoker.runConfigMethods(TestInvoker.java:810)\n\tat org.testng.internal.invokers.TestInvoker.invokeMethod(TestInvoker.java:577)\n\tat org.testng.internal.invokers.TestInvoker.invokeTestMethod(TestInvoker.java:227)\n\tat org.testng.internal.invokers.MethodRunner.runInSequence(MethodRunner.java:50)\n\tat org.testng.internal.invokers.TestInvoker$MethodInvocationAgent.invoke(TestInvoker.java:957)\n\tat org.testng.internal.invokers.TestInvoker.invokeTestMethods(TestInvoker.java:200)\n\tat org.testng.internal.invokers.TestMethodWorker.invokeTestMethods(TestMethodWorker.java:148)\n\tat org.testng.internal.invokers.TestMethodWorker.run(TestMethodWorker.java:128)\n\tat java.base/java.util.concurrent.ThreadPoolExecutor.runWorker(ThreadPoolExecutor.java:1136)\n\tat java.base/java.util.concurrent.ThreadPoolExecutor$Worker.run(ThreadPoolExecutor.java:635)\n\tat java.base/java.lang.Thread.run(Thread.java:840)\n","steps":[],"attachments":[{"uid":"54a6065673831238","name":"Page screenshot navigate_failed_2023-12-04_06-19-02","source":"54a6065673831238.png","type":"image/png","size":579340}],"parameters":[{"name":"targetStepsClass","value":"class sample.automation.steps.ui.pages.BookStoreSteps"}],"shouldDisplayMessage":true,"stepsCount":0,"attachmentsCount":1,"hasContent":true}],"attachments":[],"parameters":[],"shouldDisplayMessage":false,"stepsCount":1,"attachmentsCount":1,"hasContent":true}],"afterStages":[{"name":"logAfterMethod","time":{"start":1701670809670,"stop":1701670809671,"duration":1},"description":"","status":"passed","steps":[],"attachments":[],"parameters":[],"shouldDisplayMessage":false,"stepsCount":0,"attachmentsCount":0,"hasContent":false},{"name":"checkConsoleErrors","time":{"start":1701670810719,"stop":1701670810737,"duration":18},"description":"","status":"broken","statusMessage":"There are unexpected errors in the browser console!\nWARNING https://securepubads.g.doubleclick.net/pagead/managed/js/gpt/m202311280101/pubads_impl.js 9:296479 \"[GPT] Using deprecated googletag.encryptedSignalProviders. Please use googletag.secureSignalProviders instead.\"\nWARNING https://securepubads.g.doubleclick.net/pagead/managed/js/gpt/m202311280101/pubads_impl.js 9:296479 \"[GPT] Using deprecated googletag.encryptedSignalProviders. Please use googletag.secureSignalProviders instead.\"\nWARNING https://securepubads.g.doubleclick.net/pagead/managed/js/gpt/m202311280101/pubads_impl.js 9:296479 \"[GPT] Using deprecated googletag.encryptedSignalProviders. Please use googletag.secureSignalProviders instead.\"\nSEVERE https://cdn-ima.33across.com/ob.js 0:10976 \"33Across Lexicon ID Mappings Provider: PID not found\"\nWARNING https://securepubads.g.doubleclick.net/pagead/managed/js/gpt/m202311280101/pubads_impl.js 9:296479 \"[GPT] Using deprecated googletag.encryptedSignalProviders. Please use googletag.secureSignalProviders instead.\"\nWARNING https://securepubads.g.doubleclick.net/pagead/managed/js/gpt/m202311280101/pubads_impl.js 9:296479 \"[GPT] Using deprecated googletag.encryptedSignalProviders. Please use googletag.secureSignalProviders instead.\"\nSEVERE https://cdn.ad.plus/player/adplus.js 413:84 Uncaught TypeError: c(...).setup is not a function\nSEVERE https://cdn.ad.plus/player/adplus.js 413:84 Uncaught TypeError: c(...).setup is not a function","statusTrace":"sample.automation.utils.ConsoleErrorException: There are unexpected errors in the browser console!\nWARNING https://securepubads.g.doubleclick.net/pagead/managed/js/gpt/m202311280101/pubads_impl.js 9:296479 \"[GPT] Using deprecated googletag.encryptedSignalProviders. Please use googletag.secureSignalProviders instead.\"\nWARNING https://securepubads.g.doubleclick.net/pagead/managed/js/gpt/m202311280101/pubads_impl.js 9:296479 \"[GPT] Using deprecated googletag.encryptedSignalProviders. Please use googletag.secureSignalProviders instead.\"\nWARNING https://securepubads.g.doubleclick.net/pagead/managed/js/gpt/m202311280101/pubads_impl.js 9:296479 \"[GPT] Using deprecated googletag.encryptedSignalProviders. Please use googletag.secureSignalProviders instead.\"\nSEVERE https://cdn-ima.33across.com/ob.js 0:10976 \"33Across Lexicon ID Mappings Provider: PID not found\"\nWARNING https://securepubads.g.doubleclick.net/pagead/managed/js/gpt/m202311280101/pubads_impl.js 9:296479 \"[GPT] Using deprecated googletag.encryptedSignalProviders. Please use googletag.secureSignalProviders instead.\"\nWARNING https://securepubads.g.doubleclick.net/pagead/managed/js/gpt/m202311280101/pubads_impl.js 9:296479 \"[GPT] Using deprecated googletag.encryptedSignalProviders. Please use googletag.secureSignalProviders instead.\"\nSEVERE https://cdn.ad.plus/player/adplus.js 413:84 Uncaught TypeError: c(...).setup is not a function\nSEVERE https://cdn.ad.plus/player/adplus.js 413:84 Uncaught TypeError: c(...).setup is not a function\n\tat sample.automation.webdriver.WebDriverSteps.checkErrorsInConsole(WebDriverSteps.java:229)\n\tat sample.automation.webdriver.WebDriverSteps.checkUnexpectedErrorsInConsole(WebDriverSteps.java:210)\n\tat sample.automation.testng.BaseTest.checkConsoleErrors(BaseTest.java:67)\n\tat java.base/jdk.internal.reflect.NativeMethodAccessorImpl.invoke0(Native Method)\n\tat java.base/jdk.internal.reflect.NativeMethodAccessorImpl.invoke(NativeMethodAccessorImpl.java:77)\n\tat java.base/jdk.internal.reflect.DelegatingMethodAccessorImpl.invoke(DelegatingMethodAccessorImpl.java:43)\n\tat java.base/java.lang.reflect.Method.invoke(Method.java:568)\n\tat org.testng.internal.invokers.MethodInvocationHelper.invokeMethod(MethodInvocationHelper.java:139)\n\tat org.testng.internal.invokers.MethodInvocationHelper.invokeMethodConsideringTimeout(MethodInvocationHelper.java:69)\n\tat org.testng.internal.invokers.ConfigInvoker.invokeConfigurationMethod(ConfigInvoker.java:390)\n\tat org.testng.internal.invokers.ConfigInvoker.invokeConfigurations(ConfigInvoker.java:325)\n\tat org.testng.internal.invokers.TestMethodWorker.invokeAfterClassConfigurations(TestMethodWorker.java:229)\n\tat org.testng.internal.invokers.TestMethodWorker.invokeAfterClassMethods(TestMethodWorker.java:215)\n\tat org.testng.internal.invokers.TestMethodWorker.run(TestMethodWorker.java:131)\n\tat java.base/java.util.concurrent.ThreadPoolExecutor.runWorker(ThreadPoolExecutor.java:1136)\n\tat java.base/java.util.concurrent.ThreadPoolExecutor$Worker.run(ThreadPoolExecutor.java:635)\n\tat java.base/java.lang.Thread.run(Thread.java:840)\n","steps":[{"name":"checkUnexpectedErrorsInConsole","time":{"start":1701670810719,"stop":1701670810735,"duration":16},"status":"broken","statusMessage":"There are unexpected errors in the browser console!\nWARNING https://securepubads.g.doubleclick.net/pagead/managed/js/gpt/m202311280101/pubads_impl.js 9:296479 \"[GPT] Using deprecated googletag.encryptedSignalProviders. Please use googletag.secureSignalProviders instead.\"\nWARNING https://securepubads.g.doubleclick.net/pagead/managed/js/gpt/m202311280101/pubads_impl.js 9:296479 \"[GPT] Using deprecated googletag.encryptedSignalProviders. Please use googletag.secureSignalProviders instead.\"\nWARNING https://securepubads.g.doubleclick.net/pagead/managed/js/gpt/m202311280101/pubads_impl.js 9:296479 \"[GPT] Using deprecated googletag.encryptedSignalProviders. Please use googletag.secureSignalProviders instead.\"\nSEVERE https://cdn-ima.33across.com/ob.js 0:10976 \"33Across Lexicon ID Mappings Provider: PID not found\"\nWARNING https://securepubads.g.doubleclick.net/pagead/managed/js/gpt/m202311280101/pubads_impl.js 9:296479 \"[GPT] Using deprecated googletag.encryptedSignalProviders. Please use googletag.secureSignalProviders instead.\"\nWARNING https://securepubads.g.doubleclick.net/pagead/managed/js/gpt/m202311280101/pubads_impl.js 9:296479 \"[GPT] Using deprecated googletag.encryptedSignalProviders. Please use googletag.secureSignalProviders instead.\"\nSEVERE https://cdn.ad.plus/player/adplus.js 413:84 Uncaught TypeError: c(...).setup is not a function\nSEVERE https://cdn.ad.plus/player/adplus.js 413:84 Uncaught TypeError: c(...).setup is not a function","statusTrace":"sample.automation.utils.ConsoleErrorException: There are unexpected errors in the browser console!\nWARNING https://securepubads.g.doubleclick.net/pagead/managed/js/gpt/m202311280101/pubads_impl.js 9:296479 \"[GPT] Using deprecated googletag.encryptedSignalProviders. Please use googletag.secureSignalProviders instead.\"\nWARNING https://securepubads.g.doubleclick.net/pagead/managed/js/gpt/m202311280101/pubads_impl.js 9:296479 \"[GPT] Using deprecated googletag.encryptedSignalProviders. Please use googletag.secureSignalProviders instead.\"\nWARNING https://securepubads.g.doubleclick.net/pagead/managed/js/gpt/m202311280101/pubads_impl.js 9:296479 \"[GPT] Using deprecated googletag.encryptedSignalProviders. Please use googletag.secureSignalProviders instead.\"\nSEVERE https://cdn-ima.33across.com/ob.js 0:10976 \"33Across Lexicon ID Mappings Provider: PID not found\"\nWARNING https://securepubads.g.doubleclick.net/pagead/managed/js/gpt/m202311280101/pubads_impl.js 9:296479 \"[GPT] Using deprecated googletag.encryptedSignalProviders. Please use googletag.secureSignalProviders instead.\"\nWARNING https://securepubads.g.doubleclick.net/pagead/managed/js/gpt/m202311280101/pubads_impl.js 9:296479 \"[GPT] Using deprecated googletag.encryptedSignalProviders. Please use googletag.secureSignalProviders instead.\"\nSEVERE https://cdn.ad.plus/player/adplus.js 413:84 Uncaught TypeError: c(...).setup is not a function\nSEVERE https://cdn.ad.plus/player/adplus.js 413:84 Uncaught TypeError: c(...).setup is not a function\n\tat sample.automation.webdriver.WebDriverSteps.checkErrorsInConsole(WebDriverSteps.java:229)\n\tat sample.automation.webdriver.WebDriverSteps.checkUnexpectedErrorsInConsole(WebDriverSteps.java:210)\n\tat sample.automation.testng.BaseTest.checkConsoleErrors(BaseTest.java:67)\n\tat java.base/jdk.internal.reflect.NativeMethodAccessorImpl.invoke0(Native Method)\n\tat java.base/jdk.internal.reflect.NativeMethodAccessorImpl.invoke(NativeMethodAccessorImpl.java:77)\n\tat java.base/jdk.internal.reflect.DelegatingMethodAccessorImpl.invoke(DelegatingMethodAccessorImpl.java:43)\n\tat java.base/java.lang.reflect.Method.invoke(Method.java:568)\n\tat org.testng.internal.invokers.MethodInvocationHelper.invokeMethod(MethodInvocationHelper.java:139)\n\tat org.testng.internal.invokers.MethodInvocationHelper.invokeMethodConsideringTimeout(MethodInvocationHelper.java:69)\n\tat org.testng.internal.invokers.ConfigInvoker.invokeConfigurationMethod(ConfigInvoker.java:390)\n\tat org.testng.internal.invokers.ConfigInvoker.invokeConfigurations(ConfigInvoker.java:325)\n\tat org.testng.internal.invokers.TestMethodWorker.invokeAfterClassConfigurations(TestMethodWorker.java:229)\n\tat org.testng.internal.invokers.TestMethodWorker.invokeAfterClassMethods(TestMethodWorker.java:215)\n\tat org.testng.internal.invokers.TestMethodWorker.run(TestMethodWorker.java:131)\n\tat java.base/java.util.concurrent.ThreadPoolExecutor.runWorker(ThreadPoolExecutor.java:1136)\n\tat java.base/java.util.concurrent.ThreadPoolExecutor$Worker.run(ThreadPoolExecutor.java:635)\n\tat java.base/java.lang.Thread.run(Thread.java:840)\n","steps":[],"attachments":[{"uid":"7ca8e9c840c515be","name":"There are unexpected errors in the browser console!\nWARNING https://securepubads.g.doubleclick.net/pagead/managed/js/gpt/m202311280101/pubads_impl.js 9:296479 \"[GPT] Using deprecated googletag.encryptedSignalProviders. Please use googletag.secureSignalProviders instead.\"\nWARNING https://securepubads.g.doubleclick.net/pagead/managed/js/gpt/m202311280101/pubads_impl.js 9:296479 \"[GPT] Using deprecated googletag.encryptedSignalProviders. Please use googletag.secureSignalProviders instead.\"\nWARNING https://securepubads.g.doubleclick.net/pagead/managed/js/gpt/m202311280101/pubads_impl.js 9:296479 \"[GPT] Using deprecated googletag.encryptedSignalProviders. Please use googletag.secureSignalProviders instead.\"\nSEVERE https://cdn-ima.33across.com/ob.js 0:10976 \"33Across Lexicon ID Mappings Provider: PID not found\"\nWARNING https://securepubads.g.doubleclick.net/pagead/managed/js/gpt/m202311280101/pubads_impl.js 9:296479 \"[GPT] Using deprecated googletag.encryptedSignalProviders. Please use googletag.secureSignalProviders instead.\"\nWARNING https://securepubads.g.doubleclick.net/pagead/managed/js/gpt/m202311280101/pubads_impl.js 9:296479 \"[GPT] Using deprecated googletag.encryptedSignalProviders. Please use googletag.secureSignalProviders instead.\"\nSEVERE https://cdn.ad.plus/player/adplus.js 413:84 Uncaught TypeError: c(...).setup is not a function\nSEVERE https://cdn.ad.plus/player/adplus.js 413:84 Uncaught TypeError: c(...).setup is not a function","source":"7ca8e9c840c515be.txt","type":"text/plain","size":1460}],"parameters":[],"shouldDisplayMessage":true,"stepsCount":0,"attachmentsCount":1,"hasContent":true}],"attachments":[],"parameters":[],"shouldDisplayMessage":false,"stepsCount":1,"attachmentsCount":1,"hasContent":true},{"name":"tearDown","time":{"start":1701670810745,"stop":1701670810840,"duration":95},"description":"","status":"passed","steps":[],"attachments":[],"parameters":[],"shouldDisplayMessage":false,"stepsCount":0,"attachmentsCount":0,"hasContent":false},{"name":"logAfterClass","time":{"start":1701670810840,"stop":1701670810841,"duration":1},"description":"","status":"passed","steps":[],"attachments":[],"parameters":[],"shouldDisplayMessage":false,"stepsCount":0,"attachmentsCount":0,"hasContent":false},{"name":"logAfterTestsSet","time":{"start":1701670810842,"stop":1701670810842,"duration":0},"description":"","status":"passed","steps":[],"attachments":[],"parameters":[],"shouldDisplayMessage":false,"stepsCount":0,"attachmentsCount":0,"hasContent":false}],"labels":[{"name":"package","value":"sample.automation.tests.ui.ViewBooksTest"},{"name":"testClass","value":"sample.automation.tests.ui.ViewBooksTest"},{"name":"testMethod","value":"demo_001"},{"name":"parentSuite","value":"Surefire suite"},{"name":"suite","value":"Surefire test"},{"name":"subSuite","value":"sample.automation.tests.ui.ViewBooksTest"},{"name":"host","value":"fv-az914-645"},{"name":"thread","value":"2356@fv-az914-645.TestNG-test=Surefire test-1(21)"},{"name":"framework","value":"testng"},{"name":"language","value":"java"},{"name":"feature","value":"Books Store"},{"name":"story","value":"Anyone can view available books in the Book Store"},{"name":"tag","value":"Smoke"},{"name":"tag","value":"BookStoreUi"},{"name":"resultFormat","value":"allure2"}],"parameters":[],"links":[],"hidden":false,"retry":false,"extra":{"severity":"normal","retries":[],"categories":[],"tags":["Smoke","BookStoreUi"]},"source":"6d476bc663c215ff.json","parameterValues":[]}