{"uid":"9a40dc1d24599975","name":"loginAndGetDataForTests","fullName":"sample.automation.tests.ui.AddBookIntoCollectionTest.loginAndGetDataForTests","historyId":"319db319faaa9a084579c2c1a02c800b","time":{"start":1701670808344,"stop":1701670808344,"duration":0},"status":"failed","statusMessage":"Failed to navigate on the target page!","statusTrace":"java.lang.AssertionError: Failed to navigate on the target page!\n\tat sample.automation.steps.ui.NavSteps.navigate(NavSteps.java:41)\n\tat sample.automation.steps.ui.NavSteps.navigateToPage(NavSteps.java:23)\n\tat sample.automation.testng.BaseTest.loginAsUserAndSetAuthData(BaseTest.java:43)\n\tat sample.automation.tests.ui.AddBookIntoCollectionTest.loginAndGetDataForTests(AddBookIntoCollectionTest.java:36)\n\tat java.base/jdk.internal.reflect.NativeMethodAccessorImpl.invoke0(Native Method)\n\tat java.base/jdk.internal.reflect.NativeMethodAccessorImpl.invoke(NativeMethodAccessorImpl.java:77)\n\tat java.base/jdk.internal.reflect.DelegatingMethodAccessorImpl.invoke(DelegatingMethodAccessorImpl.java:43)\n\tat java.base/java.lang.reflect.Method.invoke(Method.java:568)\n\tat org.testng.internal.invokers.MethodInvocationHelper.invokeMethod(MethodInvocationHelper.java:139)\n\tat org.testng.internal.invokers.MethodInvocationHelper.invokeMethodConsideringTimeout(MethodInvocationHelper.java:69)\n\tat org.testng.internal.invokers.ConfigInvoker.invokeConfigurationMethod(ConfigInvoker.java:390)\n\tat org.testng.internal.invokers.ConfigInvoker.invokeConfigurations(ConfigInvoker.java:325)\n\tat org.testng.internal.invokers.TestMethodWorker.invokeBeforeClassMethods(TestMethodWorker.java:180)\n\tat org.testng.internal.invokers.TestMethodWorker.run(TestMethodWorker.java:122)\n\tat java.base/java.util.concurrent.ThreadPoolExecutor.runWorker(ThreadPoolExecutor.java:1136)\n\tat java.base/java.util.concurrent.ThreadPoolExecutor$Worker.run(ThreadPoolExecutor.java:635)\n\tat java.base/java.lang.Thread.run(Thread.java:840)\n","flaky":false,"newFailed":false,"newBroken":false,"newPassed":false,"retriesCount":0,"retriesStatusChange":false,"beforeStages":[{"name":"logBeforeTestsSet","time":{"start":1701670557190,"stop":1701670557208,"duration":18},"description":"","status":"passed","steps":[],"attachments":[],"parameters":[],"shouldDisplayMessage":false,"stepsCount":0,"attachmentsCount":0,"hasContent":false},{"name":"logBeforeClass","time":{"start":1701670557228,"stop":1701670557229,"duration":1},"description":"","status":"passed","steps":[],"attachments":[],"parameters":[],"shouldDisplayMessage":false,"stepsCount":0,"attachmentsCount":0,"hasContent":false},{"name":"initBaseSteps","time":{"start":1701670557230,"stop":1701670561134,"duration":3904},"description":"","status":"passed","steps":[],"attachments":[],"parameters":[],"shouldDisplayMessage":false,"stepsCount":0,"attachmentsCount":0,"hasContent":false},{"name":"loginAndGetDataForTests","time":{"start":1701670561135,"stop":1701670807972,"duration":246837},"description":"","status":"failed","statusMessage":"Failed to navigate on the target page!","statusTrace":"java.lang.AssertionError: Failed to navigate on the target page!\n\tat sample.automation.steps.ui.NavSteps.navigate(NavSteps.java:41)\n\tat sample.automation.steps.ui.NavSteps.navigateToPage(NavSteps.java:23)\n\tat sample.automation.testng.BaseTest.loginAsUserAndSetAuthData(BaseTest.java:43)\n\tat sample.automation.tests.ui.AddBookIntoCollectionTest.loginAndGetDataForTests(AddBookIntoCollectionTest.java:36)\n\tat java.base/jdk.internal.reflect.NativeMethodAccessorImpl.invoke0(Native Method)\n\tat java.base/jdk.internal.reflect.NativeMethodAccessorImpl.invoke(NativeMethodAccessorImpl.java:77)\n\tat java.base/jdk.internal.reflect.DelegatingMethodAccessorImpl.invoke(DelegatingMethodAccessorImpl.java:43)\n\tat java.base/java.lang.reflect.Method.invoke(Method.java:568)\n\tat org.testng.internal.invokers.MethodInvocationHelper.invokeMethod(MethodInvocationHelper.java:139)\n\tat org.testng.internal.invokers.MethodInvocationHelper.invokeMethodConsideringTimeout(MethodInvocationHelper.java:69)\n\tat org.testng.internal.invokers.ConfigInvoker.invokeConfigurationMethod(ConfigInvoker.java:390)\n\tat org.testng.internal.invokers.ConfigInvoker.invokeConfigurations(ConfigInvoker.java:325)\n\tat org.testng.internal.invokers.TestMethodWorker.invokeBeforeClassMethods(TestMethodWorker.java:180)\n\tat org.testng.internal.invokers.TestMethodWorker.run(TestMethodWorker.java:122)\n\tat java.base/java.util.concurrent.ThreadPoolExecutor.runWorker(ThreadPoolExecutor.java:1136)\n\tat java.base/java.util.concurrent.ThreadPoolExecutor$Worker.run(ThreadPoolExecutor.java:635)\n\tat java.base/java.lang.Thread.run(Thread.java:840)\n","steps":[{"name":"Login as 'User[username=user1,role=<null>] user","time":{"start":1701670561135,"stop":1701670807971,"duration":246836},"status":"failed","statusMessage":"Failed to navigate on the target page!","statusTrace":"java.lang.AssertionError: Failed to navigate on the target page!\n\tat sample.automation.steps.ui.NavSteps.navigate(NavSteps.java:41)\n\tat sample.automation.steps.ui.NavSteps.navigateToPage(NavSteps.java:23)\n\tat sample.automation.testng.BaseTest.loginAsUserAndSetAuthData(BaseTest.java:43)\n\tat sample.automation.tests.ui.AddBookIntoCollectionTest.loginAndGetDataForTests(AddBookIntoCollectionTest.java:36)\n\tat java.base/jdk.internal.reflect.NativeMethodAccessorImpl.invoke0(Native Method)\n\tat java.base/jdk.internal.reflect.NativeMethodAccessorImpl.invoke(NativeMethodAccessorImpl.java:77)\n\tat java.base/jdk.internal.reflect.DelegatingMethodAccessorImpl.invoke(DelegatingMethodAccessorImpl.java:43)\n\tat java.base/java.lang.reflect.Method.invoke(Method.java:568)\n\tat org.testng.internal.invokers.MethodInvocationHelper.invokeMethod(MethodInvocationHelper.java:139)\n\tat org.testng.internal.invokers.MethodInvocationHelper.invokeMethodConsideringTimeout(MethodInvocationHelper.java:69)\n\tat org.testng.internal.invokers.ConfigInvoker.invokeConfigurationMethod(ConfigInvoker.java:390)\n\tat org.testng.internal.invokers.ConfigInvoker.invokeConfigurations(ConfigInvoker.java:325)\n\tat org.testng.internal.invokers.TestMethodWorker.invokeBeforeClassMethods(TestMethodWorker.java:180)\n\tat org.testng.internal.invokers.TestMethodWorker.run(TestMethodWorker.java:122)\n\tat java.base/java.util.concurrent.ThreadPoolExecutor.runWorker(ThreadPoolExecutor.java:1136)\n\tat java.base/java.util.concurrent.ThreadPoolExecutor$Worker.run(ThreadPoolExecutor.java:635)\n\tat java.base/java.lang.Thread.run(Thread.java:840)\n","steps":[{"name":"navigateToPage","time":{"start":1701670561141,"stop":1701670807971,"duration":246830},"status":"failed","statusMessage":"Failed to navigate on the target page!","statusTrace":"java.lang.AssertionError: Failed to navigate on the target page!\n\tat sample.automation.steps.ui.NavSteps.navigate(NavSteps.java:41)\n\tat sample.automation.steps.ui.NavSteps.navigateToPage(NavSteps.java:23)\n\tat sample.automation.testng.BaseTest.loginAsUserAndSetAuthData(BaseTest.java:43)\n\tat sample.automation.tests.ui.AddBookIntoCollectionTest.loginAndGetDataForTests(AddBookIntoCollectionTest.java:36)\n\tat java.base/jdk.internal.reflect.NativeMethodAccessorImpl.invoke0(Native Method)\n\tat java.base/jdk.internal.reflect.NativeMethodAccessorImpl.invoke(NativeMethodAccessorImpl.java:77)\n\tat java.base/jdk.internal.reflect.DelegatingMethodAccessorImpl.invoke(DelegatingMethodAccessorImpl.java:43)\n\tat java.base/java.lang.reflect.Method.invoke(Method.java:568)\n\tat org.testng.internal.invokers.MethodInvocationHelper.invokeMethod(MethodInvocationHelper.java:139)\n\tat org.testng.internal.invokers.MethodInvocationHelper.invokeMethodConsideringTimeout(MethodInvocationHelper.java:69)\n\tat org.testng.internal.invokers.ConfigInvoker.invokeConfigurationMethod(ConfigInvoker.java:390)\n\tat org.testng.internal.invokers.ConfigInvoker.invokeConfigurations(ConfigInvoker.java:325)\n\tat org.testng.internal.invokers.TestMethodWorker.invokeBeforeClassMethods(TestMethodWorker.java:180)\n\tat org.testng.internal.invokers.TestMethodWorker.run(TestMethodWorker.java:122)\n\tat java.base/java.util.concurrent.ThreadPoolExecutor.runWorker(ThreadPoolExecutor.java:1136)\n\tat java.base/java.util.concurrent.ThreadPoolExecutor$Worker.run(ThreadPoolExecutor.java:635)\n\tat java.base/java.lang.Thread.run(Thread.java:840)\n","steps":[],"attachments":[{"uid":"47918eed4089ba0a","name":"Page screenshot navigate_failed_2023-12-04_06-19-01","source":"47918eed4089ba0a.png","type":"image/png","size":430289}],"parameters":[{"name":"targetStepsClass","value":"class sample.automation.steps.ui.pages.LoginSteps"}],"shouldDisplayMessage":true,"stepsCount":0,"attachmentsCount":1,"hasContent":true}],"attachments":[],"parameters":[{"name":"user","value":"User[username=user1,role=<null>]"}],"shouldDisplayMessage":false,"stepsCount":1,"attachmentsCount":1,"hasContent":true}],"attachments":[],"parameters":[],"shouldDisplayMessage":false,"stepsCount":2,"attachmentsCount":1,"hasContent":true}],"afterStages":[{"name":"checkConsoleErrors","time":{"start":1701670808825,"stop":1701670808839,"duration":14},"description":"","status":"broken","statusMessage":"There are unexpected errors in the browser console!\nWARNING https://securepubads.g.doubleclick.net/pagead/managed/js/gpt/m202311280101/pubads_impl.js?cb=31079856 9:296479 \"[GPT] Using deprecated googletag.encryptedSignalProviders. Please use googletag.secureSignalProviders instead.\"\nWARNING https://securepubads.g.doubleclick.net/pagead/managed/js/gpt/m202311280101/pubads_impl.js?cb=31079856 9:296479 \"[GPT] Using deprecated googletag.encryptedSignalProviders. Please use googletag.secureSignalProviders instead.\"\nWARNING https://securepubads.g.doubleclick.net/pagead/managed/js/gpt/m202311280101/pubads_impl.js?cb=31079856 9:296479 \"[GPT] Using deprecated googletag.encryptedSignalProviders. Please use googletag.secureSignalProviders instead.\"\nSEVERE https://cdn-ima.33across.com/ob.js 0:10976 \"33Across Lexicon ID Mappings Provider: PID not found\"\nWARNING https://securepubads.g.doubleclick.net/pagead/managed/js/gpt/m202311280101/pubads_impl.js?cb=31079856 9:296479 \"[GPT] Using deprecated googletag.encryptedSignalProviders. Please use googletag.secureSignalProviders instead.\"\nWARNING https://securepubads.g.doubleclick.net/pagead/managed/js/gpt/m202311280101/pubads_impl.js?cb=31079856 9:296479 \"[GPT] Using deprecated googletag.encryptedSignalProviders. Please use googletag.secureSignalProviders instead.\"\nSEVERE https://cdn.ad.plus/player/adplus.js 413:84 Uncaught TypeError: c(...).setup is not a function","statusTrace":"sample.automation.utils.ConsoleErrorException: There are unexpected errors in the browser console!\nWARNING https://securepubads.g.doubleclick.net/pagead/managed/js/gpt/m202311280101/pubads_impl.js?cb=31079856 9:296479 \"[GPT] Using deprecated googletag.encryptedSignalProviders. Please use googletag.secureSignalProviders instead.\"\nWARNING https://securepubads.g.doubleclick.net/pagead/managed/js/gpt/m202311280101/pubads_impl.js?cb=31079856 9:296479 \"[GPT] Using deprecated googletag.encryptedSignalProviders. Please use googletag.secureSignalProviders instead.\"\nWARNING https://securepubads.g.doubleclick.net/pagead/managed/js/gpt/m202311280101/pubads_impl.js?cb=31079856 9:296479 \"[GPT] Using deprecated googletag.encryptedSignalProviders. Please use googletag.secureSignalProviders instead.\"\nSEVERE https://cdn-ima.33across.com/ob.js 0:10976 \"33Across Lexicon ID Mappings Provider: PID not found\"\nWARNING https://securepubads.g.doubleclick.net/pagead/managed/js/gpt/m202311280101/pubads_impl.js?cb=31079856 9:296479 \"[GPT] Using deprecated googletag.encryptedSignalProviders. Please use googletag.secureSignalProviders instead.\"\nWARNING https://securepubads.g.doubleclick.net/pagead/managed/js/gpt/m202311280101/pubads_impl.js?cb=31079856 9:296479 \"[GPT] Using deprecated googletag.encryptedSignalProviders. Please use googletag.secureSignalProviders instead.\"\nSEVERE https://cdn.ad.plus/player/adplus.js 413:84 Uncaught TypeError: c(...).setup is not a function\n\tat sample.automation.webdriver.WebDriverSteps.checkErrorsInConsole(WebDriverSteps.java:229)\n\tat sample.automation.webdriver.WebDriverSteps.checkUnexpectedErrorsInConsole(WebDriverSteps.java:210)\n\tat sample.automation.testng.BaseTest.checkConsoleErrors(BaseTest.java:67)\n\tat java.base/jdk.internal.reflect.NativeMethodAccessorImpl.invoke0(Native Method)\n\tat java.base/jdk.internal.reflect.NativeMethodAccessorImpl.invoke(NativeMethodAccessorImpl.java:77)\n\tat java.base/jdk.internal.reflect.DelegatingMethodAccessorImpl.invoke(DelegatingMethodAccessorImpl.java:43)\n\tat java.base/java.lang.reflect.Method.invoke(Method.java:568)\n\tat org.testng.internal.invokers.MethodInvocationHelper.invokeMethod(MethodInvocationHelper.java:139)\n\tat org.testng.internal.invokers.MethodInvocationHelper.invokeMethodConsideringTimeout(MethodInvocationHelper.java:69)\n\tat org.testng.internal.invokers.ConfigInvoker.invokeConfigurationMethod(ConfigInvoker.java:390)\n\tat org.testng.internal.invokers.ConfigInvoker.invokeConfigurations(ConfigInvoker.java:325)\n\tat org.testng.internal.invokers.TestMethodWorker.invokeAfterClassConfigurations(TestMethodWorker.java:229)\n\tat org.testng.internal.invokers.TestMethodWorker.invokeAfterClassMethods(TestMethodWorker.java:215)\n\tat org.testng.internal.invokers.TestMethodWorker.run(TestMethodWorker.java:131)\n\tat java.base/java.util.concurrent.ThreadPoolExecutor.runWorker(ThreadPoolExecutor.java:1136)\n\tat java.base/java.util.concurrent.ThreadPoolExecutor$Worker.run(ThreadPoolExecutor.java:635)\n\tat java.base/java.lang.Thread.run(Thread.java:840)\n","steps":[{"name":"checkUnexpectedErrorsInConsole","time":{"start":1701670808825,"stop":1701670808839,"duration":14},"status":"broken","statusMessage":"There are unexpected errors in the browser console!\nWARNING https://securepubads.g.doubleclick.net/pagead/managed/js/gpt/m202311280101/pubads_impl.js?cb=31079856 9:296479 \"[GPT] Using deprecated googletag.encryptedSignalProviders. Please use googletag.secureSignalProviders instead.\"\nWARNING https://securepubads.g.doubleclick.net/pagead/managed/js/gpt/m202311280101/pubads_impl.js?cb=31079856 9:296479 \"[GPT] Using deprecated googletag.encryptedSignalProviders. Please use googletag.secureSignalProviders instead.\"\nWARNING https://securepubads.g.doubleclick.net/pagead/managed/js/gpt/m202311280101/pubads_impl.js?cb=31079856 9:296479 \"[GPT] Using deprecated googletag.encryptedSignalProviders. Please use googletag.secureSignalProviders instead.\"\nSEVERE https://cdn-ima.33across.com/ob.js 0:10976 \"33Across Lexicon ID Mappings Provider: PID not found\"\nWARNING https://securepubads.g.doubleclick.net/pagead/managed/js/gpt/m202311280101/pubads_impl.js?cb=31079856 9:296479 \"[GPT] Using deprecated googletag.encryptedSignalProviders. Please use googletag.secureSignalProviders instead.\"\nWARNING https://securepubads.g.doubleclick.net/pagead/managed/js/gpt/m202311280101/pubads_impl.js?cb=31079856 9:296479 \"[GPT] Using deprecated googletag.encryptedSignalProviders. Please use googletag.secureSignalProviders instead.\"\nSEVERE https://cdn.ad.plus/player/adplus.js 413:84 Uncaught TypeError: c(...).setup is not a function","statusTrace":"sample.automation.utils.ConsoleErrorException: There are unexpected errors in the browser console!\nWARNING https://securepubads.g.doubleclick.net/pagead/managed/js/gpt/m202311280101/pubads_impl.js?cb=31079856 9:296479 \"[GPT] Using deprecated googletag.encryptedSignalProviders. Please use googletag.secureSignalProviders instead.\"\nWARNING https://securepubads.g.doubleclick.net/pagead/managed/js/gpt/m202311280101/pubads_impl.js?cb=31079856 9:296479 \"[GPT] Using deprecated googletag.encryptedSignalProviders. Please use googletag.secureSignalProviders instead.\"\nWARNING https://securepubads.g.doubleclick.net/pagead/managed/js/gpt/m202311280101/pubads_impl.js?cb=31079856 9:296479 \"[GPT] Using deprecated googletag.encryptedSignalProviders. Please use googletag.secureSignalProviders instead.\"\nSEVERE https://cdn-ima.33across.com/ob.js 0:10976 \"33Across Lexicon ID Mappings Provider: PID not found\"\nWARNING https://securepubads.g.doubleclick.net/pagead/managed/js/gpt/m202311280101/pubads_impl.js?cb=31079856 9:296479 \"[GPT] Using deprecated googletag.encryptedSignalProviders. Please use googletag.secureSignalProviders instead.\"\nWARNING https://securepubads.g.doubleclick.net/pagead/managed/js/gpt/m202311280101/pubads_impl.js?cb=31079856 9:296479 \"[GPT] Using deprecated googletag.encryptedSignalProviders. Please use googletag.secureSignalProviders instead.\"\nSEVERE https://cdn.ad.plus/player/adplus.js 413:84 Uncaught TypeError: c(...).setup is not a function\n\tat sample.automation.webdriver.WebDriverSteps.checkErrorsInConsole(WebDriverSteps.java:229)\n\tat sample.automation.webdriver.WebDriverSteps.checkUnexpectedErrorsInConsole(WebDriverSteps.java:210)\n\tat sample.automation.testng.BaseTest.checkConsoleErrors(BaseTest.java:67)\n\tat java.base/jdk.internal.reflect.NativeMethodAccessorImpl.invoke0(Native Method)\n\tat java.base/jdk.internal.reflect.NativeMethodAccessorImpl.invoke(NativeMethodAccessorImpl.java:77)\n\tat java.base/jdk.internal.reflect.DelegatingMethodAccessorImpl.invoke(DelegatingMethodAccessorImpl.java:43)\n\tat java.base/java.lang.reflect.Method.invoke(Method.java:568)\n\tat org.testng.internal.invokers.MethodInvocationHelper.invokeMethod(MethodInvocationHelper.java:139)\n\tat org.testng.internal.invokers.MethodInvocationHelper.invokeMethodConsideringTimeout(MethodInvocationHelper.java:69)\n\tat org.testng.internal.invokers.ConfigInvoker.invokeConfigurationMethod(ConfigInvoker.java:390)\n\tat org.testng.internal.invokers.ConfigInvoker.invokeConfigurations(ConfigInvoker.java:325)\n\tat org.testng.internal.invokers.TestMethodWorker.invokeAfterClassConfigurations(TestMethodWorker.java:229)\n\tat org.testng.internal.invokers.TestMethodWorker.invokeAfterClassMethods(TestMethodWorker.java:215)\n\tat org.testng.internal.invokers.TestMethodWorker.run(TestMethodWorker.java:131)\n\tat java.base/java.util.concurrent.ThreadPoolExecutor.runWorker(ThreadPoolExecutor.java:1136)\n\tat java.base/java.util.concurrent.ThreadPoolExecutor$Worker.run(ThreadPoolExecutor.java:635)\n\tat java.base/java.lang.Thread.run(Thread.java:840)\n","steps":[],"attachments":[{"uid":"bad15d2934671485","name":"There are unexpected errors in the browser console!\nWARNING https://securepubads.g.doubleclick.net/pagead/managed/js/gpt/m202311280101/pubads_impl.js?cb=31079856 9:296479 \"[GPT] Using deprecated googletag.encryptedSignalProviders. Please use googletag.secureSignalProviders instead.\"\nWARNING https://securepubads.g.doubleclick.net/pagead/managed/js/gpt/m202311280101/pubads_impl.js?cb=31079856 9:296479 \"[GPT] Using deprecated googletag.encryptedSignalProviders. Please use googletag.secureSignalProviders instead.\"\nWARNING https://securepubads.g.doubleclick.net/pagead/managed/js/gpt/m202311280101/pubads_impl.js?cb=31079856 9:296479 \"[GPT] Using deprecated googletag.encryptedSignalProviders. Please use googletag.secureSignalProviders instead.\"\nSEVERE https://cdn-ima.33across.com/ob.js 0:10976 \"33Across Lexicon ID Mappings Provider: PID not found\"\nWARNING https://securepubads.g.doubleclick.net/pagead/managed/js/gpt/m202311280101/pubads_impl.js?cb=31079856 9:296479 \"[GPT] Using deprecated googletag.encryptedSignalProviders. Please use googletag.secureSignalProviders instead.\"\nWARNING https://securepubads.g.doubleclick.net/pagead/managed/js/gpt/m202311280101/pubads_impl.js?cb=31079856 9:296479 \"[GPT] Using deprecated googletag.encryptedSignalProviders. Please use googletag.secureSignalProviders instead.\"\nSEVERE https://cdn.ad.plus/player/adplus.js 413:84 Uncaught TypeError: c(...).setup is not a function","source":"bad15d2934671485.txt","type":"text/plain","size":1418}],"parameters":[],"shouldDisplayMessage":true,"stepsCount":0,"attachmentsCount":1,"hasContent":true}],"attachments":[],"parameters":[],"shouldDisplayMessage":false,"stepsCount":1,"attachmentsCount":1,"hasContent":true},{"name":"tearDown","time":{"start":1701670808855,"stop":1701670809069,"duration":214},"description":"","status":"passed","steps":[],"attachments":[],"parameters":[],"shouldDisplayMessage":false,"stepsCount":0,"attachmentsCount":0,"hasContent":false},{"name":"logAfterClass","time":{"start":1701670809069,"stop":1701670809070,"duration":1},"description":"","status":"passed","steps":[],"attachments":[],"parameters":[],"shouldDisplayMessage":false,"stepsCount":0,"attachmentsCount":0,"hasContent":false},{"name":"logAfterTestsSet","time":{"start":1701670810842,"stop":1701670810842,"duration":0},"description":"","status":"passed","steps":[],"attachments":[],"parameters":[],"shouldDisplayMessage":false,"stepsCount":0,"attachmentsCount":0,"hasContent":false}],"labels":[{"name":"package","value":"sample.automation.tests.ui.AddBookIntoCollectionTest"},{"name":"testClass","value":"sample.automation.tests.ui.AddBookIntoCollectionTest"},{"name":"testMethod","value":"loginAndGetDataForTests"},{"name":"parentSuite","value":"Surefire suite"},{"name":"suite","value":"Surefire test"},{"name":"subSuite","value":"sample.automation.tests.ui.AddBookIntoCollectionTest"},{"name":"host","value":"fv-az914-645"},{"name":"thread","value":"2356@fv-az914-645.TestNG-test=Surefire test-2(22)"},{"name":"framework","value":"testng"},{"name":"language","value":"java"},{"name":"feature","value":"Books Store"},{"name":"story","value":"User can manage books in his collection and see them on Profile"},{"name":"AS_ID","value":"-1"},{"name":"resultFormat","value":"allure2"}],"parameters":[],"links":[],"hidden":false,"retry":false,"extra":{"severity":"normal","retries":[],"categories":[{"name":"Product defects","matchedStatuses":[],"flaky":false}],"tags":[]},"source":"9a40dc1d24599975.json","parameterValues":[]}