{"uid":"b2c42b91a07f8f96","name":"User can open and view book's details in the Book Store","fullName":"sample.automation.tests.ui.ViewBooksTest.demo_002","historyId":"8456b81972a048c3fa143512ee6ab08b","time":{"start":1723443553340,"stop":1723443580756,"duration":27416},"status":"skipped","statusMessage":"4 failed assertions found:\n \nExpected: element is displayed on page\n     but: element <fieldValue> is not displayed on page\n\nExpected: element is displayed on page\n     but: element <fieldValue> is not displayed on page\n\nExpected: element is displayed on page\n     but: element <fieldValue> is not displayed on page\n\nExpected: element is displayed on page\n     but: element <fieldValue> is not displayed on page","statusTrace":"java.lang.AssertionError: 4 failed assertions found:\n \nExpected: element is displayed on page\n     but: element <fieldValue> is not displayed on page\n\nExpected: element is displayed on page\n     but: element <fieldValue> is not displayed on page\n\nExpected: element is displayed on page\n     but: element <fieldValue> is not displayed on page\n\nExpected: element is displayed on page\n     but: element <fieldValue> is not displayed on page\n\tat sample.automation.utils.SoftAssertion.throwCollectedAssertionErrors(SoftAssertion.java:25)\n\tat sample.automation.utils.SoftAssertion.bundleAsserts(SoftAssertion.java:20)\n\tat sample.automation.utils.SoftAssertion.softAssert(SoftAssertion.java:15)\n\tat sample.automation.tests.ui.ViewBooksTest.demo_002(ViewBooksTest.java:60)\n\tat java.base/jdk.internal.reflect.NativeMethodAccessorImpl.invoke0(Native Method)\n\tat java.base/jdk.internal.reflect.NativeMethodAccessorImpl.invoke(NativeMethodAccessorImpl.java:77)\n\tat java.base/jdk.internal.reflect.DelegatingMethodAccessorImpl.invoke(DelegatingMethodAccessorImpl.java:43)\n\tat java.base/java.lang.reflect.Method.invoke(Method.java:569)\n\tat org.testng.internal.invokers.MethodInvocationHelper.invokeMethod(MethodInvocationHelper.java:139)\n\tat org.testng.internal.invokers.TestInvoker.invokeMethod(TestInvoker.java:664)\n\tat org.testng.internal.invokers.TestInvoker.invokeTestMethod(TestInvoker.java:227)\n\tat org.testng.internal.invokers.MethodRunner.runInSequence(MethodRunner.java:50)\n\tat org.testng.internal.invokers.TestInvoker$MethodInvocationAgent.invoke(TestInvoker.java:957)\n\tat org.testng.internal.invokers.TestInvoker.invokeTestMethods(TestInvoker.java:200)\n\tat org.testng.internal.invokers.TestMethodWorker.invokeTestMethods(TestMethodWorker.java:148)\n\tat org.testng.internal.invokers.TestMethodWorker.run(TestMethodWorker.java:128)\n\tat java.base/java.util.concurrent.ThreadPoolExecutor.runWorker(ThreadPoolExecutor.java:1136)\n\tat java.base/java.util.concurrent.ThreadPoolExecutor$Worker.run(ThreadPoolExecutor.java:635)\n\tat java.base/java.lang.Thread.run(Thread.java:840)\n","flaky":false,"newFailed":false,"newBroken":false,"newPassed":false,"retriesCount":0,"retriesStatusChange":false,"beforeStages":[{"name":"logBeforeTestsSet","time":{"start":1723443539837,"stop":1723443539854,"duration":17},"description":"","status":"passed","steps":[],"attachments":[],"parameters":[],"shouldDisplayMessage":false,"stepsCount":0,"attachmentsCount":0,"hasContent":false,"attachmentStep":false},{"name":"logBeforeClass","time":{"start":1723443539870,"stop":1723443539881,"duration":11},"description":"","status":"passed","steps":[],"attachments":[],"parameters":[],"shouldDisplayMessage":false,"stepsCount":0,"attachmentsCount":0,"hasContent":false,"attachmentStep":false},{"name":"initBaseSteps","time":{"start":1723443539883,"stop":1723443543313,"duration":3430},"description":"","status":"passed","steps":[],"attachments":[],"parameters":[],"shouldDisplayMessage":false,"stepsCount":0,"attachmentsCount":0,"hasContent":false,"attachmentStep":false},{"name":"getDataForTests","time":{"start":1723443543313,"stop":1723443545807,"duration":2494},"description":"","status":"passed","steps":[{"name":"Get all books data","time":{"start":1723443543324,"stop":1723443545807,"duration":2483},"status":"passed","steps":[{"name":"GET /Books","time":{"start":1723443543324,"stop":1723443543786,"duration":462},"status":"passed","steps":[],"attachments":[],"parameters":[],"shouldDisplayMessage":false,"stepsCount":0,"attachmentsCount":0,"hasContent":false,"attachmentStep":false}],"attachments":[],"parameters":[],"shouldDisplayMessage":false,"stepsCount":1,"attachmentsCount":0,"hasContent":true,"attachmentStep":false}],"attachments":[],"parameters":[],"shouldDisplayMessage":false,"stepsCount":2,"attachmentsCount":0,"hasContent":true,"attachmentStep":false},{"name":"logBeforeMethod","time":{"start":1723443550719,"stop":1723443550724,"duration":5},"description":"","status":"passed","steps":[],"attachments":[],"parameters":[],"shouldDisplayMessage":false,"stepsCount":0,"attachmentsCount":0,"hasContent":false,"attachmentStep":false},{"name":"reopenBookStorePage","time":{"start":1723443550726,"stop":1723443553337,"duration":2611},"description":"","status":"passed","steps":[{"name":"navigateToPage","time":{"start":1723443550726,"stop":1723443553323,"duration":2597},"status":"passed","steps":[],"attachments":[],"parameters":[{"name":"targetStepsClass","value":"class sample.automation.steps.ui.pages.BookStoreSteps"}],"shouldDisplayMessage":false,"stepsCount":0,"attachmentsCount":0,"hasContent":true,"attachmentStep":false},{"name":"Book Store page is opened","time":{"start":1723443553324,"stop":1723443553337,"duration":13},"status":"passed","steps":[],"attachments":[],"parameters":[],"shouldDisplayMessage":false,"stepsCount":0,"attachmentsCount":0,"hasContent":false,"attachmentStep":false}],"attachments":[],"parameters":[],"shouldDisplayMessage":false,"stepsCount":2,"attachmentsCount":0,"hasContent":true,"attachmentStep":false}],"testStage":{"status":"skipped","statusMessage":"4 failed assertions found:\n \nExpected: element is displayed on page\n     but: element <fieldValue> is not displayed on page\n\nExpected: element is displayed on page\n     but: element <fieldValue> is not displayed on page\n\nExpected: element is displayed on page\n     but: element <fieldValue> is not displayed on page\n\nExpected: element is displayed on page\n     but: element <fieldValue> is not displayed on page","statusTrace":"java.lang.AssertionError: 4 failed assertions found:\n \nExpected: element is displayed on page\n     but: element <fieldValue> is not displayed on page\n\nExpected: element is displayed on page\n     but: element <fieldValue> is not displayed on page\n\nExpected: element is displayed on page\n     but: element <fieldValue> is not displayed on page\n\nExpected: element is displayed on page\n     but: element <fieldValue> is not displayed on page\n\tat sample.automation.utils.SoftAssertion.throwCollectedAssertionErrors(SoftAssertion.java:25)\n\tat sample.automation.utils.SoftAssertion.bundleAsserts(SoftAssertion.java:20)\n\tat sample.automation.utils.SoftAssertion.softAssert(SoftAssertion.java:15)\n\tat sample.automation.tests.ui.ViewBooksTest.demo_002(ViewBooksTest.java:60)\n\tat java.base/jdk.internal.reflect.NativeMethodAccessorImpl.invoke0(Native Method)\n\tat java.base/jdk.internal.reflect.NativeMethodAccessorImpl.invoke(NativeMethodAccessorImpl.java:77)\n\tat java.base/jdk.internal.reflect.DelegatingMethodAccessorImpl.invoke(DelegatingMethodAccessorImpl.java:43)\n\tat java.base/java.lang.reflect.Method.invoke(Method.java:569)\n\tat org.testng.internal.invokers.MethodInvocationHelper.invokeMethod(MethodInvocationHelper.java:139)\n\tat org.testng.internal.invokers.TestInvoker.invokeMethod(TestInvoker.java:664)\n\tat org.testng.internal.invokers.TestInvoker.invokeTestMethod(TestInvoker.java:227)\n\tat org.testng.internal.invokers.MethodRunner.runInSequence(MethodRunner.java:50)\n\tat org.testng.internal.invokers.TestInvoker$MethodInvocationAgent.invoke(TestInvoker.java:957)\n\tat org.testng.internal.invokers.TestInvoker.invokeTestMethods(TestInvoker.java:200)\n\tat org.testng.internal.invokers.TestMethodWorker.invokeTestMethods(TestMethodWorker.java:148)\n\tat org.testng.internal.invokers.TestMethodWorker.run(TestMethodWorker.java:128)\n\tat java.base/java.util.concurrent.ThreadPoolExecutor.runWorker(ThreadPoolExecutor.java:1136)\n\tat java.base/java.util.concurrent.ThreadPoolExecutor$Worker.run(ThreadPoolExecutor.java:635)\n\tat java.base/java.lang.Thread.run(Thread.java:840)\n","steps":[{"name":"Click on '9781449325862' book title-link in the books table","time":{"start":1723443553340,"stop":1723443554278,"duration":938},"status":"passed","steps":[],"attachments":[],"parameters":[{"name":"isbn","value":"9781449325862"}],"shouldDisplayMessage":false,"stepsCount":0,"attachmentsCount":0,"hasContent":true,"attachmentStep":false},{"name":"Book Store page is opened","time":{"start":1723443554278,"stop":1723443554294,"duration":16},"status":"passed","steps":[],"attachments":[],"parameters":[{"name":"isbn","value":"9781449325862"}],"shouldDisplayMessage":false,"stepsCount":0,"attachmentsCount":0,"hasContent":true,"attachmentStep":false},{"name":"Check value of the 'ISBN' field on book details","time":{"start":1723443554296,"stop":1723443560856,"duration":6560},"status":"failed","statusMessage":"\nExpected: element is displayed on page\n     but: element <fieldValue> is not displayed on page","statusTrace":"java.lang.AssertionError: \nExpected: element is displayed on page\n     but: element <fieldValue> is not displayed on page\n\tat io.qameta.atlas.webdriver.extension.ShouldMethodExtension.invoke(ShouldMethodExtension.java:39)\n\tat io.qameta.atlas.core.internal.AtlasMethodHandler.invokeWithRetry(AtlasMethodHandler.java:64)\n\tat io.qameta.atlas.core.internal.AtlasMethodHandler.invoke(AtlasMethodHandler.java:40)\n\tat jdk.proxy2/jdk.proxy2.$Proxy54.should(Unknown Source)\n\tat sample.automation.elements.BookDetailsField.shouldHaveValue(BookDetailsField.java:27)\n\tat java.base/java.lang.invoke.MethodHandle.invokeWithArguments(MethodHandle.java:732)\n\tat io.qameta.atlas.core.internal.DefaultMethodExtension.invoke(DefaultMethodExtension.java:51)\n\tat io.qameta.atlas.core.internal.AtlasMethodHandler.invokeWithRetry(AtlasMethodHandler.java:64)\n\tat io.qameta.atlas.core.internal.AtlasMethodHandler.invoke(AtlasMethodHandler.java:40)\n\tat jdk.proxy2/jdk.proxy2.$Proxy60.shouldHaveValue(Unknown Source)\n\tat sample.automation.steps.ui.pages.BookStoreSteps.bookDetailsFieldShouldBeDisplayedWithValue(BookStoreSteps.java:67)\n\tat sample.automation.tests.ui.ViewBooksTest.lambda$demo_002$0(ViewBooksTest.java:61)\n\tat sample.automation.utils.SoftAssertion.runAssert(SoftAssertion.java:38)\n\tat java.base/java.util.Spliterators$ArraySpliterator.forEachRemaining(Spliterators.java:992)\n\tat java.base/java.util.stream.ReferencePipeline$Head.forEach(ReferencePipeline.java:762)\n\tat sample.automation.utils.SoftAssertion.runAllAsserts(SoftAssertion.java:33)\n\tat sample.automation.utils.SoftAssertion.bundleAsserts(SoftAssertion.java:19)\n\tat sample.automation.utils.SoftAssertion.softAssert(SoftAssertion.java:15)\n\tat sample.automation.tests.ui.ViewBooksTest.demo_002(ViewBooksTest.java:60)\n\tat java.base/jdk.internal.reflect.NativeMethodAccessorImpl.invoke0(Native Method)\n\tat java.base/jdk.internal.reflect.NativeMethodAccessorImpl.invoke(NativeMethodAccessorImpl.java:77)\n\tat java.base/jdk.internal.reflect.DelegatingMethodAccessorImpl.invoke(DelegatingMethodAccessorImpl.java:43)\n\tat java.base/java.lang.reflect.Method.invoke(Method.java:569)\n\tat org.testng.internal.invokers.MethodInvocationHelper.invokeMethod(MethodInvocationHelper.java:139)\n\tat org.testng.internal.invokers.TestInvoker.invokeMethod(TestInvoker.java:664)\n\tat org.testng.internal.invokers.TestInvoker.invokeTestMethod(TestInvoker.java:227)\n\tat org.testng.internal.invokers.MethodRunner.runInSequence(MethodRunner.java:50)\n\tat org.testng.internal.invokers.TestInvoker$MethodInvocationAgent.invoke(TestInvoker.java:957)\n\tat org.testng.internal.invokers.TestInvoker.invokeTestMethods(TestInvoker.java:200)\n\tat org.testng.internal.invokers.TestMethodWorker.invokeTestMethods(TestMethodWorker.java:148)\n\tat org.testng.internal.invokers.TestMethodWorker.run(TestMethodWorker.java:128)\n\tat java.base/java.util.concurrent.ThreadPoolExecutor.runWorker(ThreadPoolExecutor.java:1136)\n\tat java.base/java.util.concurrent.ThreadPoolExecutor$Worker.run(ThreadPoolExecutor.java:635)\n\tat java.base/java.lang.Thread.run(Thread.java:840)\n","steps":[],"attachments":[],"parameters":[{"name":"field","value":"ISBN"},{"name":"expectedValue","value":"9781449325862"}],"shouldDisplayMessage":true,"stepsCount":0,"attachmentsCount":0,"hasContent":true,"attachmentStep":false},{"name":"Check value of the 'TITLE' field on book details","time":{"start":1723443560856,"stop":1723443567521,"duration":6665},"status":"failed","statusMessage":"\nExpected: element is displayed on page\n     but: element <fieldValue> is not displayed on page","statusTrace":"java.lang.AssertionError: \nExpected: element is displayed on page\n     but: element <fieldValue> is not displayed on page\n\tat io.qameta.atlas.webdriver.extension.ShouldMethodExtension.invoke(ShouldMethodExtension.java:39)\n\tat io.qameta.atlas.core.internal.AtlasMethodHandler.invokeWithRetry(AtlasMethodHandler.java:64)\n\tat io.qameta.atlas.core.internal.AtlasMethodHandler.invoke(AtlasMethodHandler.java:40)\n\tat jdk.proxy2/jdk.proxy2.$Proxy54.should(Unknown Source)\n\tat sample.automation.elements.BookDetailsField.shouldHaveValue(BookDetailsField.java:27)\n\tat java.base/java.lang.invoke.MethodHandle.invokeWithArguments(MethodHandle.java:732)\n\tat io.qameta.atlas.core.internal.DefaultMethodExtension.invoke(DefaultMethodExtension.java:51)\n\tat io.qameta.atlas.core.internal.AtlasMethodHandler.invokeWithRetry(AtlasMethodHandler.java:64)\n\tat io.qameta.atlas.core.internal.AtlasMethodHandler.invoke(AtlasMethodHandler.java:40)\n\tat jdk.proxy2/jdk.proxy2.$Proxy60.shouldHaveValue(Unknown Source)\n\tat sample.automation.steps.ui.pages.BookStoreSteps.bookDetailsFieldShouldBeDisplayedWithValue(BookStoreSteps.java:67)\n\tat sample.automation.tests.ui.ViewBooksTest.lambda$demo_002$1(ViewBooksTest.java:62)\n\tat sample.automation.utils.SoftAssertion.runAssert(SoftAssertion.java:38)\n\tat java.base/java.util.Spliterators$ArraySpliterator.forEachRemaining(Spliterators.java:992)\n\tat java.base/java.util.stream.ReferencePipeline$Head.forEach(ReferencePipeline.java:762)\n\tat sample.automation.utils.SoftAssertion.runAllAsserts(SoftAssertion.java:33)\n\tat sample.automation.utils.SoftAssertion.bundleAsserts(SoftAssertion.java:19)\n\tat sample.automation.utils.SoftAssertion.softAssert(SoftAssertion.java:15)\n\tat sample.automation.tests.ui.ViewBooksTest.demo_002(ViewBooksTest.java:60)\n\tat java.base/jdk.internal.reflect.NativeMethodAccessorImpl.invoke0(Native Method)\n\tat java.base/jdk.internal.reflect.NativeMethodAccessorImpl.invoke(NativeMethodAccessorImpl.java:77)\n\tat java.base/jdk.internal.reflect.DelegatingMethodAccessorImpl.invoke(DelegatingMethodAccessorImpl.java:43)\n\tat java.base/java.lang.reflect.Method.invoke(Method.java:569)\n\tat org.testng.internal.invokers.MethodInvocationHelper.invokeMethod(MethodInvocationHelper.java:139)\n\tat org.testng.internal.invokers.TestInvoker.invokeMethod(TestInvoker.java:664)\n\tat org.testng.internal.invokers.TestInvoker.invokeTestMethod(TestInvoker.java:227)\n\tat org.testng.internal.invokers.MethodRunner.runInSequence(MethodRunner.java:50)\n\tat org.testng.internal.invokers.TestInvoker$MethodInvocationAgent.invoke(TestInvoker.java:957)\n\tat org.testng.internal.invokers.TestInvoker.invokeTestMethods(TestInvoker.java:200)\n\tat org.testng.internal.invokers.TestMethodWorker.invokeTestMethods(TestMethodWorker.java:148)\n\tat org.testng.internal.invokers.TestMethodWorker.run(TestMethodWorker.java:128)\n\tat java.base/java.util.concurrent.ThreadPoolExecutor.runWorker(ThreadPoolExecutor.java:1136)\n\tat java.base/java.util.concurrent.ThreadPoolExecutor$Worker.run(ThreadPoolExecutor.java:635)\n\tat java.base/java.lang.Thread.run(Thread.java:840)\n","steps":[],"attachments":[],"parameters":[{"name":"field","value":"TITLE"},{"name":"expectedValue","value":"Git Pocket Guide"}],"shouldDisplayMessage":true,"stepsCount":0,"attachmentsCount":0,"hasContent":true,"attachmentStep":false},{"name":"Check value of the 'SUB_TITLE' field on book details","time":{"start":1723443567521,"stop":1723443574056,"duration":6535},"status":"failed","statusMessage":"\nExpected: element is displayed on page\n     but: element <fieldValue> is not displayed on page","statusTrace":"java.lang.AssertionError: \nExpected: element is displayed on page\n     but: element <fieldValue> is not displayed on page\n\tat io.qameta.atlas.webdriver.extension.ShouldMethodExtension.invoke(ShouldMethodExtension.java:39)\n\tat io.qameta.atlas.core.internal.AtlasMethodHandler.invokeWithRetry(AtlasMethodHandler.java:64)\n\tat io.qameta.atlas.core.internal.AtlasMethodHandler.invoke(AtlasMethodHandler.java:40)\n\tat jdk.proxy2/jdk.proxy2.$Proxy54.should(Unknown Source)\n\tat sample.automation.elements.BookDetailsField.shouldHaveValue(BookDetailsField.java:27)\n\tat java.base/java.lang.invoke.MethodHandle.invokeWithArguments(MethodHandle.java:732)\n\tat io.qameta.atlas.core.internal.DefaultMethodExtension.invoke(DefaultMethodExtension.java:51)\n\tat io.qameta.atlas.core.internal.AtlasMethodHandler.invokeWithRetry(AtlasMethodHandler.java:64)\n\tat io.qameta.atlas.core.internal.AtlasMethodHandler.invoke(AtlasMethodHandler.java:40)\n\tat jdk.proxy2/jdk.proxy2.$Proxy60.shouldHaveValue(Unknown Source)\n\tat sample.automation.steps.ui.pages.BookStoreSteps.bookDetailsFieldShouldBeDisplayedWithValue(BookStoreSteps.java:67)\n\tat sample.automation.tests.ui.ViewBooksTest.lambda$demo_002$2(ViewBooksTest.java:63)\n\tat sample.automation.utils.SoftAssertion.runAssert(SoftAssertion.java:38)\n\tat java.base/java.util.Spliterators$ArraySpliterator.forEachRemaining(Spliterators.java:992)\n\tat java.base/java.util.stream.ReferencePipeline$Head.forEach(ReferencePipeline.java:762)\n\tat sample.automation.utils.SoftAssertion.runAllAsserts(SoftAssertion.java:33)\n\tat sample.automation.utils.SoftAssertion.bundleAsserts(SoftAssertion.java:19)\n\tat sample.automation.utils.SoftAssertion.softAssert(SoftAssertion.java:15)\n\tat sample.automation.tests.ui.ViewBooksTest.demo_002(ViewBooksTest.java:60)\n\tat java.base/jdk.internal.reflect.NativeMethodAccessorImpl.invoke0(Native Method)\n\tat java.base/jdk.internal.reflect.NativeMethodAccessorImpl.invoke(NativeMethodAccessorImpl.java:77)\n\tat java.base/jdk.internal.reflect.DelegatingMethodAccessorImpl.invoke(DelegatingMethodAccessorImpl.java:43)\n\tat java.base/java.lang.reflect.Method.invoke(Method.java:569)\n\tat org.testng.internal.invokers.MethodInvocationHelper.invokeMethod(MethodInvocationHelper.java:139)\n\tat org.testng.internal.invokers.TestInvoker.invokeMethod(TestInvoker.java:664)\n\tat org.testng.internal.invokers.TestInvoker.invokeTestMethod(TestInvoker.java:227)\n\tat org.testng.internal.invokers.MethodRunner.runInSequence(MethodRunner.java:50)\n\tat org.testng.internal.invokers.TestInvoker$MethodInvocationAgent.invoke(TestInvoker.java:957)\n\tat org.testng.internal.invokers.TestInvoker.invokeTestMethods(TestInvoker.java:200)\n\tat org.testng.internal.invokers.TestMethodWorker.invokeTestMethods(TestMethodWorker.java:148)\n\tat org.testng.internal.invokers.TestMethodWorker.run(TestMethodWorker.java:128)\n\tat java.base/java.util.concurrent.ThreadPoolExecutor.runWorker(ThreadPoolExecutor.java:1136)\n\tat java.base/java.util.concurrent.ThreadPoolExecutor$Worker.run(ThreadPoolExecutor.java:635)\n\tat java.base/java.lang.Thread.run(Thread.java:840)\n","steps":[],"attachments":[],"parameters":[{"name":"field","value":"SUB_TITLE"},{"name":"expectedValue","value":"A Working Introduction"}],"shouldDisplayMessage":true,"stepsCount":0,"attachmentsCount":0,"hasContent":true,"attachmentStep":false},{"name":"Check value of the 'AUTHOR' field on book details","time":{"start":1723443574056,"stop":1723443580585,"duration":6529},"status":"failed","statusMessage":"\nExpected: element is displayed on page\n     but: element <fieldValue> is not displayed on page","statusTrace":"java.lang.AssertionError: \nExpected: element is displayed on page\n     but: element <fieldValue> is not displayed on page\n\tat io.qameta.atlas.webdriver.extension.ShouldMethodExtension.invoke(ShouldMethodExtension.java:39)\n\tat io.qameta.atlas.core.internal.AtlasMethodHandler.invokeWithRetry(AtlasMethodHandler.java:64)\n\tat io.qameta.atlas.core.internal.AtlasMethodHandler.invoke(AtlasMethodHandler.java:40)\n\tat jdk.proxy2/jdk.proxy2.$Proxy54.should(Unknown Source)\n\tat sample.automation.elements.BookDetailsField.shouldHaveValue(BookDetailsField.java:27)\n\tat java.base/java.lang.invoke.MethodHandle.invokeWithArguments(MethodHandle.java:732)\n\tat io.qameta.atlas.core.internal.DefaultMethodExtension.invoke(DefaultMethodExtension.java:51)\n\tat io.qameta.atlas.core.internal.AtlasMethodHandler.invokeWithRetry(AtlasMethodHandler.java:64)\n\tat io.qameta.atlas.core.internal.AtlasMethodHandler.invoke(AtlasMethodHandler.java:40)\n\tat jdk.proxy2/jdk.proxy2.$Proxy60.shouldHaveValue(Unknown Source)\n\tat sample.automation.steps.ui.pages.BookStoreSteps.bookDetailsFieldShouldBeDisplayedWithValue(BookStoreSteps.java:67)\n\tat sample.automation.tests.ui.ViewBooksTest.lambda$demo_002$3(ViewBooksTest.java:64)\n\tat sample.automation.utils.SoftAssertion.runAssert(SoftAssertion.java:38)\n\tat java.base/java.util.Spliterators$ArraySpliterator.forEachRemaining(Spliterators.java:992)\n\tat java.base/java.util.stream.ReferencePipeline$Head.forEach(ReferencePipeline.java:762)\n\tat sample.automation.utils.SoftAssertion.runAllAsserts(SoftAssertion.java:33)\n\tat sample.automation.utils.SoftAssertion.bundleAsserts(SoftAssertion.java:19)\n\tat sample.automation.utils.SoftAssertion.softAssert(SoftAssertion.java:15)\n\tat sample.automation.tests.ui.ViewBooksTest.demo_002(ViewBooksTest.java:60)\n\tat java.base/jdk.internal.reflect.NativeMethodAccessorImpl.invoke0(Native Method)\n\tat java.base/jdk.internal.reflect.NativeMethodAccessorImpl.invoke(NativeMethodAccessorImpl.java:77)\n\tat java.base/jdk.internal.reflect.DelegatingMethodAccessorImpl.invoke(DelegatingMethodAccessorImpl.java:43)\n\tat java.base/java.lang.reflect.Method.invoke(Method.java:569)\n\tat org.testng.internal.invokers.MethodInvocationHelper.invokeMethod(MethodInvocationHelper.java:139)\n\tat org.testng.internal.invokers.TestInvoker.invokeMethod(TestInvoker.java:664)\n\tat org.testng.internal.invokers.TestInvoker.invokeTestMethod(TestInvoker.java:227)\n\tat org.testng.internal.invokers.MethodRunner.runInSequence(MethodRunner.java:50)\n\tat org.testng.internal.invokers.TestInvoker$MethodInvocationAgent.invoke(TestInvoker.java:957)\n\tat org.testng.internal.invokers.TestInvoker.invokeTestMethods(TestInvoker.java:200)\n\tat org.testng.internal.invokers.TestMethodWorker.invokeTestMethods(TestMethodWorker.java:148)\n\tat org.testng.internal.invokers.TestMethodWorker.run(TestMethodWorker.java:128)\n\tat java.base/java.util.concurrent.ThreadPoolExecutor.runWorker(ThreadPoolExecutor.java:1136)\n\tat java.base/java.util.concurrent.ThreadPoolExecutor$Worker.run(ThreadPoolExecutor.java:635)\n\tat java.base/java.lang.Thread.run(Thread.java:840)\n","steps":[],"attachments":[],"parameters":[{"name":"field","value":"AUTHOR"},{"name":"expectedValue","value":"Richard E. Silverman"}],"shouldDisplayMessage":true,"stepsCount":0,"attachmentsCount":0,"hasContent":true,"attachmentStep":false}],"attachments":[{"uid":"1735f1a62865aa95","name":"Page screenshot sample.automation.tests.ui.ViewBooksTest_demo_002_2024-08-12_06-19-40","source":"1735f1a62865aa95.png","type":"image/png","size":16248}],"parameters":[],"shouldDisplayMessage":true,"stepsCount":6,"attachmentsCount":1,"hasContent":true,"attachmentStep":false},"afterStages":[{"name":"logAfterMethod","time":{"start":1723443580758,"stop":1723443580759,"duration":1},"description":"","status":"passed","steps":[],"attachments":[],"parameters":[],"shouldDisplayMessage":false,"stepsCount":0,"attachmentsCount":0,"hasContent":false,"attachmentStep":false},{"name":"checkConsoleErrors","time":{"start":1723443620848,"stop":1723443620852,"duration":4},"description":"","status":"broken","statusMessage":"There are unexpected errors in the browser console!\nSEVERE https://cdn-ima.33across.com/ob.js 0:17306 \"33Across Lexicon ID Mappings Provider: PID not found\"\nSEVERE https://cdn.ad.plus/player/adplus.js 426:309 Uncaught TypeError: c(...).setup is not a function\nSEVERE https://cdn.ad.plus/player/adplus.js 426:309 Uncaught TypeError: c(...).setup is not a function\nWARNING https://securepubads.g.doubleclick.net/pagead/managed/js/gpt/m202408060101/pubads_impl.js 31:329093 \"[GPT] Interstitial /21849154601,22343295815/Ad.Plus-300x250 not requested: Format already created on the page.\\nhttps://goo.gle/gpt-message#134\"\nWARNING https://securepubads.g.doubleclick.net/pagead/managed/js/gpt/m202408060101/pubads_impl.js 31:329093 \"[GPT] Interstitial /21849154601,22343295815/Ad.Plus-300x250 not requested: Format already created on the page.\\nhttps://goo.gle/gpt-message#134\"\nWARNING https://securepubads.g.doubleclick.net/pagead/managed/js/gpt/m202408060101/pubads_impl.js 31:329093 \"[GPT] Interstitial /21849154601,22343295815/Ad.Plus-300x250 not requested: Format already created on the page.\\nhttps://goo.gle/gpt-message#134\"\nWARNING https://securepubads.g.doubleclick.net/pagead/managed/js/gpt/m202408060101/pubads_impl.js 31:329093 \"[GPT] Interstitial /21849154601,22343295815/Ad.Plus-300x250 not requested: Format already created on the page.\\nhttps://goo.gle/gpt-message#134\"\nSEVERE https://cdn.ad.plus/player/adplus.js 426:309 Uncaught TypeError: c(...).setup is not a function\nSEVERE https://demoqa.com/bundle.js 62:82411 ReferenceError: props is not defined\n    at t.value (https://demoqa.com/bundle.js:95:336442)\n    at Li (https://demoqa.com/bundle.js:63:69906)\n    at Fi (https://demoqa.com/bundle.js:63:69701)\n    at vl (https://demoqa.com/bundle.js:63:105445)\n    at us (https://demoqa.com/bundle.js:63:96694)\n    at ls (https://demoqa.com/bundle.js:63:96619)\n    at Zl (https://demoqa.com/bundle.js:63:93700)\n    at https://demoqa.com/bundle.js:63:45362\n    at t.unstable_runWithPriority (https://demoqa.com/bundle.js:71:3844)\n    at Ha (https://demoqa.com/bundle.js:63:45071)\nWARNING https://securepubads.g.doubleclick.net/pagead/managed/js/gpt/m202408060101/pubads_impl.js 31:329093 \"[GPT] Interstitial /21849154601,22343295815/Ad.Plus-300x250 not requested: Format already created on the page.\\nhttps://goo.gle/gpt-message#134\"\nWARNING https://securepubads.g.doubleclick.net/pagead/managed/js/gpt/m202408060101/pubads_impl.js 31:329093 \"[GPT] Interstitial /21849154601,22343295815/Ad.Plus-300x250 not requested: Format already created on the page.\\nhttps://goo.gle/gpt-message#134\"\nWARNING https://securepubads.g.doubleclick.net/pagead/managed/js/gpt/m202408060101/pubads_impl.js 31:329093 \"[GPT] Interstitial /21849154601,22343295815/Ad.Plus-300x250 not requested: Format already created on the page.\\nhttps://goo.gle/gpt-message#134\"\nWARNING https://securepubads.g.doubleclick.net/pagead/managed/js/gpt/m202408060101/pubads_impl.js 31:329093 \"[GPT] Interstitial /21849154601,22343295815/Ad.Plus-300x250 not requested: Format already created on the page.\\nhttps://goo.gle/gpt-message#134\"\nSEVERE https://cdn.ad.plus/player/adplus.js 426:309 Uncaught TypeError: c(...).setup is not a function\nWARNING https://securepubads.g.doubleclick.net/pagead/managed/js/gpt/m202408060101/pubads_impl.js 31:329093 \"[GPT] Interstitial /21849154601,22343295815/Ad.Plus-300x250 not requested: Format already created on the page.\\nhttps://goo.gle/gpt-message#134\"\nWARNING https://securepubads.g.doubleclick.net/pagead/managed/js/gpt/m202408060101/pubads_impl.js 31:329093 \"[GPT] Interstitial /21849154601,22343295815/Ad.Plus-300x250 not requested: Format already created on the page.\\nhttps://goo.gle/gpt-message#134\"\nWARNING https://securepubads.g.doubleclick.net/pagead/managed/js/gpt/m202408060101/pubads_impl.js 31:329093 \"[GPT] Interstitial /21849154601,22343295815/Ad.Plus-300x250 not requested: Format already created on the page.\\nhttps://goo.gle/gpt-message#134\"\nWARNING https://securepubads.g.doubleclick.net/pagead/managed/js/gpt/m202408060101/pubads_impl.js 31:329093 \"[GPT] Interstitial /21849154601,22343295815/Ad.Plus-300x250 not requested: Format already created on the page.\\nhttps://goo.gle/gpt-message#134\"\nSEVERE https://cdn.ad.plus/player/adplus.js 426:309 Uncaught TypeError: c(...).setup is not a function\nWARNING https://securepubads.g.doubleclick.net/pagead/managed/js/gpt/m202408060101/pubads_impl.js 31:329093 \"[GPT] Interstitial /21849154601,22343295815/Ad.Plus-300x250 not requested: Format already created on the page.\\nhttps://goo.gle/gpt-message#134\"\nSEVERE https://demoqa.com/bundle.js 62:82411 ReferenceError: props is not defined\n    at t.value (https://demoqa.com/bundle.js:95:336442)\n    at Li (https://demoqa.com/bundle.js:63:69906)\n    at Fi (https://demoqa.com/bundle.js:63:69701)\n    at vl (https://demoqa.com/bundle.js:63:105445)\n    at us (https://demoqa.com/bundle.js:63:96694)\n    at ls (https://demoqa.com/bundle.js:63:96619)\n    at Zl (https://demoqa.com/bundle.js:63:93700)\n    at https://demoqa.com/bundle.js:63:45362\n    at t.unstable_runWithPriority (https://demoqa.com/bundle.js:71:3844)\n    at Ha (https://demoqa.com/bundle.js:63:45071)\nWARNING https://securepubads.g.doubleclick.net/pagead/managed/js/gpt/m202408060101/pubads_impl.js 31:329093 \"[GPT] Interstitial /21849154601,22343295815/Ad.Plus-300x250 not requested: Format already created on the page.\\nhttps://goo.gle/gpt-message#134\"\nWARNING https://securepubads.g.doubleclick.net/pagead/managed/js/gpt/m202408060101/pubads_impl.js 31:329093 \"[GPT] Interstitial /21849154601,22343295815/Ad.Plus-300x250 not requested: Format already created on the page.\\nhttps://goo.gle/gpt-message#134\"\nWARNING https://securepubads.g.doubleclick.net/pagead/managed/js/gpt/m202408060101/pubads_impl.js 31:329093 \"[GPT] Interstitial /21849154601,22343295815/Ad.Plus-300x250 not requested: Format already created on the page.\\nhttps://goo.gle/gpt-message#134\"","statusTrace":"sample.automation.utils.ConsoleErrorException: There are unexpected errors in the browser console!\nSEVERE https://cdn-ima.33across.com/ob.js 0:17306 \"33Across Lexicon ID Mappings Provider: PID not found\"\nSEVERE https://cdn.ad.plus/player/adplus.js 426:309 Uncaught TypeError: c(...).setup is not a function\nSEVERE https://cdn.ad.plus/player/adplus.js 426:309 Uncaught TypeError: c(...).setup is not a function\nWARNING https://securepubads.g.doubleclick.net/pagead/managed/js/gpt/m202408060101/pubads_impl.js 31:329093 \"[GPT] Interstitial /21849154601,22343295815/Ad.Plus-300x250 not requested: Format already created on the page.\\nhttps://goo.gle/gpt-message#134\"\nWARNING https://securepubads.g.doubleclick.net/pagead/managed/js/gpt/m202408060101/pubads_impl.js 31:329093 \"[GPT] Interstitial /21849154601,22343295815/Ad.Plus-300x250 not requested: Format already created on the page.\\nhttps://goo.gle/gpt-message#134\"\nWARNING https://securepubads.g.doubleclick.net/pagead/managed/js/gpt/m202408060101/pubads_impl.js 31:329093 \"[GPT] Interstitial /21849154601,22343295815/Ad.Plus-300x250 not requested: Format already created on the page.\\nhttps://goo.gle/gpt-message#134\"\nWARNING https://securepubads.g.doubleclick.net/pagead/managed/js/gpt/m202408060101/pubads_impl.js 31:329093 \"[GPT] Interstitial /21849154601,22343295815/Ad.Plus-300x250 not requested: Format already created on the page.\\nhttps://goo.gle/gpt-message#134\"\nSEVERE https://cdn.ad.plus/player/adplus.js 426:309 Uncaught TypeError: c(...).setup is not a function\nSEVERE https://demoqa.com/bundle.js 62:82411 ReferenceError: props is not defined\n    at t.value (https://demoqa.com/bundle.js:95:336442)\n    at Li (https://demoqa.com/bundle.js:63:69906)\n    at Fi (https://demoqa.com/bundle.js:63:69701)\n    at vl (https://demoqa.com/bundle.js:63:105445)\n    at us (https://demoqa.com/bundle.js:63:96694)\n    at ls (https://demoqa.com/bundle.js:63:96619)\n    at Zl (https://demoqa.com/bundle.js:63:93700)\n    at https://demoqa.com/bundle.js:63:45362\n    at t.unstable_runWithPriority (https://demoqa.com/bundle.js:71:3844)\n    at Ha (https://demoqa.com/bundle.js:63:45071)\nWARNING https://securepubads.g.doubleclick.net/pagead/managed/js/gpt/m202408060101/pubads_impl.js 31:329093 \"[GPT] Interstitial /21849154601,22343295815/Ad.Plus-300x250 not requested: Format already created on the page.\\nhttps://goo.gle/gpt-message#134\"\nWARNING https://securepubads.g.doubleclick.net/pagead/managed/js/gpt/m202408060101/pubads_impl.js 31:329093 \"[GPT] Interstitial /21849154601,22343295815/Ad.Plus-300x250 not requested: Format already created on the page.\\nhttps://goo.gle/gpt-message#134\"\nWARNING https://securepubads.g.doubleclick.net/pagead/managed/js/gpt/m202408060101/pubads_impl.js 31:329093 \"[GPT] Interstitial /21849154601,22343295815/Ad.Plus-300x250 not requested: Format already created on the page.\\nhttps://goo.gle/gpt-message#134\"\nWARNING https://securepubads.g.doubleclick.net/pagead/managed/js/gpt/m202408060101/pubads_impl.js 31:329093 \"[GPT] Interstitial /21849154601,22343295815/Ad.Plus-300x250 not requested: Format already created on the page.\\nhttps://goo.gle/gpt-message#134\"\nSEVERE https://cdn.ad.plus/player/adplus.js 426:309 Uncaught TypeError: c(...).setup is not a function\nWARNING https://securepubads.g.doubleclick.net/pagead/managed/js/gpt/m202408060101/pubads_impl.js 31:329093 \"[GPT] Interstitial /21849154601,22343295815/Ad.Plus-300x250 not requested: Format already created on the page.\\nhttps://goo.gle/gpt-message#134\"\nWARNING https://securepubads.g.doubleclick.net/pagead/managed/js/gpt/m202408060101/pubads_impl.js 31:329093 \"[GPT] Interstitial /21849154601,22343295815/Ad.Plus-300x250 not requested: Format already created on the page.\\nhttps://goo.gle/gpt-message#134\"\nWARNING https://securepubads.g.doubleclick.net/pagead/managed/js/gpt/m202408060101/pubads_impl.js 31:329093 \"[GPT] Interstitial /21849154601,22343295815/Ad.Plus-300x250 not requested: Format already created on the page.\\nhttps://goo.gle/gpt-message#134\"\nWARNING https://securepubads.g.doubleclick.net/pagead/managed/js/gpt/m202408060101/pubads_impl.js 31:329093 \"[GPT] Interstitial /21849154601,22343295815/Ad.Plus-300x250 not requested: Format already created on the page.\\nhttps://goo.gle/gpt-message#134\"\nSEVERE https://cdn.ad.plus/player/adplus.js 426:309 Uncaught TypeError: c(...).setup is not a function\nWARNING https://securepubads.g.doubleclick.net/pagead/managed/js/gpt/m202408060101/pubads_impl.js 31:329093 \"[GPT] Interstitial /21849154601,22343295815/Ad.Plus-300x250 not requested: Format already created on the page.\\nhttps://goo.gle/gpt-message#134\"\nSEVERE https://demoqa.com/bundle.js 62:82411 ReferenceError: props is not defined\n    at t.value (https://demoqa.com/bundle.js:95:336442)\n    at Li (https://demoqa.com/bundle.js:63:69906)\n    at Fi (https://demoqa.com/bundle.js:63:69701)\n    at vl (https://demoqa.com/bundle.js:63:105445)\n    at us (https://demoqa.com/bundle.js:63:96694)\n    at ls (https://demoqa.com/bundle.js:63:96619)\n    at Zl (https://demoqa.com/bundle.js:63:93700)\n    at https://demoqa.com/bundle.js:63:45362\n    at t.unstable_runWithPriority (https://demoqa.com/bundle.js:71:3844)\n    at Ha (https://demoqa.com/bundle.js:63:45071)\nWARNING https://securepubads.g.doubleclick.net/pagead/managed/js/gpt/m202408060101/pubads_impl.js 31:329093 \"[GPT] Interstitial /21849154601,22343295815/Ad.Plus-300x250 not requested: Format already created on the page.\\nhttps://goo.gle/gpt-message#134\"\nWARNING https://securepubads.g.doubleclick.net/pagead/managed/js/gpt/m202408060101/pubads_impl.js 31:329093 \"[GPT] Interstitial /21849154601,22343295815/Ad.Plus-300x250 not requested: Format already created on the page.\\nhttps://goo.gle/gpt-message#134\"\nWARNING https://securepubads.g.doubleclick.net/pagead/managed/js/gpt/m202408060101/pubads_impl.js 31:329093 \"[GPT] Interstitial /21849154601,22343295815/Ad.Plus-300x250 not requested: Format already created on the page.\\nhttps://goo.gle/gpt-message#134\"\n\tat sample.automation.webdriver.WebDriverSteps.checkErrorsInConsole(WebDriverSteps.java:229)\n\tat sample.automation.webdriver.WebDriverSteps.checkUnexpectedErrorsInConsole(WebDriverSteps.java:210)\n\tat sample.automation.testng.BaseTest.checkConsoleErrors(BaseTest.java:67)\n\tat java.base/jdk.internal.reflect.NativeMethodAccessorImpl.invoke0(Native Method)\n\tat java.base/jdk.internal.reflect.NativeMethodAccessorImpl.invoke(NativeMethodAccessorImpl.java:77)\n\tat java.base/jdk.internal.reflect.DelegatingMethodAccessorImpl.invoke(DelegatingMethodAccessorImpl.java:43)\n\tat java.base/java.lang.reflect.Method.invoke(Method.java:569)\n\tat org.testng.internal.invokers.MethodInvocationHelper.invokeMethod(MethodInvocationHelper.java:139)\n\tat org.testng.internal.invokers.MethodInvocationHelper.invokeMethodConsideringTimeout(MethodInvocationHelper.java:69)\n\tat org.testng.internal.invokers.ConfigInvoker.invokeConfigurationMethod(ConfigInvoker.java:390)\n\tat org.testng.internal.invokers.ConfigInvoker.invokeConfigurations(ConfigInvoker.java:325)\n\tat org.testng.internal.invokers.TestMethodWorker.invokeAfterClassConfigurations(TestMethodWorker.java:229)\n\tat org.testng.internal.invokers.TestMethodWorker.invokeAfterClassMethods(TestMethodWorker.java:215)\n\tat org.testng.internal.invokers.TestMethodWorker.run(TestMethodWorker.java:131)\n\tat java.base/java.util.concurrent.ThreadPoolExecutor.runWorker(ThreadPoolExecutor.java:1136)\n\tat java.base/java.util.concurrent.ThreadPoolExecutor$Worker.run(ThreadPoolExecutor.java:635)\n\tat java.base/java.lang.Thread.run(Thread.java:840)\n","steps":[{"name":"checkUnexpectedErrorsInConsole","time":{"start":1723443620848,"stop":1723443620852,"duration":4},"status":"broken","statusMessage":"There are unexpected errors in the browser console!\nSEVERE https://cdn-ima.33across.com/ob.js 0:17306 \"33Across Lexicon ID Mappings Provider: PID not found\"\nSEVERE https://cdn.ad.plus/player/adplus.js 426:309 Uncaught TypeError: c(...).setup is not a function\nSEVERE https://cdn.ad.plus/player/adplus.js 426:309 Uncaught TypeError: c(...).setup is not a function\nWARNING https://securepubads.g.doubleclick.net/pagead/managed/js/gpt/m202408060101/pubads_impl.js 31:329093 \"[GPT] Interstitial /21849154601,22343295815/Ad.Plus-300x250 not requested: Format already created on the page.\\nhttps://goo.gle/gpt-message#134\"\nWARNING https://securepubads.g.doubleclick.net/pagead/managed/js/gpt/m202408060101/pubads_impl.js 31:329093 \"[GPT] Interstitial /21849154601,22343295815/Ad.Plus-300x250 not requested: Format already created on the page.\\nhttps://goo.gle/gpt-message#134\"\nWARNING https://securepubads.g.doubleclick.net/pagead/managed/js/gpt/m202408060101/pubads_impl.js 31:329093 \"[GPT] Interstitial /21849154601,22343295815/Ad.Plus-300x250 not requested: Format already created on the page.\\nhttps://goo.gle/gpt-message#134\"\nWARNING https://securepubads.g.doubleclick.net/pagead/managed/js/gpt/m202408060101/pubads_impl.js 31:329093 \"[GPT] Interstitial /21849154601,22343295815/Ad.Plus-300x250 not requested: Format already created on the page.\\nhttps://goo.gle/gpt-message#134\"\nSEVERE https://cdn.ad.plus/player/adplus.js 426:309 Uncaught TypeError: c(...).setup is not a function\nSEVERE https://demoqa.com/bundle.js 62:82411 ReferenceError: props is not defined\n    at t.value (https://demoqa.com/bundle.js:95:336442)\n    at Li (https://demoqa.com/bundle.js:63:69906)\n    at Fi (https://demoqa.com/bundle.js:63:69701)\n    at vl (https://demoqa.com/bundle.js:63:105445)\n    at us (https://demoqa.com/bundle.js:63:96694)\n    at ls (https://demoqa.com/bundle.js:63:96619)\n    at Zl (https://demoqa.com/bundle.js:63:93700)\n    at https://demoqa.com/bundle.js:63:45362\n    at t.unstable_runWithPriority (https://demoqa.com/bundle.js:71:3844)\n    at Ha (https://demoqa.com/bundle.js:63:45071)\nWARNING https://securepubads.g.doubleclick.net/pagead/managed/js/gpt/m202408060101/pubads_impl.js 31:329093 \"[GPT] Interstitial /21849154601,22343295815/Ad.Plus-300x250 not requested: Format already created on the page.\\nhttps://goo.gle/gpt-message#134\"\nWARNING https://securepubads.g.doubleclick.net/pagead/managed/js/gpt/m202408060101/pubads_impl.js 31:329093 \"[GPT] Interstitial /21849154601,22343295815/Ad.Plus-300x250 not requested: Format already created on the page.\\nhttps://goo.gle/gpt-message#134\"\nWARNING https://securepubads.g.doubleclick.net/pagead/managed/js/gpt/m202408060101/pubads_impl.js 31:329093 \"[GPT] Interstitial /21849154601,22343295815/Ad.Plus-300x250 not requested: Format already created on the page.\\nhttps://goo.gle/gpt-message#134\"\nWARNING https://securepubads.g.doubleclick.net/pagead/managed/js/gpt/m202408060101/pubads_impl.js 31:329093 \"[GPT] Interstitial /21849154601,22343295815/Ad.Plus-300x250 not requested: Format already created on the page.\\nhttps://goo.gle/gpt-message#134\"\nSEVERE https://cdn.ad.plus/player/adplus.js 426:309 Uncaught TypeError: c(...).setup is not a function\nWARNING https://securepubads.g.doubleclick.net/pagead/managed/js/gpt/m202408060101/pubads_impl.js 31:329093 \"[GPT] Interstitial /21849154601,22343295815/Ad.Plus-300x250 not requested: Format already created on the page.\\nhttps://goo.gle/gpt-message#134\"\nWARNING https://securepubads.g.doubleclick.net/pagead/managed/js/gpt/m202408060101/pubads_impl.js 31:329093 \"[GPT] Interstitial /21849154601,22343295815/Ad.Plus-300x250 not requested: Format already created on the page.\\nhttps://goo.gle/gpt-message#134\"\nWARNING https://securepubads.g.doubleclick.net/pagead/managed/js/gpt/m202408060101/pubads_impl.js 31:329093 \"[GPT] Interstitial /21849154601,22343295815/Ad.Plus-300x250 not requested: Format already created on the page.\\nhttps://goo.gle/gpt-message#134\"\nWARNING https://securepubads.g.doubleclick.net/pagead/managed/js/gpt/m202408060101/pubads_impl.js 31:329093 \"[GPT] Interstitial /21849154601,22343295815/Ad.Plus-300x250 not requested: Format already created on the page.\\nhttps://goo.gle/gpt-message#134\"\nSEVERE https://cdn.ad.plus/player/adplus.js 426:309 Uncaught TypeError: c(...).setup is not a function\nWARNING https://securepubads.g.doubleclick.net/pagead/managed/js/gpt/m202408060101/pubads_impl.js 31:329093 \"[GPT] Interstitial /21849154601,22343295815/Ad.Plus-300x250 not requested: Format already created on the page.\\nhttps://goo.gle/gpt-message#134\"\nSEVERE https://demoqa.com/bundle.js 62:82411 ReferenceError: props is not defined\n    at t.value (https://demoqa.com/bundle.js:95:336442)\n    at Li (https://demoqa.com/bundle.js:63:69906)\n    at Fi (https://demoqa.com/bundle.js:63:69701)\n    at vl (https://demoqa.com/bundle.js:63:105445)\n    at us (https://demoqa.com/bundle.js:63:96694)\n    at ls (https://demoqa.com/bundle.js:63:96619)\n    at Zl (https://demoqa.com/bundle.js:63:93700)\n    at https://demoqa.com/bundle.js:63:45362\n    at t.unstable_runWithPriority (https://demoqa.com/bundle.js:71:3844)\n    at Ha (https://demoqa.com/bundle.js:63:45071)\nWARNING https://securepubads.g.doubleclick.net/pagead/managed/js/gpt/m202408060101/pubads_impl.js 31:329093 \"[GPT] Interstitial /21849154601,22343295815/Ad.Plus-300x250 not requested: Format already created on the page.\\nhttps://goo.gle/gpt-message#134\"\nWARNING https://securepubads.g.doubleclick.net/pagead/managed/js/gpt/m202408060101/pubads_impl.js 31:329093 \"[GPT] Interstitial /21849154601,22343295815/Ad.Plus-300x250 not requested: Format already created on the page.\\nhttps://goo.gle/gpt-message#134\"\nWARNING https://securepubads.g.doubleclick.net/pagead/managed/js/gpt/m202408060101/pubads_impl.js 31:329093 \"[GPT] Interstitial /21849154601,22343295815/Ad.Plus-300x250 not requested: Format already created on the page.\\nhttps://goo.gle/gpt-message#134\"","statusTrace":"sample.automation.utils.ConsoleErrorException: There are unexpected errors in the browser console!\nSEVERE https://cdn-ima.33across.com/ob.js 0:17306 \"33Across Lexicon ID Mappings Provider: PID not found\"\nSEVERE https://cdn.ad.plus/player/adplus.js 426:309 Uncaught TypeError: c(...).setup is not a function\nSEVERE https://cdn.ad.plus/player/adplus.js 426:309 Uncaught TypeError: c(...).setup is not a function\nWARNING https://securepubads.g.doubleclick.net/pagead/managed/js/gpt/m202408060101/pubads_impl.js 31:329093 \"[GPT] Interstitial /21849154601,22343295815/Ad.Plus-300x250 not requested: Format already created on the page.\\nhttps://goo.gle/gpt-message#134\"\nWARNING https://securepubads.g.doubleclick.net/pagead/managed/js/gpt/m202408060101/pubads_impl.js 31:329093 \"[GPT] Interstitial /21849154601,22343295815/Ad.Plus-300x250 not requested: Format already created on the page.\\nhttps://goo.gle/gpt-message#134\"\nWARNING https://securepubads.g.doubleclick.net/pagead/managed/js/gpt/m202408060101/pubads_impl.js 31:329093 \"[GPT] Interstitial /21849154601,22343295815/Ad.Plus-300x250 not requested: Format already created on the page.\\nhttps://goo.gle/gpt-message#134\"\nWARNING https://securepubads.g.doubleclick.net/pagead/managed/js/gpt/m202408060101/pubads_impl.js 31:329093 \"[GPT] Interstitial /21849154601,22343295815/Ad.Plus-300x250 not requested: Format already created on the page.\\nhttps://goo.gle/gpt-message#134\"\nSEVERE https://cdn.ad.plus/player/adplus.js 426:309 Uncaught TypeError: c(...).setup is not a function\nSEVERE https://demoqa.com/bundle.js 62:82411 ReferenceError: props is not defined\n    at t.value (https://demoqa.com/bundle.js:95:336442)\n    at Li (https://demoqa.com/bundle.js:63:69906)\n    at Fi (https://demoqa.com/bundle.js:63:69701)\n    at vl (https://demoqa.com/bundle.js:63:105445)\n    at us (https://demoqa.com/bundle.js:63:96694)\n    at ls (https://demoqa.com/bundle.js:63:96619)\n    at Zl (https://demoqa.com/bundle.js:63:93700)\n    at https://demoqa.com/bundle.js:63:45362\n    at t.unstable_runWithPriority (https://demoqa.com/bundle.js:71:3844)\n    at Ha (https://demoqa.com/bundle.js:63:45071)\nWARNING https://securepubads.g.doubleclick.net/pagead/managed/js/gpt/m202408060101/pubads_impl.js 31:329093 \"[GPT] Interstitial /21849154601,22343295815/Ad.Plus-300x250 not requested: Format already created on the page.\\nhttps://goo.gle/gpt-message#134\"\nWARNING https://securepubads.g.doubleclick.net/pagead/managed/js/gpt/m202408060101/pubads_impl.js 31:329093 \"[GPT] Interstitial /21849154601,22343295815/Ad.Plus-300x250 not requested: Format already created on the page.\\nhttps://goo.gle/gpt-message#134\"\nWARNING https://securepubads.g.doubleclick.net/pagead/managed/js/gpt/m202408060101/pubads_impl.js 31:329093 \"[GPT] Interstitial /21849154601,22343295815/Ad.Plus-300x250 not requested: Format already created on the page.\\nhttps://goo.gle/gpt-message#134\"\nWARNING https://securepubads.g.doubleclick.net/pagead/managed/js/gpt/m202408060101/pubads_impl.js 31:329093 \"[GPT] Interstitial /21849154601,22343295815/Ad.Plus-300x250 not requested: Format already created on the page.\\nhttps://goo.gle/gpt-message#134\"\nSEVERE https://cdn.ad.plus/player/adplus.js 426:309 Uncaught TypeError: c(...).setup is not a function\nWARNING https://securepubads.g.doubleclick.net/pagead/managed/js/gpt/m202408060101/pubads_impl.js 31:329093 \"[GPT] Interstitial /21849154601,22343295815/Ad.Plus-300x250 not requested: Format already created on the page.\\nhttps://goo.gle/gpt-message#134\"\nWARNING https://securepubads.g.doubleclick.net/pagead/managed/js/gpt/m202408060101/pubads_impl.js 31:329093 \"[GPT] Interstitial /21849154601,22343295815/Ad.Plus-300x250 not requested: Format already created on the page.\\nhttps://goo.gle/gpt-message#134\"\nWARNING https://securepubads.g.doubleclick.net/pagead/managed/js/gpt/m202408060101/pubads_impl.js 31:329093 \"[GPT] Interstitial /21849154601,22343295815/Ad.Plus-300x250 not requested: Format already created on the page.\\nhttps://goo.gle/gpt-message#134\"\nWARNING https://securepubads.g.doubleclick.net/pagead/managed/js/gpt/m202408060101/pubads_impl.js 31:329093 \"[GPT] Interstitial /21849154601,22343295815/Ad.Plus-300x250 not requested: Format already created on the page.\\nhttps://goo.gle/gpt-message#134\"\nSEVERE https://cdn.ad.plus/player/adplus.js 426:309 Uncaught TypeError: c(...).setup is not a function\nWARNING https://securepubads.g.doubleclick.net/pagead/managed/js/gpt/m202408060101/pubads_impl.js 31:329093 \"[GPT] Interstitial /21849154601,22343295815/Ad.Plus-300x250 not requested: Format already created on the page.\\nhttps://goo.gle/gpt-message#134\"\nSEVERE https://demoqa.com/bundle.js 62:82411 ReferenceError: props is not defined\n    at t.value (https://demoqa.com/bundle.js:95:336442)\n    at Li (https://demoqa.com/bundle.js:63:69906)\n    at Fi (https://demoqa.com/bundle.js:63:69701)\n    at vl (https://demoqa.com/bundle.js:63:105445)\n    at us (https://demoqa.com/bundle.js:63:96694)\n    at ls (https://demoqa.com/bundle.js:63:96619)\n    at Zl (https://demoqa.com/bundle.js:63:93700)\n    at https://demoqa.com/bundle.js:63:45362\n    at t.unstable_runWithPriority (https://demoqa.com/bundle.js:71:3844)\n    at Ha (https://demoqa.com/bundle.js:63:45071)\nWARNING https://securepubads.g.doubleclick.net/pagead/managed/js/gpt/m202408060101/pubads_impl.js 31:329093 \"[GPT] Interstitial /21849154601,22343295815/Ad.Plus-300x250 not requested: Format already created on the page.\\nhttps://goo.gle/gpt-message#134\"\nWARNING https://securepubads.g.doubleclick.net/pagead/managed/js/gpt/m202408060101/pubads_impl.js 31:329093 \"[GPT] Interstitial /21849154601,22343295815/Ad.Plus-300x250 not requested: Format already created on the page.\\nhttps://goo.gle/gpt-message#134\"\nWARNING https://securepubads.g.doubleclick.net/pagead/managed/js/gpt/m202408060101/pubads_impl.js 31:329093 \"[GPT] Interstitial /21849154601,22343295815/Ad.Plus-300x250 not requested: Format already created on the page.\\nhttps://goo.gle/gpt-message#134\"\n\tat sample.automation.webdriver.WebDriverSteps.checkErrorsInConsole(WebDriverSteps.java:229)\n\tat sample.automation.webdriver.WebDriverSteps.checkUnexpectedErrorsInConsole(WebDriverSteps.java:210)\n\tat sample.automation.testng.BaseTest.checkConsoleErrors(BaseTest.java:67)\n\tat java.base/jdk.internal.reflect.NativeMethodAccessorImpl.invoke0(Native Method)\n\tat java.base/jdk.internal.reflect.NativeMethodAccessorImpl.invoke(NativeMethodAccessorImpl.java:77)\n\tat java.base/jdk.internal.reflect.DelegatingMethodAccessorImpl.invoke(DelegatingMethodAccessorImpl.java:43)\n\tat java.base/java.lang.reflect.Method.invoke(Method.java:569)\n\tat org.testng.internal.invokers.MethodInvocationHelper.invokeMethod(MethodInvocationHelper.java:139)\n\tat org.testng.internal.invokers.MethodInvocationHelper.invokeMethodConsideringTimeout(MethodInvocationHelper.java:69)\n\tat org.testng.internal.invokers.ConfigInvoker.invokeConfigurationMethod(ConfigInvoker.java:390)\n\tat org.testng.internal.invokers.ConfigInvoker.invokeConfigurations(ConfigInvoker.java:325)\n\tat org.testng.internal.invokers.TestMethodWorker.invokeAfterClassConfigurations(TestMethodWorker.java:229)\n\tat org.testng.internal.invokers.TestMethodWorker.invokeAfterClassMethods(TestMethodWorker.java:215)\n\tat org.testng.internal.invokers.TestMethodWorker.run(TestMethodWorker.java:131)\n\tat java.base/java.util.concurrent.ThreadPoolExecutor.runWorker(ThreadPoolExecutor.java:1136)\n\tat java.base/java.util.concurrent.ThreadPoolExecutor$Worker.run(ThreadPoolExecutor.java:635)\n\tat java.base/java.lang.Thread.run(Thread.java:840)\n","steps":[],"attachments":[{"uid":"9429e75830bc5768","name":"There are unexpected errors in the browser console!\nSEVERE https://cdn-ima.33across.com/ob.js 0:17306 \"33Across Lexicon ID Mappings Provider: PID not found\"\nSEVERE https://cdn.ad.plus/player/adplus.js 426:309 Uncaught TypeError: c(...).setup is not a function\nSEVERE https://cdn.ad.plus/player/adplus.js 426:309 Uncaught TypeError: c(...).setup is not a function\nWARNING https://securepubads.g.doubleclick.net/pagead/managed/js/gpt/m202408060101/pubads_impl.js 31:329093 \"[GPT] Interstitial /21849154601,22343295815/Ad.Plus-300x250 not requested: Format already created on the page.\\nhttps://goo.gle/gpt-message#134\"\nWARNING https://securepubads.g.doubleclick.net/pagead/managed/js/gpt/m202408060101/pubads_impl.js 31:329093 \"[GPT] Interstitial /21849154601,22343295815/Ad.Plus-300x250 not requested: Format already created on the page.\\nhttps://goo.gle/gpt-message#134\"\nWARNING https://securepubads.g.doubleclick.net/pagead/managed/js/gpt/m202408060101/pubads_impl.js 31:329093 \"[GPT] Interstitial /21849154601,22343295815/Ad.Plus-300x250 not requested: Format already created on the page.\\nhttps://goo.gle/gpt-message#134\"\nWARNING https://securepubads.g.doubleclick.net/pagead/managed/js/gpt/m202408060101/pubads_impl.js 31:329093 \"[GPT] Interstitial /21849154601,22343295815/Ad.Plus-300x250 not requested: Format already created on the page.\\nhttps://goo.gle/gpt-message#134\"\nSEVERE https://cdn.ad.plus/player/adplus.js 426:309 Uncaught TypeError: c(...).setup is not a function\nSEVERE https://demoqa.com/bundle.js 62:82411 ReferenceError: props is not defined\n    at t.value (https://demoqa.com/bundle.js:95:336442)\n    at Li (https://demoqa.com/bundle.js:63:69906)\n    at Fi (https://demoqa.com/bundle.js:63:69701)\n    at vl (https://demoqa.com/bundle.js:63:105445)\n    at us (https://demoqa.com/bundle.js:63:96694)\n    at ls (https://demoqa.com/bundle.js:63:96619)\n    at Zl (https://demoqa.com/bundle.js:63:93700)\n    at https://demoqa.com/bundle.js:63:45362\n    at t.unstable_runWithPriority (https://demoqa.com/bundle.js:71:3844)\n    at Ha (https://demoqa.com/bundle.js:63:45071)\nWARNING https://securepubads.g.doubleclick.net/pagead/managed/js/gpt/m202408060101/pubads_impl.js 31:329093 \"[GPT] Interstitial /21849154601,22343295815/Ad.Plus-300x250 not requested: Format already created on the page.\\nhttps://goo.gle/gpt-message#134\"\nWARNING https://securepubads.g.doubleclick.net/pagead/managed/js/gpt/m202408060101/pubads_impl.js 31:329093 \"[GPT] Interstitial /21849154601,22343295815/Ad.Plus-300x250 not requested: Format already created on the page.\\nhttps://goo.gle/gpt-message#134\"\nWARNING https://securepubads.g.doubleclick.net/pagead/managed/js/gpt/m202408060101/pubads_impl.js 31:329093 \"[GPT] Interstitial /21849154601,22343295815/Ad.Plus-300x250 not requested: Format already created on the page.\\nhttps://goo.gle/gpt-message#134\"\nWARNING https://securepubads.g.doubleclick.net/pagead/managed/js/gpt/m202408060101/pubads_impl.js 31:329093 \"[GPT] Interstitial /21849154601,22343295815/Ad.Plus-300x250 not requested: Format already created on the page.\\nhttps://goo.gle/gpt-message#134\"\nSEVERE https://cdn.ad.plus/player/adplus.js 426:309 Uncaught TypeError: c(...).setup is not a function\nWARNING https://securepubads.g.doubleclick.net/pagead/managed/js/gpt/m202408060101/pubads_impl.js 31:329093 \"[GPT] Interstitial /21849154601,22343295815/Ad.Plus-300x250 not requested: Format already created on the page.\\nhttps://goo.gle/gpt-message#134\"\nWARNING https://securepubads.g.doubleclick.net/pagead/managed/js/gpt/m202408060101/pubads_impl.js 31:329093 \"[GPT] Interstitial /21849154601,22343295815/Ad.Plus-300x250 not requested: Format already created on the page.\\nhttps://goo.gle/gpt-message#134\"\nWARNING https://securepubads.g.doubleclick.net/pagead/managed/js/gpt/m202408060101/pubads_impl.js 31:329093 \"[GPT] Interstitial /21849154601,22343295815/Ad.Plus-300x250 not requested: Format already created on the page.\\nhttps://goo.gle/gpt-message#134\"\nWARNING https://securepubads.g.doubleclick.net/pagead/managed/js/gpt/m202408060101/pubads_impl.js 31:329093 \"[GPT] Interstitial /21849154601,22343295815/Ad.Plus-300x250 not requested: Format already created on the page.\\nhttps://goo.gle/gpt-message#134\"\nSEVERE https://cdn.ad.plus/player/adplus.js 426:309 Uncaught TypeError: c(...).setup is not a function\nWARNING https://securepubads.g.doubleclick.net/pagead/managed/js/gpt/m202408060101/pubads_impl.js 31:329093 \"[GPT] Interstitial /21849154601,22343295815/Ad.Plus-300x250 not requested: Format already created on the page.\\nhttps://goo.gle/gpt-message#134\"\nSEVERE https://demoqa.com/bundle.js 62:82411 ReferenceError: props is not defined\n    at t.value (https://demoqa.com/bundle.js:95:336442)\n    at Li (https://demoqa.com/bundle.js:63:69906)\n    at Fi (https://demoqa.com/bundle.js:63:69701)\n    at vl (https://demoqa.com/bundle.js:63:105445)\n    at us (https://demoqa.com/bundle.js:63:96694)\n    at ls (https://demoqa.com/bundle.js:63:96619)\n    at Zl (https://demoqa.com/bundle.js:63:93700)\n    at https://demoqa.com/bundle.js:63:45362\n    at t.unstable_runWithPriority (https://demoqa.com/bundle.js:71:3844)\n    at Ha (https://demoqa.com/bundle.js:63:45071)\nWARNING https://securepubads.g.doubleclick.net/pagead/managed/js/gpt/m202408060101/pubads_impl.js 31:329093 \"[GPT] Interstitial /21849154601,22343295815/Ad.Plus-300x250 not requested: Format already created on the page.\\nhttps://goo.gle/gpt-message#134\"\nWARNING https://securepubads.g.doubleclick.net/pagead/managed/js/gpt/m202408060101/pubads_impl.js 31:329093 \"[GPT] Interstitial /21849154601,22343295815/Ad.Plus-300x250 not requested: Format already created on the page.\\nhttps://goo.gle/gpt-message#134\"\nWARNING https://securepubads.g.doubleclick.net/pagead/managed/js/gpt/m202408060101/pubads_impl.js 31:329093 \"[GPT] Interstitial /21849154601,22343295815/Ad.Plus-300x250 not requested: Format already created on the page.\\nhttps://goo.gle/gpt-message#134\"","source":"9429e75830bc5768.txt","type":"text/plain","size":5949}],"parameters":[],"shouldDisplayMessage":true,"stepsCount":0,"attachmentsCount":1,"hasContent":true,"attachmentStep":false}],"attachments":[],"parameters":[],"shouldDisplayMessage":false,"stepsCount":1,"attachmentsCount":1,"hasContent":true,"attachmentStep":false},{"name":"tearDown","time":{"start":1723443620852,"stop":1723443620968,"duration":116},"description":"","status":"passed","steps":[],"attachments":[],"parameters":[],"shouldDisplayMessage":false,"stepsCount":0,"attachmentsCount":0,"hasContent":false,"attachmentStep":false},{"name":"logAfterClass","time":{"start":1723443620969,"stop":1723443620970,"duration":1},"description":"","status":"passed","steps":[],"attachments":[],"parameters":[],"shouldDisplayMessage":false,"stepsCount":0,"attachmentsCount":0,"hasContent":false,"attachmentStep":false},{"name":"logAfterTestsSet","time":{"start":1723443620970,"stop":1723443620971,"duration":1},"description":"","status":"passed","steps":[],"attachments":[],"parameters":[],"shouldDisplayMessage":false,"stepsCount":0,"attachmentsCount":0,"hasContent":false,"attachmentStep":false}],"labels":[{"name":"package","value":"sample.automation.tests.ui.ViewBooksTest"},{"name":"testClass","value":"sample.automation.tests.ui.ViewBooksTest"},{"name":"testMethod","value":"demo_002"},{"name":"parentSuite","value":"Surefire suite"},{"name":"suite","value":"Surefire test"},{"name":"subSuite","value":"sample.automation.tests.ui.ViewBooksTest"},{"name":"host","value":"fv-az1052-776"},{"name":"thread","value":"2349@fv-az1052-776.TestNG-test=Surefire test-2(22)"},{"name":"framework","value":"testng"},{"name":"language","value":"java"},{"name":"feature","value":"Books Store"},{"name":"story","value":"Anyone can view available books in the Book Store"},{"name":"tag","value":"Smoke"},{"name":"tag","value":"BookStoreUi"},{"name":"resultFormat","value":"allure2"}],"parameters":[],"links":[],"hidden":true,"retry":true,"extra":{"categories":[],"tags":["Smoke","BookStoreUi"]},"source":"b2c42b91a07f8f96.json","parameterValues":[]}